Jan 09, 2022 8:27:21 PM edu.yu.cs.com3800.UDPMessageSender run
FINE: Message sent:
Message Type: ELECTION
Sender Host: localhost
Sender port: 8071
Receiver Host: localhost
Receiver port: 8011
Request ID: -1
Error Occurred: false
Message Contents: 
	Leader voted for: 6
	Sender server state: O
	Sender server ID: 6
	Sender peer epoch: 0
Jan 09, 2022 8:27:21 PM edu.yu.cs.com3800.UDPMessageSender run
FINE: Message sent:
Message Type: ELECTION
Sender Host: localhost
Sender port: 8071
Receiver Host: localhost
Receiver port: 8021
Request ID: -1
Error Occurred: false
Message Contents: 
	Leader voted for: 6
	Sender server state: O
	Sender server ID: 6
	Sender peer epoch: 0
Jan 09, 2022 8:27:21 PM edu.yu.cs.com3800.UDPMessageSender run
FINE: Message sent:
Message Type: ELECTION
Sender Host: localhost
Sender port: 8071
Receiver Host: localhost
Receiver port: 8031
Request ID: -1
Error Occurred: false
Message Contents: 
	Leader voted for: 6
	Sender server state: O
	Sender server ID: 6
	Sender peer epoch: 0
Jan 09, 2022 8:27:21 PM edu.yu.cs.com3800.UDPMessageSender run
FINE: Message sent:
Message Type: ELECTION
Sender Host: localhost
Sender port: 8071
Receiver Host: localhost
Receiver port: 8041
Request ID: -1
Error Occurred: false
Message Contents: 
	Leader voted for: 6
	Sender server state: O
	Sender server ID: 6
	Sender peer epoch: 0
Jan 09, 2022 8:27:21 PM edu.yu.cs.com3800.UDPMessageSender run
FINE: Message sent:
Message Type: ELECTION
Sender Host: localhost
Sender port: 8071
Receiver Host: localhost
Receiver port: 9002
Request ID: -1
Error Occurred: false
Message Contents: 
	Leader voted for: 6
	Sender server state: O
	Sender server ID: 6
	Sender peer epoch: 0
Jan 09, 2022 8:27:21 PM edu.yu.cs.com3800.UDPMessageSender run
FINE: Message sent:
Message Type: ELECTION
Sender Host: localhost
Sender port: 8071
Receiver Host: localhost
Receiver port: 8051
Request ID: -1
Error Occurred: false
Message Contents: 
	Leader voted for: 6
	Sender server state: O
	Sender server ID: 6
	Sender peer epoch: 0
Jan 09, 2022 8:27:21 PM edu.yu.cs.com3800.UDPMessageSender run
FINE: Message sent:
Message Type: ELECTION
Sender Host: localhost
Sender port: 8071
Receiver Host: localhost
Receiver port: 8061
Request ID: -1
Error Occurred: false
Message Contents: 
	Leader voted for: 6
	Sender server state: O
	Sender server ID: 6
	Sender peer epoch: 0
Jan 09, 2022 8:27:21 PM edu.yu.cs.com3800.UDPMessageSender run
FINE: Message sent:
Message Type: ELECTION
Sender Host: localhost
Sender port: 8071
Receiver Host: localhost
Receiver port: 8081
Request ID: -1
Error Occurred: false
Message Contents: 
	Leader voted for: 6
	Sender server state: O
	Sender server ID: 6
	Sender peer epoch: 0
Jan 09, 2022 8:27:21 PM edu.yu.cs.com3800.UDPMessageSender run
FINE: Message sent:
Message Type: GOSSIP
Sender Host: localhost
Sender port: 8071
Receiver Host: localhost
Receiver port: 8021
Request ID: -1
Error Occurred: false
Message Contents: 
6-0:0/1:0/2:0/3:0/99:0/4:0/5:0/7:0/6:1/
Jan 09, 2022 8:27:21 PM edu.yu.cs.com3800.UDPMessageSender run
FINE: Message sent:
Message Type: ELECTION
Sender Host: localhost
Sender port: 8071
Receiver Host: localhost
Receiver port: 8011
Request ID: -1
Error Occurred: false
Message Contents: 
	Leader voted for: 7
	Sender server state: O
	Sender server ID: 6
	Sender peer epoch: 0
Jan 09, 2022 8:27:21 PM edu.yu.cs.com3800.UDPMessageSender run
FINE: Message sent:
Message Type: ELECTION
Sender Host: localhost
Sender port: 8071
Receiver Host: localhost
Receiver port: 8021
Request ID: -1
Error Occurred: false
Message Contents: 
	Leader voted for: 7
	Sender server state: O
	Sender server ID: 6
	Sender peer epoch: 0
Jan 09, 2022 8:27:21 PM edu.yu.cs.com3800.UDPMessageSender run
FINE: Message sent:
Message Type: ELECTION
Sender Host: localhost
Sender port: 8071
Receiver Host: localhost
Receiver port: 8031
Request ID: -1
Error Occurred: false
Message Contents: 
	Leader voted for: 7
	Sender server state: O
	Sender server ID: 6
	Sender peer epoch: 0
Jan 09, 2022 8:27:21 PM edu.yu.cs.com3800.UDPMessageSender run
FINE: Message sent:
Message Type: ELECTION
Sender Host: localhost
Sender port: 8071
Receiver Host: localhost
Receiver port: 8041
Request ID: -1
Error Occurred: false
Message Contents: 
	Leader voted for: 7
	Sender server state: O
	Sender server ID: 6
	Sender peer epoch: 0
Jan 09, 2022 8:27:21 PM edu.yu.cs.com3800.UDPMessageSender run
FINE: Message sent:
Message Type: ELECTION
Sender Host: localhost
Sender port: 8071
Receiver Host: localhost
Receiver port: 9002
Request ID: -1
Error Occurred: false
Message Contents: 
	Leader voted for: 7
	Sender server state: O
	Sender server ID: 6
	Sender peer epoch: 0
Jan 09, 2022 8:27:22 PM edu.yu.cs.com3800.UDPMessageSender run
FINE: Message sent:
Message Type: ELECTION
Sender Host: localhost
Sender port: 8071
Receiver Host: localhost
Receiver port: 8051
Request ID: -1
Error Occurred: false
Message Contents: 
	Leader voted for: 7
	Sender server state: O
	Sender server ID: 6
	Sender peer epoch: 0
Jan 09, 2022 8:27:22 PM edu.yu.cs.com3800.UDPMessageSender run
FINE: Message sent:
Message Type: ELECTION
Sender Host: localhost
Sender port: 8071
Receiver Host: localhost
Receiver port: 8061
Request ID: -1
Error Occurred: false
Message Contents: 
	Leader voted for: 7
	Sender server state: O
	Sender server ID: 6
	Sender peer epoch: 0
Jan 09, 2022 8:27:22 PM edu.yu.cs.com3800.UDPMessageSender run
FINE: Message sent:
Message Type: ELECTION
Sender Host: localhost
Sender port: 8071
Receiver Host: localhost
Receiver port: 8081
Request ID: -1
Error Occurred: false
Message Contents: 
	Leader voted for: 7
	Sender server state: O
	Sender server ID: 6
	Sender peer epoch: 0
Jan 09, 2022 8:27:24 PM edu.yu.cs.com3800.UDPMessageSender run
FINE: Message sent:
Message Type: GOSSIP
Sender Host: localhost
Sender port: 8071
Receiver Host: localhost
Receiver port: 8011
Request ID: -1
Error Occurred: false
Message Contents: 
6-0:0/1:0/2:0/3:0/99:0/4:0/5:0/7:0/6:2/
Jan 09, 2022 8:27:28 PM edu.yu.cs.com3800.UDPMessageSender run
FINE: Message sent:
Message Type: GOSSIP
Sender Host: localhost
Sender port: 8071
Receiver Host: localhost
Receiver port: 8061
Request ID: -1
Error Occurred: false
Message Contents: 
6-0:1/1:2/2:3/3:0/99:2/4:2/5:1/7:2/6:4/
Jan 09, 2022 8:27:31 PM edu.yu.cs.com3800.UDPMessageSender run
FINE: Message sent:
Message Type: GOSSIP
Sender Host: localhost
Sender port: 8071
Receiver Host: localhost
Receiver port: 8051
Request ID: -1
Error Occurred: false
Message Contents: 
6-0:1/1:2/2:3/3:0/99:2/4:2/5:1/7:2/6:5/
Jan 09, 2022 8:27:34 PM edu.yu.cs.com3800.UDPMessageSender run
FINE: Message sent:
Message Type: GOSSIP
Sender Host: localhost
Sender port: 8071
Receiver Host: localhost
Receiver port: 8061
Request ID: -1
Error Occurred: false
Message Contents: 
6-0:4/1:2/2:3/3:1/99:2/4:2/5:1/7:2/6:6/
Jan 09, 2022 8:27:37 PM edu.yu.cs.com3800.UDPMessageSender run
FINE: Message sent:
Message Type: GOSSIP
Sender Host: localhost
Sender port: 8071
Receiver Host: localhost
Receiver port: 8051
Request ID: -1
Error Occurred: false
Message Contents: 
6-0:4/1:2/2:3/3:1/99:2/4:2/5:1/7:2/6:7/
Jan 09, 2022 8:27:40 PM edu.yu.cs.com3800.UDPMessageSender run
FINE: Message sent:
Message Type: GOSSIP
Sender Host: localhost
Sender port: 8071
Receiver Host: localhost
Receiver port: 8021
Request ID: -1
Error Occurred: false
Message Contents: 
6-0:4/1:2/2:3/3:1/99:2/4:2/5:1/7:2/6:8/
Jan 09, 2022 8:27:44 PM edu.yu.cs.com3800.UDPMessageSender run
FINE: Message sent:
Message Type: GOSSIP
Sender Host: localhost
Sender port: 8071
Receiver Host: localhost
Receiver port: 9002
Request ID: -1
Error Occurred: false
Message Contents: 
6-0:4/1:7/2:4/3:4/99:5/4:6/5:1/7:8/6:9/
Jan 09, 2022 8:27:47 PM edu.yu.cs.com3800.UDPMessageSender run
FINE: Message sent:
Message Type: GOSSIP
Sender Host: localhost
Sender port: 8071
Receiver Host: localhost
Receiver port: 8041
Request ID: -1
Error Occurred: false
Message Contents: 
6-0:4/1:7/2:7/3:8/99:11/4:6/5:1/7:8/6:12/
Jan 09, 2022 8:27:50 PM edu.yu.cs.com3800.UDPMessageSender run
FINE: Message sent:
Message Type: GOSSIP
Sender Host: localhost
Sender port: 8071
Receiver Host: localhost
Receiver port: 8011
Request ID: -1
Error Occurred: false
Message Contents: 
6-0:8/1:7/2:11/3:8/99:11/4:6/5:1/7:8/6:13/
Jan 09, 2022 8:27:53 PM edu.yu.cs.com3800.UDPMessageSender run
FINE: Message sent:
Message Type: GOSSIP
Sender Host: localhost
Sender port: 8071
Receiver Host: localhost
Receiver port: 8021
Request ID: -1
Error Occurred: false
Message Contents: 
6-0:12/1:9/2:14/3:13/99:11/4:11/5:1/7:10/6:15/
Jan 09, 2022 8:27:56 PM edu.yu.cs.com3800.UDPMessageSender run
FINE: Message sent:
Message Type: GOSSIP
Sender Host: localhost
Sender port: 8071
Receiver Host: localhost
Receiver port: 8041
Request ID: -1
Error Occurred: false
Message Contents: 
6-0:12/1:14/2:14/3:13/99:11/4:11/7:10/6:16/
Jan 09, 2022 8:27:59 PM edu.yu.cs.com3800.UDPMessageSender run
FINE: Message sent:
Message Type: GOSSIP
Sender Host: localhost
Sender port: 8071
Receiver Host: localhost
Receiver port: 8061
Request ID: -1
Error Occurred: false
Message Contents: 
6-0:12/1:14/2:14/3:13/99:11/4:11/7:10/6:17/
Jan 09, 2022 8:28:03 PM edu.yu.cs.com3800.UDPMessageSender run
FINE: Message sent:
Message Type: GOSSIP
Sender Host: localhost
Sender port: 8071
Receiver Host: localhost
Receiver port: 8021
Request ID: -1
Error Occurred: false
Message Contents: 
6-0:19/1:14/2:14/3:14/99:16/4:15/7:18/6:20/
Jan 09, 2022 8:28:05 PM edu.yu.cs.com3800.UDPMessageSender run
FINE: Message sent:
Message Type: GOSSIP
Sender Host: localhost
Sender port: 8071
Receiver Host: localhost
Receiver port: 8041
Request ID: -1
Error Occurred: false
Message Contents: 
6-0:19/1:14/2:14/3:14/99:16/4:15/7:18/6:21/
Jan 09, 2022 8:28:08 PM edu.yu.cs.com3800.UDPMessageSender run
FINE: Message sent:
Message Type: GOSSIP
Sender Host: localhost
Sender port: 8071
Receiver Host: localhost
Receiver port: 8061
Request ID: -1
Error Occurred: false
Message Contents: 
6-0:20/1:21/2:17/3:19/99:19/4:18/7:19/6:22/
Jan 09, 2022 8:28:12 PM edu.yu.cs.com3800.UDPMessageSender run
FINE: Message sent:
Message Type: GOSSIP
Sender Host: localhost
Sender port: 8071
Receiver Host: localhost
Receiver port: 8061
Request ID: -1
Error Occurred: false
Message Contents: 
6-0:21/1:21/2:19/3:23/99:20/4:21/7:22/6:24/
Jan 09, 2022 8:28:14 PM edu.yu.cs.com3800.UDPMessageSender run
FINE: Message sent:
Message Type: GOSSIP
Sender Host: localhost
Sender port: 8071
Receiver Host: localhost
Receiver port: 8051
Request ID: -1
Error Occurred: false
Message Contents: 
6-0:21/1:21/2:19/3:23/99:20/4:21/7:22/6:25/
Jan 09, 2022 8:28:17 PM edu.yu.cs.com3800.UDPMessageSender run
FINE: Message sent:
Message Type: GOSSIP
Sender Host: localhost
Sender port: 8071
Receiver Host: localhost
Receiver port: 8061
Request ID: -1
Error Occurred: false
Message Contents: 
6-0:26/1:23/2:27/3:24/99:23/4:21/7:23/6:28/
Jan 09, 2022 8:28:20 PM edu.yu.cs.com3800.UDPMessageSender run
FINE: Message sent:
Message Type: GOSSIP
Sender Host: localhost
Sender port: 8071
Receiver Host: localhost
Receiver port: 8021
Request ID: -1
Error Occurred: false
Message Contents: 
6-0:26/1:23/2:27/3:24/99:23/4:21/7:23/6:29/
Jan 09, 2022 8:28:24 PM edu.yu.cs.com3800.UDPMessageSender run
FINE: Message sent:
Message Type: GOSSIP
Sender Host: localhost
Sender port: 8071
Receiver Host: localhost
Receiver port: 8021
Request ID: -1
Error Occurred: false
Message Contents: 
6-0:26/1:23/2:27/3:24/99:23/4:21/7:23/6:30/
Jan 09, 2022 8:28:26 PM edu.yu.cs.com3800.UDPMessageSender run
FINE: Message sent:
Message Type: GOSSIP
Sender Host: localhost
Sender port: 8071
Receiver Host: localhost
Receiver port: 8061
Request ID: -1
Error Occurred: false
Message Contents: 
6-0:26/1:23/2:27/3:24/99:23/4:21/7:23/6:31/
Jan 09, 2022 8:28:30 PM edu.yu.cs.com3800.UDPMessageSender run
FINE: Message sent:
Message Type: GOSSIP
Sender Host: localhost
Sender port: 8071
Receiver Host: localhost
Receiver port: 8031
Request ID: -1
Error Occurred: false
Message Contents: 
6-0:31/1:30/2:27/3:29/99:25/4:22/7:32/6:33/
Jan 09, 2022 8:28:33 PM edu.yu.cs.com3800.UDPMessageSender run
FINE: Message sent:
Message Type: GOSSIP
Sender Host: localhost
Sender port: 8071
Receiver Host: localhost
Receiver port: 8081
Request ID: -1
Error Occurred: false
Message Contents: 
6-0:31/1:30/2:30/3:29/99:32/4:31/7:32/6:34/
Jan 09, 2022 8:28:36 PM edu.yu.cs.com3800.UDPMessageSender run
FINE: Message sent:
Message Type: GOSSIP
Sender Host: localhost
Sender port: 8071
Receiver Host: localhost
Receiver port: 8041
Request ID: -1
Error Occurred: false
Message Contents: 
6-0:34/1:30/2:31/3:29/99:32/4:31/7:32/6:35/
Jan 09, 2022 8:29:51 PM edu.yu.cs.com3800.UDPMessageSender run
FINE: Message sent:
Message Type: ELECTION
Sender Host: localhost
Sender port: 8071
Receiver Host: localhost
Receiver port: 8011
Request ID: -1
Error Occurred: false
Message Contents: 
	Leader voted for: 6
	Sender server state: O
	Sender server ID: 6
	Sender peer epoch: 0
Jan 09, 2022 8:29:51 PM edu.yu.cs.com3800.UDPMessageSender run
FINE: Message sent:
Message Type: ELECTION
Sender Host: localhost
Sender port: 8071
Receiver Host: localhost
Receiver port: 8021
Request ID: -1
Error Occurred: false
Message Contents: 
	Leader voted for: 6
	Sender server state: O
	Sender server ID: 6
	Sender peer epoch: 0
Jan 09, 2022 8:29:51 PM edu.yu.cs.com3800.UDPMessageSender run
FINE: Message sent:
Message Type: ELECTION
Sender Host: localhost
Sender port: 8071
Receiver Host: localhost
Receiver port: 8031
Request ID: -1
Error Occurred: false
Message Contents: 
	Leader voted for: 6
	Sender server state: O
	Sender server ID: 6
	Sender peer epoch: 0
Jan 09, 2022 8:29:51 PM edu.yu.cs.com3800.UDPMessageSender run
FINE: Message sent:
Message Type: ELECTION
Sender Host: localhost
Sender port: 8071
Receiver Host: localhost
Receiver port: 8041
Request ID: -1
Error Occurred: false
Message Contents: 
	Leader voted for: 6
	Sender server state: O
	Sender server ID: 6
	Sender peer epoch: 0
Jan 09, 2022 8:29:51 PM edu.yu.cs.com3800.UDPMessageSender run
FINE: Message sent:
Message Type: ELECTION
Sender Host: localhost
Sender port: 8071
Receiver Host: localhost
Receiver port: 9002
Request ID: -1
Error Occurred: false
Message Contents: 
	Leader voted for: 6
	Sender server state: O
	Sender server ID: 6
	Sender peer epoch: 0
Jan 09, 2022 8:29:51 PM edu.yu.cs.com3800.UDPMessageSender run
FINE: Message sent:
Message Type: ELECTION
Sender Host: localhost
Sender port: 8071
Receiver Host: localhost
Receiver port: 8051
Request ID: -1
Error Occurred: false
Message Contents: 
	Leader voted for: 6
	Sender server state: O
	Sender server ID: 6
	Sender peer epoch: 0
Jan 09, 2022 8:29:51 PM edu.yu.cs.com3800.UDPMessageSender run
FINE: Message sent:
Message Type: ELECTION
Sender Host: localhost
Sender port: 8071
Receiver Host: localhost
Receiver port: 8061
Request ID: -1
Error Occurred: false
Message Contents: 
	Leader voted for: 6
	Sender server state: O
	Sender server ID: 6
	Sender peer epoch: 0
Jan 09, 2022 8:29:51 PM edu.yu.cs.com3800.UDPMessageSender run
FINE: Message sent:
Message Type: ELECTION
Sender Host: localhost
Sender port: 8071
Receiver Host: localhost
Receiver port: 8081
Request ID: -1
Error Occurred: false
Message Contents: 
	Leader voted for: 6
	Sender server state: O
	Sender server ID: 6
	Sender peer epoch: 0
Jan 09, 2022 8:29:51 PM edu.yu.cs.com3800.UDPMessageSender run
FINE: Message sent:
Message Type: GOSSIP
Sender Host: localhost
Sender port: 8071
Receiver Host: localhost
Receiver port: 8081
Request ID: -1
Error Occurred: false
Message Contents: 
6-0:0/1:0/2:0/3:0/99:0/4:0/5:0/7:0/6:1/
Jan 09, 2022 8:29:51 PM edu.yu.cs.com3800.UDPMessageSender run
FINE: Message sent:
Message Type: ELECTION
Sender Host: localhost
Sender port: 8071
Receiver Host: localhost
Receiver port: 8011
Request ID: -1
Error Occurred: false
Message Contents: 
	Leader voted for: 6
	Sender server state: O
	Sender server ID: 6
	Sender peer epoch: 0
Jan 09, 2022 8:29:51 PM edu.yu.cs.com3800.UDPMessageSender run
FINE: Message sent:
Message Type: ELECTION
Sender Host: localhost
Sender port: 8071
Receiver Host: localhost
Receiver port: 8021
Request ID: -1
Error Occurred: false
Message Contents: 
	Leader voted for: 6
	Sender server state: O
	Sender server ID: 6
	Sender peer epoch: 0
Jan 09, 2022 8:29:51 PM edu.yu.cs.com3800.UDPMessageSender run
FINE: Message sent:
Message Type: ELECTION
Sender Host: localhost
Sender port: 8071
Receiver Host: localhost
Receiver port: 8031
Request ID: -1
Error Occurred: false
Message Contents: 
	Leader voted for: 6
	Sender server state: O
	Sender server ID: 6
	Sender peer epoch: 0
Jan 09, 2022 8:29:51 PM edu.yu.cs.com3800.UDPMessageSender run
FINE: Message sent:
Message Type: ELECTION
Sender Host: localhost
Sender port: 8071
Receiver Host: localhost
Receiver port: 8041
Request ID: -1
Error Occurred: false
Message Contents: 
	Leader voted for: 6
	Sender server state: O
	Sender server ID: 6
	Sender peer epoch: 0
Jan 09, 2022 8:29:51 PM edu.yu.cs.com3800.UDPMessageSender run
FINE: Message sent:
Message Type: ELECTION
Sender Host: localhost
Sender port: 8071
Receiver Host: localhost
Receiver port: 9002
Request ID: -1
Error Occurred: false
Message Contents: 
	Leader voted for: 6
	Sender server state: O
	Sender server ID: 6
	Sender peer epoch: 0
Jan 09, 2022 8:29:51 PM edu.yu.cs.com3800.UDPMessageSender run
FINE: Message sent:
Message Type: ELECTION
Sender Host: localhost
Sender port: 8071
Receiver Host: localhost
Receiver port: 8051
Request ID: -1
Error Occurred: false
Message Contents: 
	Leader voted for: 6
	Sender server state: O
	Sender server ID: 6
	Sender peer epoch: 0
Jan 09, 2022 8:29:51 PM edu.yu.cs.com3800.UDPMessageSender run
FINE: Message sent:
Message Type: ELECTION
Sender Host: localhost
Sender port: 8071
Receiver Host: localhost
Receiver port: 8061
Request ID: -1
Error Occurred: false
Message Contents: 
	Leader voted for: 6
	Sender server state: O
	Sender server ID: 6
	Sender peer epoch: 0
Jan 09, 2022 8:29:51 PM edu.yu.cs.com3800.UDPMessageSender run
FINE: Message sent:
Message Type: ELECTION
Sender Host: localhost
Sender port: 8071
Receiver Host: localhost
Receiver port: 8081
Request ID: -1
Error Occurred: false
Message Contents: 
	Leader voted for: 6
	Sender server state: O
	Sender server ID: 6
	Sender peer epoch: 0
Jan 09, 2022 8:29:52 PM edu.yu.cs.com3800.UDPMessageSender run
FINE: Message sent:
Message Type: ELECTION
Sender Host: localhost
Sender port: 8071
Receiver Host: localhost
Receiver port: 8011
Request ID: -1
Error Occurred: false
Message Contents: 
	Leader voted for: 7
	Sender server state: O
	Sender server ID: 6
	Sender peer epoch: 0
Jan 09, 2022 8:29:52 PM edu.yu.cs.com3800.UDPMessageSender run
FINE: Message sent:
Message Type: ELECTION
Sender Host: localhost
Sender port: 8071
Receiver Host: localhost
Receiver port: 8021
Request ID: -1
Error Occurred: false
Message Contents: 
	Leader voted for: 7
	Sender server state: O
	Sender server ID: 6
	Sender peer epoch: 0
Jan 09, 2022 8:29:52 PM edu.yu.cs.com3800.UDPMessageSender run
FINE: Message sent:
Message Type: ELECTION
Sender Host: localhost
Sender port: 8071
Receiver Host: localhost
Receiver port: 8031
Request ID: -1
Error Occurred: false
Message Contents: 
	Leader voted for: 7
	Sender server state: O
	Sender server ID: 6
	Sender peer epoch: 0
Jan 09, 2022 8:29:52 PM edu.yu.cs.com3800.UDPMessageSender run
FINE: Message sent:
Message Type: ELECTION
Sender Host: localhost
Sender port: 8071
Receiver Host: localhost
Receiver port: 8041
Request ID: -1
Error Occurred: false
Message Contents: 
	Leader voted for: 7
	Sender server state: O
	Sender server ID: 6
	Sender peer epoch: 0
Jan 09, 2022 8:29:52 PM edu.yu.cs.com3800.UDPMessageSender run
FINE: Message sent:
Message Type: ELECTION
Sender Host: localhost
Sender port: 8071
Receiver Host: localhost
Receiver port: 9002
Request ID: -1
Error Occurred: false
Message Contents: 
	Leader voted for: 7
	Sender server state: O
	Sender server ID: 6
	Sender peer epoch: 0
Jan 09, 2022 8:29:52 PM edu.yu.cs.com3800.UDPMessageSender run
FINE: Message sent:
Message Type: ELECTION
Sender Host: localhost
Sender port: 8071
Receiver Host: localhost
Receiver port: 8051
Request ID: -1
Error Occurred: false
Message Contents: 
	Leader voted for: 7
	Sender server state: O
	Sender server ID: 6
	Sender peer epoch: 0
Jan 09, 2022 8:29:52 PM edu.yu.cs.com3800.UDPMessageSender run
FINE: Message sent:
Message Type: ELECTION
Sender Host: localhost
Sender port: 8071
Receiver Host: localhost
Receiver port: 8061
Request ID: -1
Error Occurred: false
Message Contents: 
	Leader voted for: 7
	Sender server state: O
	Sender server ID: 6
	Sender peer epoch: 0
Jan 09, 2022 8:29:52 PM edu.yu.cs.com3800.UDPMessageSender run
FINE: Message sent:
Message Type: ELECTION
Sender Host: localhost
Sender port: 8071
Receiver Host: localhost
Receiver port: 8081
Request ID: -1
Error Occurred: false
Message Contents: 
	Leader voted for: 7
	Sender server state: O
	Sender server ID: 6
	Sender peer epoch: 0
Jan 09, 2022 8:29:53 PM edu.yu.cs.com3800.UDPMessageSender run
FINE: Message sent:
Message Type: GOSSIP
Sender Host: localhost
Sender port: 8071
Receiver Host: localhost
Receiver port: 8051
Request ID: -1
Error Occurred: false
Message Contents: 
6-0:0/1:0/2:0/3:0/99:0/4:0/5:0/7:0/6:2/
Jan 09, 2022 8:29:57 PM edu.yu.cs.com3800.UDPMessageSender run
FINE: Message sent:
Message Type: GOSSIP
Sender Host: localhost
Sender port: 8071
Receiver Host: localhost
Receiver port: 8081
Request ID: -1
Error Occurred: false
Message Contents: 
6-0:0/1:0/2:0/3:0/99:0/4:0/5:0/7:0/6:3/
Jan 09, 2022 8:30:00 PM edu.yu.cs.com3800.UDPMessageSender run
FINE: Message sent:
Message Type: GOSSIP
Sender Host: localhost
Sender port: 8071
Receiver Host: localhost
Receiver port: 8051
Request ID: -1
Error Occurred: false
Message Contents: 
6-0:0/1:0/2:0/3:0/99:0/4:0/5:0/7:0/6:4/
Jan 09, 2022 8:30:03 PM edu.yu.cs.com3800.UDPMessageSender run
FINE: Message sent:
Message Type: GOSSIP
Sender Host: localhost
Sender port: 8071
Receiver Host: localhost
Receiver port: 8081
Request ID: -1
Error Occurred: false
Message Contents: 
6-0:5/1:3/2:3/3:4/99:4/4:4/5:1/7:7/6:8/
Jan 09, 2022 8:30:06 PM edu.yu.cs.com3800.UDPMessageSender run
FINE: Message sent:
Message Type: GOSSIP
Sender Host: localhost
Sender port: 8071
Receiver Host: localhost
Receiver port: 8031
Request ID: -1
Error Occurred: false
Message Contents: 
6-0:7/1:4/2:9/3:8/99:4/4:6/5:1/7:7/6:10/
Jan 09, 2022 8:30:10 PM edu.yu.cs.com3800.UDPMessageSender run
FINE: Message sent:
Message Type: GOSSIP
Sender Host: localhost
Sender port: 8071
Receiver Host: localhost
Receiver port: 8011
Request ID: -1
Error Occurred: false
Message Contents: 
6-0:7/1:4/2:9/3:8/99:4/4:6/5:1/7:7/6:11/
Jan 09, 2022 8:30:12 PM edu.yu.cs.com3800.UDPMessageSender run
FINE: Message sent:
Message Type: GOSSIP
Sender Host: localhost
Sender port: 8071
Receiver Host: localhost
Receiver port: 8021
Request ID: -1
Error Occurred: false
Message Contents: 
6-0:7/1:4/2:9/3:8/99:4/4:6/5:1/7:7/6:12/
Jan 09, 2022 8:30:15 PM edu.yu.cs.com3800.UDPMessageSender run
FINE: Message sent:
Message Type: GOSSIP
Sender Host: localhost
Sender port: 8071
Receiver Host: localhost
Receiver port: 8011
Request ID: -1
Error Occurred: false
Message Contents: 
6-0:10/1:4/2:9/3:8/99:12/4:6/5:1/7:7/6:13/
Jan 09, 2022 8:30:18 PM edu.yu.cs.com3800.UDPMessageSender run
FINE: Message sent:
Message Type: GOSSIP
Sender Host: localhost
Sender port: 8071
Receiver Host: localhost
Receiver port: 8011
Request ID: -1
Error Occurred: false
Message Contents: 
6-0:16/1:7/2:14/3:15/99:12/4:13/5:1/7:10/6:17/
Jan 09, 2022 8:30:21 PM edu.yu.cs.com3800.UDPMessageSender run
FINE: Message sent:
Message Type: GOSSIP
Sender Host: localhost
Sender port: 8071
Receiver Host: localhost
Receiver port: 8021
Request ID: -1
Error Occurred: false
Message Contents: 
6-0:16/1:7/2:15/3:15/99:16/4:17/5:1/7:14/6:18/
Jan 09, 2022 8:30:25 PM edu.yu.cs.com3800.UDPMessageSender run
FINE: Message sent:
Message Type: GOSSIP
Sender Host: localhost
Sender port: 8071
Receiver Host: localhost
Receiver port: 8041
Request ID: -1
Error Occurred: false
Message Contents: 
6-0:16/1:7/2:15/3:15/99:16/4:17/5:1/7:14/6:19/
Jan 09, 2022 8:30:28 PM edu.yu.cs.com3800.UDPMessageSender run
FINE: Message sent:
Message Type: GOSSIP
Sender Host: localhost
Sender port: 8071
Receiver Host: localhost
Receiver port: 9002
Request ID: -1
Error Occurred: false
Message Contents: 
6-0:21/1:14/2:22/3:16/99:19/4:17/5:1/7:15/6:23/
Jan 09, 2022 8:30:31 PM edu.yu.cs.com3800.UDPMessageSender run
FINE: Message sent:
Message Type: GOSSIP
Sender Host: localhost
Sender port: 8071
Receiver Host: localhost
Receiver port: 8011
Request ID: -1
Error Occurred: false
Message Contents: 
6-0:21/1:14/2:22/3:16/99:19/4:17/5:1/7:15/6:24/
Jan 09, 2022 8:30:33 PM edu.yu.cs.com3800.UDPMessageSender run
FINE: Message sent:
Message Type: GOSSIP
Sender Host: localhost
Sender port: 8071
Receiver Host: localhost
Receiver port: 8021
Request ID: -1
Error Occurred: false
Message Contents: 
6-0:21/1:14/2:22/3:16/99:19/4:17/7:15/6:25/
Jan 09, 2022 8:30:37 PM edu.yu.cs.com3800.UDPMessageSender run
FINE: Message sent:
Message Type: GOSSIP
Sender Host: localhost
Sender port: 8071
Receiver Host: localhost
Receiver port: 8021
Request ID: -1
Error Occurred: false
Message Contents: 
6-0:21/1:21/2:22/3:19/99:19/4:25/7:20/6:26/
Jan 09, 2022 8:30:40 PM edu.yu.cs.com3800.UDPMessageSender run
FINE: Message sent:
Message Type: GOSSIP
Sender Host: localhost
Sender port: 8071
Receiver Host: localhost
Receiver port: 8011
Request ID: -1
Error Occurred: false
Message Contents: 
6-0:21/1:21/2:22/3:19/99:19/4:25/7:20/6:27/
Jan 09, 2022 8:30:43 PM edu.yu.cs.com3800.UDPMessageSender run
FINE: Message sent:
Message Type: GOSSIP
Sender Host: localhost
Sender port: 8071
Receiver Host: localhost
Receiver port: 8021
Request ID: -1
Error Occurred: false
Message Contents: 
6-0:24/1:22/2:25/3:24/99:21/4:25/7:29/6:30/
Jan 09, 2022 8:30:46 PM edu.yu.cs.com3800.UDPMessageSender run
FINE: Message sent:
Message Type: GOSSIP
Sender Host: localhost
Sender port: 8071
Receiver Host: localhost
Receiver port: 8041
Request ID: -1
Error Occurred: false
Message Contents: 
6-0:24/1:22/2:25/3:24/99:21/4:25/7:29/6:31/
Jan 09, 2022 8:30:49 PM edu.yu.cs.com3800.UDPMessageSender run
FINE: Message sent:
Message Type: GOSSIP
Sender Host: localhost
Sender port: 8071
Receiver Host: localhost
Receiver port: 8061
Request ID: -1
Error Occurred: false
Message Contents: 
6-0:24/1:22/2:25/3:24/99:21/4:25/7:29/6:32/
Jan 09, 2022 8:30:52 PM edu.yu.cs.com3800.UDPMessageSender run
FINE: Message sent:
Message Type: GOSSIP
Sender Host: localhost
Sender port: 8071
Receiver Host: localhost
Receiver port: 9002
Request ID: -1
Error Occurred: false
Message Contents: 
6-0:35/1:30/2:33/3:26/99:31/4:29/7:29/6:36/
Jan 09, 2022 8:30:55 PM edu.yu.cs.com3800.UDPMessageSender run
FINE: Message sent:
Message Type: GOSSIP
Sender Host: localhost
Sender port: 8071
Receiver Host: localhost
Receiver port: 8061
Request ID: -1
Error Occurred: false
Message Contents: 
6-0:35/1:36/2:39/3:38/99:35/4:37/7:37/6:40/
Jan 09, 2022 8:30:58 PM edu.yu.cs.com3800.UDPMessageSender run
FINE: Message sent:
Message Type: GOSSIP
Sender Host: localhost
Sender port: 8071
Receiver Host: localhost
Receiver port: 9002
Request ID: -1
Error Occurred: false
Message Contents: 
6-0:35/1:36/2:39/3:38/99:35/4:37/7:37/6:41/
Jan 09, 2022 8:31:01 PM edu.yu.cs.com3800.UDPMessageSender run
FINE: Message sent:
Message Type: GOSSIP
Sender Host: localhost
Sender port: 8071
Receiver Host: localhost
Receiver port: 8061
Request ID: -1
Error Occurred: false
Message Contents: 
6-0:35/1:36/2:39/3:38/99:39/4:37/7:37/6:42/
Jan 09, 2022 8:31:04 PM edu.yu.cs.com3800.UDPMessageSender run
FINE: Message sent:
Message Type: GOSSIP
Sender Host: localhost
Sender port: 8071
Receiver Host: localhost
Receiver port: 8021
Request ID: -1
Error Occurred: false
Message Contents: 
6-0:39/1:41/2:39/3:38/99:39/4:37/7:37/6:43/
Jan 09, 2022 9:00:34 PM edu.yu.cs.com3800.UDPMessageSender run
FINE: Message sent:
Message Type: ELECTION
Sender Host: localhost
Sender port: 8071
Receiver Host: localhost
Receiver port: 8011
Request ID: -1
Error Occurred: false
Message Contents: 
	Leader voted for: 6
	Sender server state: O
	Sender server ID: 6
	Sender peer epoch: 0
Jan 09, 2022 9:00:34 PM edu.yu.cs.com3800.UDPMessageSender run
FINE: Message sent:
Message Type: ELECTION
Sender Host: localhost
Sender port: 8071
Receiver Host: localhost
Receiver port: 8021
Request ID: -1
Error Occurred: false
Message Contents: 
	Leader voted for: 6
	Sender server state: O
	Sender server ID: 6
	Sender peer epoch: 0
Jan 09, 2022 9:00:34 PM edu.yu.cs.com3800.UDPMessageSender run
FINE: Message sent:
Message Type: ELECTION
Sender Host: localhost
Sender port: 8071
Receiver Host: localhost
Receiver port: 8031
Request ID: -1
Error Occurred: false
Message Contents: 
	Leader voted for: 6
	Sender server state: O
	Sender server ID: 6
	Sender peer epoch: 0
Jan 09, 2022 9:00:34 PM edu.yu.cs.com3800.UDPMessageSender run
FINE: Message sent:
Message Type: ELECTION
Sender Host: localhost
Sender port: 8071
Receiver Host: localhost
Receiver port: 8041
Request ID: -1
Error Occurred: false
Message Contents: 
	Leader voted for: 6
	Sender server state: O
	Sender server ID: 6
	Sender peer epoch: 0
Jan 09, 2022 9:00:34 PM edu.yu.cs.com3800.UDPMessageSender run
FINE: Message sent:
Message Type: ELECTION
Sender Host: localhost
Sender port: 8071
Receiver Host: localhost
Receiver port: 9002
Request ID: -1
Error Occurred: false
Message Contents: 
	Leader voted for: 6
	Sender server state: O
	Sender server ID: 6
	Sender peer epoch: 0
Jan 09, 2022 9:00:34 PM edu.yu.cs.com3800.UDPMessageSender run
FINE: Message sent:
Message Type: ELECTION
Sender Host: localhost
Sender port: 8071
Receiver Host: localhost
Receiver port: 8051
Request ID: -1
Error Occurred: false
Message Contents: 
	Leader voted for: 6
	Sender server state: O
	Sender server ID: 6
	Sender peer epoch: 0
Jan 09, 2022 9:00:34 PM edu.yu.cs.com3800.UDPMessageSender run
FINE: Message sent:
Message Type: ELECTION
Sender Host: localhost
Sender port: 8071
Receiver Host: localhost
Receiver port: 8061
Request ID: -1
Error Occurred: false
Message Contents: 
	Leader voted for: 6
	Sender server state: O
	Sender server ID: 6
	Sender peer epoch: 0
Jan 09, 2022 9:00:34 PM edu.yu.cs.com3800.UDPMessageSender run
FINE: Message sent:
Message Type: ELECTION
Sender Host: localhost
Sender port: 8071
Receiver Host: localhost
Receiver port: 8081
Request ID: -1
Error Occurred: false
Message Contents: 
	Leader voted for: 6
	Sender server state: O
	Sender server ID: 6
	Sender peer epoch: 0
Jan 09, 2022 9:00:34 PM edu.yu.cs.com3800.UDPMessageSender run
FINE: Message sent:
Message Type: GOSSIP
Sender Host: localhost
Sender port: 8071
Receiver Host: localhost
Receiver port: 8011
Request ID: -1
Error Occurred: false
Message Contents: 
6-0:0/1:0/2:0/3:0/99:0/4:0/5:0/7:0/6:1/
Jan 09, 2022 9:00:35 PM edu.yu.cs.com3800.UDPMessageSender run
FINE: Message sent:
Message Type: ELECTION
Sender Host: localhost
Sender port: 8071
Receiver Host: localhost
Receiver port: 8011
Request ID: -1
Error Occurred: false
Message Contents: 
	Leader voted for: 7
	Sender server state: O
	Sender server ID: 6
	Sender peer epoch: 0
Jan 09, 2022 9:00:35 PM edu.yu.cs.com3800.UDPMessageSender run
FINE: Message sent:
Message Type: ELECTION
Sender Host: localhost
Sender port: 8071
Receiver Host: localhost
Receiver port: 8021
Request ID: -1
Error Occurred: false
Message Contents: 
	Leader voted for: 7
	Sender server state: O
	Sender server ID: 6
	Sender peer epoch: 0
Jan 09, 2022 9:00:35 PM edu.yu.cs.com3800.UDPMessageSender run
FINE: Message sent:
Message Type: ELECTION
Sender Host: localhost
Sender port: 8071
Receiver Host: localhost
Receiver port: 8031
Request ID: -1
Error Occurred: false
Message Contents: 
	Leader voted for: 7
	Sender server state: O
	Sender server ID: 6
	Sender peer epoch: 0
Jan 09, 2022 9:00:35 PM edu.yu.cs.com3800.UDPMessageSender run
FINE: Message sent:
Message Type: ELECTION
Sender Host: localhost
Sender port: 8071
Receiver Host: localhost
Receiver port: 8041
Request ID: -1
Error Occurred: false
Message Contents: 
	Leader voted for: 7
	Sender server state: O
	Sender server ID: 6
	Sender peer epoch: 0
Jan 09, 2022 9:00:35 PM edu.yu.cs.com3800.UDPMessageSender run
FINE: Message sent:
Message Type: ELECTION
Sender Host: localhost
Sender port: 8071
Receiver Host: localhost
Receiver port: 9002
Request ID: -1
Error Occurred: false
Message Contents: 
	Leader voted for: 7
	Sender server state: O
	Sender server ID: 6
	Sender peer epoch: 0
Jan 09, 2022 9:00:35 PM edu.yu.cs.com3800.UDPMessageSender run
FINE: Message sent:
Message Type: ELECTION
Sender Host: localhost
Sender port: 8071
Receiver Host: localhost
Receiver port: 8051
Request ID: -1
Error Occurred: false
Message Contents: 
	Leader voted for: 7
	Sender server state: O
	Sender server ID: 6
	Sender peer epoch: 0
Jan 09, 2022 9:00:35 PM edu.yu.cs.com3800.UDPMessageSender run
FINE: Message sent:
Message Type: ELECTION
Sender Host: localhost
Sender port: 8071
Receiver Host: localhost
Receiver port: 8061
Request ID: -1
Error Occurred: false
Message Contents: 
	Leader voted for: 7
	Sender server state: O
	Sender server ID: 6
	Sender peer epoch: 0
Jan 09, 2022 9:00:35 PM edu.yu.cs.com3800.UDPMessageSender run
FINE: Message sent:
Message Type: ELECTION
Sender Host: localhost
Sender port: 8071
Receiver Host: localhost
Receiver port: 8081
Request ID: -1
Error Occurred: false
Message Contents: 
	Leader voted for: 7
	Sender server state: O
	Sender server ID: 6
	Sender peer epoch: 0
Jan 09, 2022 9:00:35 PM edu.yu.cs.com3800.UDPMessageSender run
FINE: Message sent:
Message Type: ELECTION
Sender Host: localhost
Sender port: 8071
Receiver Host: localhost
Receiver port: 8011
Request ID: -1
Error Occurred: false
Message Contents: 
	Leader voted for: 7
	Sender server state: O
	Sender server ID: 6
	Sender peer epoch: 0
Jan 09, 2022 9:00:35 PM edu.yu.cs.com3800.UDPMessageSender run
FINE: Message sent:
Message Type: ELECTION
Sender Host: localhost
Sender port: 8071
Receiver Host: localhost
Receiver port: 8021
Request ID: -1
Error Occurred: false
Message Contents: 
	Leader voted for: 7
	Sender server state: O
	Sender server ID: 6
	Sender peer epoch: 0
Jan 09, 2022 9:00:35 PM edu.yu.cs.com3800.UDPMessageSender run
FINE: Message sent:
Message Type: ELECTION
Sender Host: localhost
Sender port: 8071
Receiver Host: localhost
Receiver port: 8031
Request ID: -1
Error Occurred: false
Message Contents: 
	Leader voted for: 7
	Sender server state: O
	Sender server ID: 6
	Sender peer epoch: 0
Jan 09, 2022 9:00:35 PM edu.yu.cs.com3800.UDPMessageSender run
FINE: Message sent:
Message Type: ELECTION
Sender Host: localhost
Sender port: 8071
Receiver Host: localhost
Receiver port: 8041
Request ID: -1
Error Occurred: false
Message Contents: 
	Leader voted for: 7
	Sender server state: O
	Sender server ID: 6
	Sender peer epoch: 0
Jan 09, 2022 9:00:35 PM edu.yu.cs.com3800.UDPMessageSender run
FINE: Message sent:
Message Type: ELECTION
Sender Host: localhost
Sender port: 8071
Receiver Host: localhost
Receiver port: 9002
Request ID: -1
Error Occurred: false
Message Contents: 
	Leader voted for: 7
	Sender server state: O
	Sender server ID: 6
	Sender peer epoch: 0
Jan 09, 2022 9:00:35 PM edu.yu.cs.com3800.UDPMessageSender run
FINE: Message sent:
Message Type: ELECTION
Sender Host: localhost
Sender port: 8071
Receiver Host: localhost
Receiver port: 8051
Request ID: -1
Error Occurred: false
Message Contents: 
	Leader voted for: 7
	Sender server state: O
	Sender server ID: 6
	Sender peer epoch: 0
Jan 09, 2022 9:00:35 PM edu.yu.cs.com3800.UDPMessageSender run
FINE: Message sent:
Message Type: ELECTION
Sender Host: localhost
Sender port: 8071
Receiver Host: localhost
Receiver port: 8061
Request ID: -1
Error Occurred: false
Message Contents: 
	Leader voted for: 7
	Sender server state: O
	Sender server ID: 6
	Sender peer epoch: 0
Jan 09, 2022 9:00:35 PM edu.yu.cs.com3800.UDPMessageSender run
FINE: Message sent:
Message Type: ELECTION
Sender Host: localhost
Sender port: 8071
Receiver Host: localhost
Receiver port: 8081
Request ID: -1
Error Occurred: false
Message Contents: 
	Leader voted for: 7
	Sender server state: O
	Sender server ID: 6
	Sender peer epoch: 0
Jan 09, 2022 9:00:38 PM edu.yu.cs.com3800.UDPMessageSender run
FINE: Message sent:
Message Type: GOSSIP
Sender Host: localhost
Sender port: 8071
Receiver Host: localhost
Receiver port: 8061
Request ID: -1
Error Occurred: false
Message Contents: 
6-0:0/1:0/2:1/3:1/99:0/4:0/5:0/7:0/6:2/
Jan 09, 2022 9:00:42 PM edu.yu.cs.com3800.UDPMessageSender run
FINE: Message sent:
Message Type: GOSSIP
Sender Host: localhost
Sender port: 8071
Receiver Host: localhost
Receiver port: 9002
Request ID: -1
Error Occurred: false
Message Contents: 
6-0:0/1:1/2:1/3:2/99:2/4:2/5:1/7:3/6:4/
Jan 09, 2022 9:00:45 PM edu.yu.cs.com3800.UDPMessageSender run
FINE: Message sent:
Message Type: GOSSIP
Sender Host: localhost
Sender port: 8071
Receiver Host: localhost
Receiver port: 8041
Request ID: -1
Error Occurred: false
Message Contents: 
6-0:0/1:4/2:1/3:5/99:3/4:2/5:1/7:3/6:6/
Jan 09, 2022 9:00:48 PM edu.yu.cs.com3800.UDPMessageSender run
FINE: Message sent:
Message Type: GOSSIP
Sender Host: localhost
Sender port: 8071
Receiver Host: localhost
Receiver port: 9002
Request ID: -1
Error Occurred: false
Message Contents: 
6-0:2/1:4/2:5/3:5/99:3/4:3/5:1/7:3/6:7/
Jan 09, 2022 9:00:51 PM edu.yu.cs.com3800.UDPMessageSender run
FINE: Message sent:
Message Type: GOSSIP
Sender Host: localhost
Sender port: 8071
Receiver Host: localhost
Receiver port: 9002
Request ID: -1
Error Occurred: false
Message Contents: 
6-0:2/1:4/2:5/3:5/99:6/4:3/5:1/7:3/6:8/
Jan 09, 2022 9:00:55 PM edu.yu.cs.com3800.UDPMessageSender run
FINE: Message sent:
Message Type: GOSSIP
Sender Host: localhost
Sender port: 8071
Receiver Host: localhost
Receiver port: 8041
Request ID: -1
Error Occurred: false
Message Contents: 
6-0:2/1:4/2:5/3:5/99:6/4:3/5:1/7:3/6:9/
Jan 09, 2022 9:00:58 PM edu.yu.cs.com3800.UDPMessageSender run
FINE: Message sent:
Message Type: GOSSIP
Sender Host: localhost
Sender port: 8071
Receiver Host: localhost
Receiver port: 8081
Request ID: -1
Error Occurred: false
Message Contents: 
6-0:2/1:4/2:5/3:5/99:6/4:3/5:1/7:3/6:10/
Jan 09, 2022 9:01:01 PM edu.yu.cs.com3800.UDPMessageSender run
FINE: Message sent:
Message Type: GOSSIP
Sender Host: localhost
Sender port: 8071
Receiver Host: localhost
Receiver port: 8021
Request ID: -1
Error Occurred: false
Message Contents: 
6-0:2/1:4/2:5/3:5/99:6/4:3/5:1/7:3/6:11/
Jan 09, 2022 9:01:04 PM edu.yu.cs.com3800.UDPMessageSender run
FINE: Message sent:
Message Type: GOSSIP
Sender Host: localhost
Sender port: 8071
Receiver Host: localhost
Receiver port: 8061
Request ID: -1
Error Occurred: false
Message Contents: 
6-0:11/1:13/2:10/3:11/99:13/4:12/5:1/7:12/6:14/
Jan 09, 2022 9:01:07 PM edu.yu.cs.com3800.UDPMessageSender run
FINE: Message sent:
Message Type: GOSSIP
Sender Host: localhost
Sender port: 8071
Receiver Host: localhost
Receiver port: 8031
Request ID: -1
Error Occurred: false
Message Contents: 
6-0:11/1:13/2:10/3:11/99:13/4:12/5:1/7:12/6:15/
Jan 09, 2022 9:01:10 PM edu.yu.cs.com3800.UDPMessageSender run
FINE: Message sent:
Message Type: GOSSIP
Sender Host: localhost
Sender port: 8071
Receiver Host: localhost
Receiver port: 8021
Request ID: -1
Error Occurred: false
Message Contents: 
6-0:14/1:14/2:16/3:15/99:15/4:15/7:13/6:17/
Jan 09, 2022 9:01:13 PM edu.yu.cs.com3800.UDPMessageSender run
FINE: Message sent:
Message Type: GOSSIP
Sender Host: localhost
Sender port: 8071
Receiver Host: localhost
Receiver port: 8051
Request ID: -1
Error Occurred: false
Message Contents: 
6-0:14/1:14/2:16/3:15/99:15/4:15/7:13/6:18/
Jan 09, 2022 9:01:16 PM edu.yu.cs.com3800.UDPMessageSender run
FINE: Message sent:
Message Type: GOSSIP
Sender Host: localhost
Sender port: 8071
Receiver Host: localhost
Receiver port: 8031
Request ID: -1
Error Occurred: false
Message Contents: 
6-0:14/1:15/2:16/3:16/99:18/4:15/7:13/6:19/
Jan 09, 2022 9:01:19 PM edu.yu.cs.com3800.UDPMessageSender run
FINE: Message sent:
Message Type: GOSSIP
Sender Host: localhost
Sender port: 8071
Receiver Host: localhost
Receiver port: 9002
Request ID: -1
Error Occurred: false
Message Contents: 
6-0:14/1:15/2:16/3:16/99:18/4:15/7:13/6:20/
Jan 09, 2022 9:01:22 PM edu.yu.cs.com3800.UDPMessageSender run
FINE: Message sent:
Message Type: GOSSIP
Sender Host: localhost
Sender port: 8071
Receiver Host: localhost
Receiver port: 8051
Request ID: -1
Error Occurred: false
Message Contents: 
6-0:21/1:19/2:22/3:16/99:18/4:15/7:13/6:23/
Jan 09, 2022 9:01:25 PM edu.yu.cs.com3800.UDPMessageSender run
FINE: Message sent:
Message Type: GOSSIP
Sender Host: localhost
Sender port: 8071
Receiver Host: localhost
Receiver port: 8061
Request ID: -1
Error Occurred: false
Message Contents: 
6-0:21/1:23/2:23/3:23/99:19/4:24/7:22/6:25/
Jan 09, 2022 9:01:28 PM edu.yu.cs.com3800.UDPMessageSender run
FINE: Message sent:
Message Type: GOSSIP
Sender Host: localhost
Sender port: 8071
Receiver Host: localhost
Receiver port: 8011
Request ID: -1
Error Occurred: false
Message Contents: 
6-0:21/1:23/2:23/3:23/99:19/4:24/7:22/6:26/
Jan 09, 2022 9:01:31 PM edu.yu.cs.com3800.UDPMessageSender run
FINE: Message sent:
Message Type: GOSSIP
Sender Host: localhost
Sender port: 8071
Receiver Host: localhost
Receiver port: 9002
Request ID: -1
Error Occurred: false
Message Contents: 
6-0:21/1:23/2:23/3:23/99:19/4:24/7:22/6:27/
Jan 09, 2022 9:01:34 PM edu.yu.cs.com3800.UDPMessageSender run
FINE: Message sent:
Message Type: GOSSIP
Sender Host: localhost
Sender port: 8071
Receiver Host: localhost
Receiver port: 8031
Request ID: -1
Error Occurred: false
Message Contents: 
6-0:24/1:23/2:28/3:27/99:28/4:28/7:24/6:29/
Jan 09, 2022 9:01:37 PM edu.yu.cs.com3800.UDPMessageSender run
FINE: Message sent:
Message Type: GOSSIP
Sender Host: localhost
Sender port: 8071
Receiver Host: localhost
Receiver port: 8061
Request ID: -1
Error Occurred: false
Message Contents: 
6-0:27/1:30/2:28/3:27/99:28/4:28/7:30/6:31/
Jan 09, 2022 9:01:40 PM edu.yu.cs.com3800.UDPMessageSender run
FINE: Message sent:
Message Type: GOSSIP
Sender Host: localhost
Sender port: 8071
Receiver Host: localhost
Receiver port: 8081
Request ID: -1
Error Occurred: false
Message Contents: 
6-0:27/1:30/2:28/3:27/99:28/4:28/7:30/6:32/
