Jan 09, 2022 2:14:02 PM edu.yu.cs.com3800.UDPMessageReceiver run
FINE: Waiting for packet
Jan 09, 2022 2:14:02 PM edu.yu.cs.com3800.UDPMessageReceiver run
FINE: UDP packet received:
Message Type: ELECTION
Sender Host: localhost
Sender port: 8033
Receiver Host: localhost
Receiver port: 8093
Request ID: -1
Error Occurred: false
Message Contents: 
	Leader voted for: 5
	Sender server state: F
	Sender server ID: 1
	Sender peer epoch: 0
Jan 09, 2022 2:14:02 PM edu.yu.cs.com3800.UDPMessageReceiver run
FINE: Waiting for packet
Jan 09, 2022 2:14:02 PM edu.yu.cs.com3800.UDPMessageReceiver run
FINE: UDP packet received:
Message Type: ELECTION
Sender Host: localhost
Sender port: 8043
Receiver Host: localhost
Receiver port: 8093
Request ID: -1
Error Occurred: false
Message Contents: 
	Leader voted for: 5
	Sender server state: F
	Sender server ID: 2
	Sender peer epoch: 0
Jan 09, 2022 2:14:02 PM edu.yu.cs.com3800.UDPMessageReceiver run
FINE: Waiting for packet
Jan 09, 2022 2:14:02 PM edu.yu.cs.com3800.UDPMessageReceiver run
FINE: UDP packet received:
Message Type: ELECTION
Sender Host: localhost
Sender port: 8053
Receiver Host: localhost
Receiver port: 8093
Request ID: -1
Error Occurred: false
Message Contents: 
	Leader voted for: 5
	Sender server state: F
	Sender server ID: 3
	Sender peer epoch: 0
Jan 09, 2022 2:14:02 PM edu.yu.cs.com3800.UDPMessageReceiver run
FINE: Waiting for packet
Jan 09, 2022 2:14:02 PM edu.yu.cs.com3800.UDPMessageReceiver run
FINE: UDP packet received:
Message Type: ELECTION
Sender Host: localhost
Sender port: 8073
Receiver Host: localhost
Receiver port: 8093
Request ID: -1
Error Occurred: false
Message Contents: 
	Leader voted for: 5
	Sender server state: E
	Sender server ID: 5
	Sender peer epoch: 0
Jan 09, 2022 2:14:02 PM edu.yu.cs.com3800.UDPMessageReceiver run
FINE: Waiting for packet
Jan 09, 2022 2:14:02 PM edu.yu.cs.com3800.UDPMessageReceiver run
FINE: UDP packet received:
Message Type: ELECTION
Sender Host: localhost
Sender port: 8033
Receiver Host: localhost
Receiver port: 8093
Request ID: -1
Error Occurred: false
Message Contents: 
	Leader voted for: 5
	Sender server state: F
	Sender server ID: 1
	Sender peer epoch: 0
Jan 09, 2022 2:14:02 PM edu.yu.cs.com3800.UDPMessageReceiver run
FINE: Waiting for packet
Jan 09, 2022 2:14:02 PM edu.yu.cs.com3800.UDPMessageReceiver run
FINE: UDP packet received:
Message Type: ELECTION
Sender Host: localhost
Sender port: 8043
Receiver Host: localhost
Receiver port: 8093
Request ID: -1
Error Occurred: false
Message Contents: 
	Leader voted for: 5
	Sender server state: F
	Sender server ID: 2
	Sender peer epoch: 0
Jan 09, 2022 2:14:02 PM edu.yu.cs.com3800.UDPMessageReceiver run
FINE: Waiting for packet
Jan 09, 2022 2:14:02 PM edu.yu.cs.com3800.UDPMessageReceiver run
FINE: UDP packet received:
Message Type: ELECTION
Sender Host: localhost
Sender port: 6002
Receiver Host: localhost
Receiver port: 8093
Request ID: -1
Error Occurred: false
Message Contents: 
	Leader voted for: 7
	Sender server state: B
	Sender server ID: 99
	Sender peer epoch: 0
Jan 09, 2022 2:14:02 PM edu.yu.cs.com3800.UDPMessageReceiver run
FINE: Waiting for packet
Jan 09, 2022 2:14:02 PM edu.yu.cs.com3800.UDPMessageReceiver run
FINE: UDP packet received:
Message Type: ELECTION
Sender Host: localhost
Sender port: 8023
Receiver Host: localhost
Receiver port: 8093
Request ID: -1
Error Occurred: false
Message Contents: 
	Leader voted for: 7
	Sender server state: O
	Sender server ID: 0
	Sender peer epoch: 0
Jan 09, 2022 2:14:02 PM edu.yu.cs.com3800.UDPMessageReceiver run
FINE: Waiting for packet
Jan 09, 2022 2:14:03 PM edu.yu.cs.com3800.UDPMessageReceiver run
FINE: UDP packet received:
Message Type: ELECTION
Sender Host: localhost
Sender port: 8053
Receiver Host: localhost
Receiver port: 8093
Request ID: -1
Error Occurred: false
Message Contents: 
	Leader voted for: 5
	Sender server state: F
	Sender server ID: 3
	Sender peer epoch: 0
Jan 09, 2022 2:14:03 PM edu.yu.cs.com3800.UDPMessageReceiver run
FINE: Waiting for packet
Jan 09, 2022 2:14:03 PM edu.yu.cs.com3800.UDPMessageReceiver run
FINE: UDP packet received:
Message Type: ELECTION
Sender Host: localhost
Sender port: 8073
Receiver Host: localhost
Receiver port: 8093
Request ID: -1
Error Occurred: false
Message Contents: 
	Leader voted for: 5
	Sender server state: E
	Sender server ID: 5
	Sender peer epoch: 0
Jan 09, 2022 2:14:03 PM edu.yu.cs.com3800.UDPMessageReceiver run
FINE: Waiting for packet
Jan 09, 2022 2:14:03 PM edu.yu.cs.com3800.UDPMessageReceiver run
FINE: UDP packet received:
Message Type: ELECTION
Sender Host: localhost
Sender port: 8053
Receiver Host: localhost
Receiver port: 8093
Request ID: -1
Error Occurred: false
Message Contents: 
	Leader voted for: 3
	Sender server state: O
	Sender server ID: 3
	Sender peer epoch: 0
Jan 09, 2022 2:14:03 PM edu.yu.cs.com3800.UDPMessageReceiver run
FINE: Waiting for packet
Jan 09, 2022 2:14:03 PM edu.yu.cs.com3800.UDPMessageReceiver run
FINE: UDP packet received:
Message Type: ELECTION
Sender Host: localhost
Sender port: 8053
Receiver Host: localhost
Receiver port: 8093
Request ID: -1
Error Occurred: false
Message Contents: 
	Leader voted for: 3
	Sender server state: O
	Sender server ID: 3
	Sender peer epoch: 0
Jan 09, 2022 2:14:03 PM edu.yu.cs.com3800.UDPMessageReceiver run
FINE: Waiting for packet
Jan 09, 2022 2:14:03 PM edu.yu.cs.com3800.UDPMessageReceiver run
FINE: UDP packet received:
Message Type: ELECTION
Sender Host: localhost
Sender port: 6002
Receiver Host: localhost
Receiver port: 8093
Request ID: -1
Error Occurred: false
Message Contents: 
	Leader voted for: 7
	Sender server state: B
	Sender server ID: 99
	Sender peer epoch: 0
Jan 09, 2022 2:14:03 PM edu.yu.cs.com3800.UDPMessageReceiver run
FINE: Waiting for packet
Jan 09, 2022 2:14:03 PM edu.yu.cs.com3800.UDPMessageReceiver run
FINE: UDP packet received:
Message Type: ELECTION
Sender Host: localhost
Sender port: 6002
Receiver Host: localhost
Receiver port: 8093
Request ID: -1
Error Occurred: false
Message Contents: 
	Leader voted for: 7
	Sender server state: B
	Sender server ID: 99
	Sender peer epoch: 0
Jan 09, 2022 2:14:03 PM edu.yu.cs.com3800.UDPMessageReceiver run
FINE: Waiting for packet
Jan 09, 2022 2:14:03 PM edu.yu.cs.com3800.UDPMessageReceiver run
FINE: UDP packet received:
Message Type: ELECTION
Sender Host: localhost
Sender port: 6002
Receiver Host: localhost
Receiver port: 8093
Request ID: -1
Error Occurred: false
Message Contents: 
	Leader voted for: 3
	Sender server state: B
	Sender server ID: 99
	Sender peer epoch: 0
Jan 09, 2022 2:14:03 PM edu.yu.cs.com3800.UDPMessageReceiver run
FINE: Waiting for packet
Jan 09, 2022 2:14:04 PM edu.yu.cs.com3800.UDPMessageReceiver run
FINE: UDP packet received:
Message Type: ELECTION
Sender Host: localhost
Sender port: 8063
Receiver Host: localhost
Receiver port: 8093
Request ID: -1
Error Occurred: false
Message Contents: 
	Leader voted for: 7
	Sender server state: O
	Sender server ID: 4
	Sender peer epoch: 0
Jan 09, 2022 2:14:04 PM edu.yu.cs.com3800.UDPMessageReceiver run
FINE: Waiting for packet
Jan 09, 2022 2:14:04 PM edu.yu.cs.com3800.UDPMessageReceiver run
FINE: UDP packet received:
Message Type: ELECTION
Sender Host: localhost
Sender port: 8053
Receiver Host: localhost
Receiver port: 8093
Request ID: -1
Error Occurred: false
Message Contents: 
	Leader voted for: 5
	Sender server state: O
	Sender server ID: 3
	Sender peer epoch: 0
Jan 09, 2022 2:14:04 PM edu.yu.cs.com3800.UDPMessageReceiver run
FINE: Waiting for packet
Jan 09, 2022 2:14:04 PM edu.yu.cs.com3800.UDPMessageReceiver run
FINE: UDP packet received:
Message Type: ELECTION
Sender Host: localhost
Sender port: 8053
Receiver Host: localhost
Receiver port: 8093
Request ID: -1
Error Occurred: false
Message Contents: 
	Leader voted for: 5
	Sender server state: F
	Sender server ID: 3
	Sender peer epoch: 0
Jan 09, 2022 2:14:04 PM edu.yu.cs.com3800.UDPMessageReceiver run
FINE: Waiting for packet
Jan 09, 2022 2:14:04 PM edu.yu.cs.com3800.UDPMessageReceiver run
FINE: UDP packet received:
Message Type: ELECTION
Sender Host: localhost
Sender port: 8073
Receiver Host: localhost
Receiver port: 8093
Request ID: -1
Error Occurred: false
Message Contents: 
	Leader voted for: 5
	Sender server state: E
	Sender server ID: 5
	Sender peer epoch: 0
Jan 09, 2022 2:14:04 PM edu.yu.cs.com3800.UDPMessageReceiver run
FINE: Waiting for packet
Jan 09, 2022 2:14:04 PM edu.yu.cs.com3800.UDPMessageReceiver run
FINE: UDP packet received:
Message Type: ELECTION
Sender Host: localhost
Sender port: 8033
Receiver Host: localhost
Receiver port: 8093
Request ID: -1
Error Occurred: false
Message Contents: 
	Leader voted for: 5
	Sender server state: F
	Sender server ID: 1
	Sender peer epoch: 0
Jan 09, 2022 2:14:04 PM edu.yu.cs.com3800.UDPMessageReceiver run
FINE: Waiting for packet
Jan 09, 2022 2:14:04 PM edu.yu.cs.com3800.UDPMessageReceiver run
FINE: UDP packet received:
Message Type: ELECTION
Sender Host: localhost
Sender port: 8043
Receiver Host: localhost
Receiver port: 8093
Request ID: -1
Error Occurred: false
Message Contents: 
	Leader voted for: 5
	Sender server state: F
	Sender server ID: 2
	Sender peer epoch: 0
Jan 09, 2022 2:14:04 PM edu.yu.cs.com3800.UDPMessageReceiver run
FINE: Waiting for packet
Jan 09, 2022 2:14:04 PM edu.yu.cs.com3800.UDPMessageReceiver run
FINE: UDP packet received:
Message Type: ELECTION
Sender Host: localhost
Sender port: 8063
Receiver Host: localhost
Receiver port: 8093
Request ID: -1
Error Occurred: false
Message Contents: 
	Leader voted for: 7
	Sender server state: O
	Sender server ID: 4
	Sender peer epoch: 0
Jan 09, 2022 2:14:04 PM edu.yu.cs.com3800.UDPMessageReceiver run
FINE: Waiting for packet
Jan 09, 2022 2:14:05 PM edu.yu.cs.com3800.UDPMessageReceiver run
FINE: UDP packet received:
Message Type: ELECTION
Sender Host: localhost
Sender port: 6002
Receiver Host: localhost
Receiver port: 8093
Request ID: -1
Error Occurred: false
Message Contents: 
	Leader voted for: 7
	Sender server state: B
	Sender server ID: 99
	Sender peer epoch: 0
Jan 09, 2022 2:14:05 PM edu.yu.cs.com3800.UDPMessageReceiver run
FINE: Waiting for packet
Jan 09, 2022 2:14:05 PM edu.yu.cs.com3800.UDPMessageReceiver run
FINE: UDP packet received:
Message Type: ELECTION
Sender Host: localhost
Sender port: 6002
Receiver Host: localhost
Receiver port: 8093
Request ID: -1
Error Occurred: false
Message Contents: 
	Leader voted for: 3
	Sender server state: B
	Sender server ID: 99
	Sender peer epoch: 0
Jan 09, 2022 2:14:05 PM edu.yu.cs.com3800.UDPMessageReceiver run
FINE: Waiting for packet
Jan 09, 2022 2:14:05 PM edu.yu.cs.com3800.UDPMessageReceiver run
FINE: UDP packet received:
Message Type: ELECTION
Sender Host: localhost
Sender port: 6002
Receiver Host: localhost
Receiver port: 8093
Request ID: -1
Error Occurred: false
Message Contents: 
	Leader voted for: 5
	Sender server state: B
	Sender server ID: 99
	Sender peer epoch: 0
Jan 09, 2022 2:14:05 PM edu.yu.cs.com3800.UDPMessageReceiver run
FINE: Waiting for packet
Jan 09, 2022 2:14:05 PM edu.yu.cs.com3800.UDPMessageReceiver run
FINE: UDP packet received:
Message Type: ELECTION
Sender Host: localhost
Sender port: 6002
Receiver Host: localhost
Receiver port: 8093
Request ID: -1
Error Occurred: false
Message Contents: 
	Leader voted for: 7
	Sender server state: B
	Sender server ID: 99
	Sender peer epoch: 0
Jan 09, 2022 2:14:05 PM edu.yu.cs.com3800.UDPMessageReceiver run
FINE: Waiting for packet
Jan 09, 2022 2:14:05 PM edu.yu.cs.com3800.UDPMessageReceiver run
FINE: UDP packet received:
Message Type: ELECTION
Sender Host: localhost
Sender port: 6002
Receiver Host: localhost
Receiver port: 8093
Request ID: -1
Error Occurred: false
Message Contents: 
	Leader voted for: 7
	Sender server state: B
	Sender server ID: 99
	Sender peer epoch: 0
Jan 09, 2022 2:14:05 PM edu.yu.cs.com3800.UDPMessageReceiver run
FINE: Waiting for packet
Jan 09, 2022 2:14:06 PM edu.yu.cs.com3800.UDPMessageReceiver run
FINE: UDP packet received:
Message Type: ELECTION
Sender Host: localhost
Sender port: 8083
Receiver Host: localhost
Receiver port: 8093
Request ID: -1
Error Occurred: false
Message Contents: 
	Leader voted for: 6
	Sender server state: O
	Sender server ID: 6
	Sender peer epoch: 0
Jan 09, 2022 2:14:06 PM edu.yu.cs.com3800.UDPMessageReceiver run
FINE: Waiting for packet
Jan 09, 2022 2:14:06 PM edu.yu.cs.com3800.UDPMessageReceiver run
FINE: UDP packet received:
Message Type: ELECTION
Sender Host: localhost
Sender port: 8083
Receiver Host: localhost
Receiver port: 8093
Request ID: -1
Error Occurred: false
Message Contents: 
	Leader voted for: 7
	Sender server state: O
	Sender server ID: 6
	Sender peer epoch: 0
Jan 09, 2022 2:14:06 PM edu.yu.cs.com3800.UDPMessageReceiver run
FINE: Waiting for packet
Jan 09, 2022 2:14:06 PM edu.yu.cs.com3800.UDPMessageReceiver run
FINE: UDP packet received:
Message Type: ELECTION
Sender Host: localhost
Sender port: 8083
Receiver Host: localhost
Receiver port: 8093
Request ID: -1
Error Occurred: false
Message Contents: 
	Leader voted for: 7
	Sender server state: O
	Sender server ID: 6
	Sender peer epoch: 0
Jan 09, 2022 2:14:06 PM edu.yu.cs.com3800.UDPMessageReceiver run
FINE: Waiting for packet
Jan 09, 2022 2:14:06 PM edu.yu.cs.com3800.UDPMessageReceiver run
FINE: UDP packet received:
Message Type: ELECTION
Sender Host: localhost
Sender port: 8083
Receiver Host: localhost
Receiver port: 8093
Request ID: -1
Error Occurred: false
Message Contents: 
	Leader voted for: 7
	Sender server state: O
	Sender server ID: 6
	Sender peer epoch: 0
Jan 09, 2022 2:14:06 PM edu.yu.cs.com3800.UDPMessageReceiver run
FINE: Waiting for packet
Jan 09, 2022 2:14:06 PM edu.yu.cs.com3800.UDPMessageReceiver run
FINE: UDP packet received:
Message Type: ELECTION
Sender Host: localhost
Sender port: 8083
Receiver Host: localhost
Receiver port: 8093
Request ID: -1
Error Occurred: false
Message Contents: 
	Leader voted for: 7
	Sender server state: O
	Sender server ID: 6
	Sender peer epoch: 0
Jan 09, 2022 2:14:06 PM edu.yu.cs.com3800.UDPMessageReceiver run
FINE: Waiting for packet
Jan 09, 2022 2:14:06 PM edu.yu.cs.com3800.UDPMessageReceiver run
FINE: UDP packet received:
Message Type: ELECTION
Sender Host: localhost
Sender port: 6002
Receiver Host: localhost
Receiver port: 8093
Request ID: -1
Error Occurred: false
Message Contents: 
	Leader voted for: 6
	Sender server state: B
	Sender server ID: 99
	Sender peer epoch: 0
Jan 09, 2022 2:14:06 PM edu.yu.cs.com3800.UDPMessageReceiver run
FINE: Waiting for packet
Jan 09, 2022 2:14:06 PM edu.yu.cs.com3800.UDPMessageReceiver run
FINE: UDP packet received:
Message Type: ELECTION
Sender Host: localhost
Sender port: 6002
Receiver Host: localhost
Receiver port: 8093
Request ID: -1
Error Occurred: false
Message Contents: 
	Leader voted for: 7
	Sender server state: B
	Sender server ID: 99
	Sender peer epoch: 0
Jan 09, 2022 2:14:06 PM edu.yu.cs.com3800.UDPMessageReceiver run
FINE: Waiting for packet
Jan 09, 2022 2:14:06 PM edu.yu.cs.com3800.UDPMessageReceiver run
FINE: UDP packet received:
Message Type: ELECTION
Sender Host: localhost
Sender port: 6002
Receiver Host: localhost
Receiver port: 8093
Request ID: -1
Error Occurred: false
Message Contents: 
	Leader voted for: 7
	Sender server state: B
	Sender server ID: 99
	Sender peer epoch: 0
Jan 09, 2022 2:14:06 PM edu.yu.cs.com3800.UDPMessageReceiver run
FINE: Waiting for packet
Jan 09, 2022 2:14:06 PM edu.yu.cs.com3800.UDPMessageReceiver run
FINE: UDP packet received:
Message Type: ELECTION
Sender Host: localhost
Sender port: 6002
Receiver Host: localhost
Receiver port: 8093
Request ID: -1
Error Occurred: false
Message Contents: 
	Leader voted for: 7
	Sender server state: B
	Sender server ID: 99
	Sender peer epoch: 0
Jan 09, 2022 2:14:06 PM edu.yu.cs.com3800.UDPMessageReceiver run
FINE: Waiting for packet
Jan 09, 2022 2:14:06 PM edu.yu.cs.com3800.UDPMessageReceiver run
FINE: UDP packet received:
Message Type: ELECTION
Sender Host: localhost
Sender port: 6002
Receiver Host: localhost
Receiver port: 8093
Request ID: -1
Error Occurred: false
Message Contents: 
	Leader voted for: 7
	Sender server state: B
	Sender server ID: 99
	Sender peer epoch: 0
Jan 09, 2022 2:14:06 PM edu.yu.cs.com3800.UDPMessageReceiver run
FINE: Waiting for packet
Jan 09, 2022 2:14:07 PM edu.yu.cs.com3800.UDPMessageReceiver run
FINE: UDP packet received:
Message Type: ELECTION
Sender Host: localhost
Sender port: 8083
Receiver Host: localhost
Receiver port: 8093
Request ID: -1
Error Occurred: false
Message Contents: 
	Leader voted for: 7
	Sender server state: O
	Sender server ID: 6
	Sender peer epoch: 0
Jan 09, 2022 2:14:07 PM edu.yu.cs.com3800.UDPMessageReceiver run
FINE: Waiting for packet
Jan 09, 2022 2:14:07 PM edu.yu.cs.com3800.UDPMessageReceiver run
FINE: UDP packet received:
Message Type: ELECTION
Sender Host: localhost
Sender port: 6002
Receiver Host: localhost
Receiver port: 8093
Request ID: -1
Error Occurred: false
Message Contents: 
	Leader voted for: 7
	Sender server state: B
	Sender server ID: 99
	Sender peer epoch: 0
Jan 09, 2022 2:14:07 PM edu.yu.cs.com3800.UDPMessageReceiver run
FINE: Waiting for packet
Jan 09, 2022 2:14:07 PM edu.yu.cs.com3800.UDPMessageReceiver run
FINE: UDP packet received:
Message Type: ELECTION
Sender Host: localhost
Sender port: 8033
Receiver Host: localhost
Receiver port: 8093
Request ID: -1
Error Occurred: false
Message Contents: 
	Leader voted for: 5
	Sender server state: F
	Sender server ID: 1
	Sender peer epoch: 0
Jan 09, 2022 2:14:07 PM edu.yu.cs.com3800.UDPMessageReceiver run
FINE: Waiting for packet
Jan 09, 2022 2:14:07 PM edu.yu.cs.com3800.UDPMessageReceiver run
FINE: UDP packet received:
Message Type: ELECTION
Sender Host: localhost
Sender port: 8043
Receiver Host: localhost
Receiver port: 8093
Request ID: -1
Error Occurred: false
Message Contents: 
	Leader voted for: 5
	Sender server state: F
	Sender server ID: 2
	Sender peer epoch: 0
Jan 09, 2022 2:14:07 PM edu.yu.cs.com3800.UDPMessageReceiver run
FINE: Waiting for packet
Jan 09, 2022 2:14:07 PM edu.yu.cs.com3800.UDPMessageReceiver run
FINE: UDP packet received:
Message Type: ELECTION
Sender Host: localhost
Sender port: 8053
Receiver Host: localhost
Receiver port: 8093
Request ID: -1
Error Occurred: false
Message Contents: 
	Leader voted for: 5
	Sender server state: F
	Sender server ID: 3
	Sender peer epoch: 0
Jan 09, 2022 2:14:07 PM edu.yu.cs.com3800.UDPMessageReceiver run
FINE: Waiting for packet
Jan 09, 2022 2:14:07 PM edu.yu.cs.com3800.UDPMessageReceiver run
FINE: UDP packet received:
Message Type: ELECTION
Sender Host: localhost
Sender port: 8073
Receiver Host: localhost
Receiver port: 8093
Request ID: -1
Error Occurred: false
Message Contents: 
	Leader voted for: 5
	Sender server state: E
	Sender server ID: 5
	Sender peer epoch: 0
Jan 09, 2022 2:14:07 PM edu.yu.cs.com3800.UDPMessageReceiver run
FINE: Waiting for packet
Jan 09, 2022 2:14:07 PM edu.yu.cs.com3800.UDPMessageReceiver run
FINE: UDP packet received:
Message Type: ELECTION
Sender Host: localhost
Sender port: 6002
Receiver Host: localhost
Receiver port: 8093
Request ID: -1
Error Occurred: false
Message Contents: 
	Leader voted for: 7
	Sender server state: B
	Sender server ID: 99
	Sender peer epoch: 0
Jan 09, 2022 2:14:07 PM edu.yu.cs.com3800.UDPMessageReceiver run
FINE: Waiting for packet
Jan 09, 2022 2:14:09 PM edu.yu.cs.com3800.UDPMessageReceiver run
FINE: UDP packet received:
Message Type: ELECTION
Sender Host: localhost
Sender port: 8023
Receiver Host: localhost
Receiver port: 8093
Request ID: -1
Error Occurred: false
Message Contents: 
	Leader voted for: 7
	Sender server state: O
	Sender server ID: 0
	Sender peer epoch: 0
Jan 09, 2022 2:14:09 PM edu.yu.cs.com3800.UDPMessageReceiver run
FINE: Waiting for packet
Jan 09, 2022 2:16:19 PM edu.yu.cs.com3800.UDPMessageReceiver run
FINE: Waiting for packet
Jan 09, 2022 2:16:19 PM edu.yu.cs.com3800.UDPMessageReceiver run
FINE: UDP packet received:
Message Type: ELECTION
Sender Host: localhost
Sender port: 8073
Receiver Host: localhost
Receiver port: 8093
Request ID: -1
Error Occurred: false
Message Contents: 
	Leader voted for: 6
	Sender server state: O
	Sender server ID: 5
	Sender peer epoch: 0
Jan 09, 2022 2:16:19 PM edu.yu.cs.com3800.UDPMessageReceiver run
FINE: Waiting for packet
Jan 09, 2022 2:16:19 PM edu.yu.cs.com3800.UDPMessageReceiver run
FINE: UDP packet received:
Message Type: ELECTION
Sender Host: localhost
Sender port: 8043
Receiver Host: localhost
Receiver port: 8093
Request ID: -1
Error Occurred: false
Message Contents: 
	Leader voted for: 5
	Sender server state: O
	Sender server ID: 2
	Sender peer epoch: 0
Jan 09, 2022 2:16:19 PM edu.yu.cs.com3800.UDPMessageReceiver run
FINE: Waiting for packet
Jan 09, 2022 2:16:19 PM edu.yu.cs.com3800.UDPMessageReceiver run
FINE: UDP packet received:
Message Type: ELECTION
Sender Host: localhost
Sender port: 8073
Receiver Host: localhost
Receiver port: 8093
Request ID: -1
Error Occurred: false
Message Contents: 
	Leader voted for: 7
	Sender server state: O
	Sender server ID: 5
	Sender peer epoch: 0
Jan 09, 2022 2:16:19 PM edu.yu.cs.com3800.UDPMessageReceiver run
FINE: Waiting for packet
Jan 09, 2022 2:16:19 PM edu.yu.cs.com3800.UDPMessageReceiver run
FINE: UDP packet received:
Message Type: ELECTION
Sender Host: localhost
Sender port: 8053
Receiver Host: localhost
Receiver port: 8093
Request ID: -1
Error Occurred: false
Message Contents: 
	Leader voted for: 3
	Sender server state: O
	Sender server ID: 3
	Sender peer epoch: 0
Jan 09, 2022 2:16:19 PM edu.yu.cs.com3800.UDPMessageReceiver run
FINE: Waiting for packet
Jan 09, 2022 2:16:19 PM edu.yu.cs.com3800.UDPMessageReceiver run
FINE: UDP packet received:
Message Type: ELECTION
Sender Host: localhost
Sender port: 8043
Receiver Host: localhost
Receiver port: 8093
Request ID: -1
Error Occurred: false
Message Contents: 
	Leader voted for: 6
	Sender server state: O
	Sender server ID: 2
	Sender peer epoch: 0
Jan 09, 2022 2:16:19 PM edu.yu.cs.com3800.UDPMessageReceiver run
FINE: Waiting for packet
Jan 09, 2022 2:16:19 PM edu.yu.cs.com3800.UDPMessageReceiver run
FINE: UDP packet received:
Message Type: ELECTION
Sender Host: localhost
Sender port: 8053
Receiver Host: localhost
Receiver port: 8093
Request ID: -1
Error Occurred: false
Message Contents: 
	Leader voted for: 3
	Sender server state: O
	Sender server ID: 3
	Sender peer epoch: 0
Jan 09, 2022 2:16:19 PM edu.yu.cs.com3800.UDPMessageReceiver run
FINE: Waiting for packet
Jan 09, 2022 2:16:19 PM edu.yu.cs.com3800.UDPMessageReceiver run
FINE: UDP packet received:
Message Type: ELECTION
Sender Host: localhost
Sender port: 8043
Receiver Host: localhost
Receiver port: 8093
Request ID: -1
Error Occurred: false
Message Contents: 
	Leader voted for: 7
	Sender server state: O
	Sender server ID: 2
	Sender peer epoch: 0
Jan 09, 2022 2:16:19 PM edu.yu.cs.com3800.UDPMessageReceiver run
FINE: Waiting for packet
Jan 09, 2022 2:16:19 PM edu.yu.cs.com3800.UDPMessageReceiver run
FINE: UDP packet received:
Message Type: ELECTION
Sender Host: localhost
Sender port: 8053
Receiver Host: localhost
Receiver port: 8093
Request ID: -1
Error Occurred: false
Message Contents: 
	Leader voted for: 3
	Sender server state: O
	Sender server ID: 3
	Sender peer epoch: 0
Jan 09, 2022 2:16:19 PM edu.yu.cs.com3800.UDPMessageReceiver run
FINE: Waiting for packet
Jan 09, 2022 2:16:19 PM edu.yu.cs.com3800.UDPMessageReceiver run
FINE: UDP packet received:
Message Type: ELECTION
Sender Host: localhost
Sender port: 8023
Receiver Host: localhost
Receiver port: 8093
Request ID: -1
Error Occurred: false
Message Contents: 
	Leader voted for: 1
	Sender server state: O
	Sender server ID: 0
	Sender peer epoch: 0
Jan 09, 2022 2:16:19 PM edu.yu.cs.com3800.UDPMessageReceiver run
FINE: Waiting for packet
Jan 09, 2022 2:16:19 PM edu.yu.cs.com3800.UDPMessageReceiver run
FINE: UDP packet received:
Message Type: ELECTION
Sender Host: localhost
Sender port: 8023
Receiver Host: localhost
Receiver port: 8093
Request ID: -1
Error Occurred: false
Message Contents: 
	Leader voted for: 4
	Sender server state: O
	Sender server ID: 0
	Sender peer epoch: 0
Jan 09, 2022 2:16:19 PM edu.yu.cs.com3800.UDPMessageReceiver run
FINE: Waiting for packet
Jan 09, 2022 2:16:19 PM edu.yu.cs.com3800.UDPMessageReceiver run
FINE: UDP packet received:
Message Type: ELECTION
Sender Host: localhost
Sender port: 8023
Receiver Host: localhost
Receiver port: 8093
Request ID: -1
Error Occurred: false
Message Contents: 
	Leader voted for: 6
	Sender server state: O
	Sender server ID: 0
	Sender peer epoch: 0
Jan 09, 2022 2:16:19 PM edu.yu.cs.com3800.UDPMessageReceiver run
FINE: Waiting for packet
Jan 09, 2022 2:16:19 PM edu.yu.cs.com3800.UDPMessageReceiver run
FINE: UDP packet received:
Message Type: ELECTION
Sender Host: localhost
Sender port: 8023
Receiver Host: localhost
Receiver port: 8093
Request ID: -1
Error Occurred: false
Message Contents: 
	Leader voted for: 7
	Sender server state: O
	Sender server ID: 0
	Sender peer epoch: 0
Jan 09, 2022 2:16:19 PM edu.yu.cs.com3800.UDPMessageReceiver run
FINE: Waiting for packet
Jan 09, 2022 2:16:19 PM edu.yu.cs.com3800.UDPMessageReceiver run
FINE: UDP packet received:
Message Type: ELECTION
Sender Host: localhost
Sender port: 6002
Receiver Host: localhost
Receiver port: 8093
Request ID: -1
Error Occurred: false
Message Contents: 
	Leader voted for: 1
	Sender server state: B
	Sender server ID: 99
	Sender peer epoch: 0
Jan 09, 2022 2:16:19 PM edu.yu.cs.com3800.UDPMessageReceiver run
FINE: Waiting for packet
Jan 09, 2022 2:16:19 PM edu.yu.cs.com3800.UDPMessageReceiver run
FINE: UDP packet received:
Message Type: ELECTION
Sender Host: localhost
Sender port: 6002
Receiver Host: localhost
Receiver port: 8093
Request ID: -1
Error Occurred: false
Message Contents: 
	Leader voted for: 4
	Sender server state: B
	Sender server ID: 99
	Sender peer epoch: 0
Jan 09, 2022 2:16:19 PM edu.yu.cs.com3800.UDPMessageReceiver run
FINE: Waiting for packet
Jan 09, 2022 2:16:19 PM edu.yu.cs.com3800.UDPMessageReceiver run
FINE: UDP packet received:
Message Type: ELECTION
Sender Host: localhost
Sender port: 6002
Receiver Host: localhost
Receiver port: 8093
Request ID: -1
Error Occurred: false
Message Contents: 
	Leader voted for: 2
	Sender server state: B
	Sender server ID: 99
	Sender peer epoch: 0
Jan 09, 2022 2:16:19 PM edu.yu.cs.com3800.UDPMessageReceiver run
FINE: Waiting for packet
Jan 09, 2022 2:16:19 PM edu.yu.cs.com3800.UDPMessageReceiver run
FINE: UDP packet received:
Message Type: ELECTION
Sender Host: localhost
Sender port: 6002
Receiver Host: localhost
Receiver port: 8093
Request ID: -1
Error Occurred: false
Message Contents: 
	Leader voted for: 2
	Sender server state: B
	Sender server ID: 99
	Sender peer epoch: 0
Jan 09, 2022 2:16:19 PM edu.yu.cs.com3800.UDPMessageReceiver run
FINE: Waiting for packet
Jan 09, 2022 2:16:19 PM edu.yu.cs.com3800.UDPMessageReceiver run
FINE: UDP packet received:
Message Type: ELECTION
Sender Host: localhost
Sender port: 6002
Receiver Host: localhost
Receiver port: 8093
Request ID: -1
Error Occurred: false
Message Contents: 
	Leader voted for: 2
	Sender server state: B
	Sender server ID: 99
	Sender peer epoch: 0
Jan 09, 2022 2:16:19 PM edu.yu.cs.com3800.UDPMessageReceiver run
FINE: Waiting for packet
Jan 09, 2022 2:16:19 PM edu.yu.cs.com3800.UDPMessageReceiver run
FINE: UDP packet received:
Message Type: ELECTION
Sender Host: localhost
Sender port: 6002
Receiver Host: localhost
Receiver port: 8093
Request ID: -1
Error Occurred: false
Message Contents: 
	Leader voted for: 6
	Sender server state: B
	Sender server ID: 99
	Sender peer epoch: 0
Jan 09, 2022 2:16:19 PM edu.yu.cs.com3800.UDPMessageReceiver run
FINE: Waiting for packet
Jan 09, 2022 2:16:19 PM edu.yu.cs.com3800.UDPMessageReceiver run
FINE: UDP packet received:
Message Type: ELECTION
Sender Host: localhost
Sender port: 6002
Receiver Host: localhost
Receiver port: 8093
Request ID: -1
Error Occurred: false
Message Contents: 
	Leader voted for: 6
	Sender server state: B
	Sender server ID: 99
	Sender peer epoch: 0
Jan 09, 2022 2:16:19 PM edu.yu.cs.com3800.UDPMessageReceiver run
FINE: Waiting for packet
Jan 09, 2022 2:16:19 PM edu.yu.cs.com3800.UDPMessageReceiver run
FINE: UDP packet received:
Message Type: ELECTION
Sender Host: localhost
Sender port: 6002
Receiver Host: localhost
Receiver port: 8093
Request ID: -1
Error Occurred: false
Message Contents: 
	Leader voted for: 5
	Sender server state: B
	Sender server ID: 99
	Sender peer epoch: 0
Jan 09, 2022 2:16:19 PM edu.yu.cs.com3800.UDPMessageReceiver run
FINE: Waiting for packet
Jan 09, 2022 2:16:19 PM edu.yu.cs.com3800.UDPMessageReceiver run
FINE: UDP packet received:
Message Type: ELECTION
Sender Host: localhost
Sender port: 6002
Receiver Host: localhost
Receiver port: 8093
Request ID: -1
Error Occurred: false
Message Contents: 
	Leader voted for: 5
	Sender server state: B
	Sender server ID: 99
	Sender peer epoch: 0
Jan 09, 2022 2:16:19 PM edu.yu.cs.com3800.UDPMessageReceiver run
FINE: Waiting for packet
Jan 09, 2022 2:16:19 PM edu.yu.cs.com3800.UDPMessageReceiver run
FINE: UDP packet received:
Message Type: ELECTION
Sender Host: localhost
Sender port: 8033
Receiver Host: localhost
Receiver port: 8093
Request ID: -1
Error Occurred: false
Message Contents: 
	Leader voted for: 4
	Sender server state: O
	Sender server ID: 1
	Sender peer epoch: 0
Jan 09, 2022 2:16:19 PM edu.yu.cs.com3800.UDPMessageReceiver run
FINE: Waiting for packet
Jan 09, 2022 2:16:19 PM edu.yu.cs.com3800.UDPMessageReceiver run
FINE: UDP packet received:
Message Type: ELECTION
Sender Host: localhost
Sender port: 8033
Receiver Host: localhost
Receiver port: 8093
Request ID: -1
Error Occurred: false
Message Contents: 
	Leader voted for: 6
	Sender server state: O
	Sender server ID: 1
	Sender peer epoch: 0
Jan 09, 2022 2:16:19 PM edu.yu.cs.com3800.UDPMessageReceiver run
FINE: Waiting for packet
Jan 09, 2022 2:16:19 PM edu.yu.cs.com3800.UDPMessageReceiver run
FINE: UDP packet received:
Message Type: ELECTION
Sender Host: localhost
Sender port: 8033
Receiver Host: localhost
Receiver port: 8093
Request ID: -1
Error Occurred: false
Message Contents: 
	Leader voted for: 7
	Sender server state: O
	Sender server ID: 1
	Sender peer epoch: 0
Jan 09, 2022 2:16:19 PM edu.yu.cs.com3800.UDPMessageReceiver run
FINE: Waiting for packet
Jan 09, 2022 2:16:19 PM edu.yu.cs.com3800.UDPMessageReceiver run
FINE: UDP packet received:
Message Type: ELECTION
Sender Host: localhost
Sender port: 8063
Receiver Host: localhost
Receiver port: 8093
Request ID: -1
Error Occurred: false
Message Contents: 
	Leader voted for: 6
	Sender server state: O
	Sender server ID: 4
	Sender peer epoch: 0
Jan 09, 2022 2:16:19 PM edu.yu.cs.com3800.UDPMessageReceiver run
FINE: Waiting for packet
Jan 09, 2022 2:16:19 PM edu.yu.cs.com3800.UDPMessageReceiver run
FINE: UDP packet received:
Message Type: ELECTION
Sender Host: localhost
Sender port: 8063
Receiver Host: localhost
Receiver port: 8093
Request ID: -1
Error Occurred: false
Message Contents: 
	Leader voted for: 7
	Sender server state: O
	Sender server ID: 4
	Sender peer epoch: 0
Jan 09, 2022 2:16:19 PM edu.yu.cs.com3800.UDPMessageReceiver run
FINE: Waiting for packet
Jan 09, 2022 2:16:20 PM edu.yu.cs.com3800.UDPMessageReceiver run
FINE: UDP packet received:
Message Type: ELECTION
Sender Host: localhost
Sender port: 8083
Receiver Host: localhost
Receiver port: 8093
Request ID: -1
Error Occurred: false
Message Contents: 
	Leader voted for: 6
	Sender server state: O
	Sender server ID: 6
	Sender peer epoch: 0
Jan 09, 2022 2:16:20 PM edu.yu.cs.com3800.UDPMessageReceiver run
FINE: Waiting for packet
Jan 09, 2022 2:16:20 PM edu.yu.cs.com3800.UDPMessageReceiver run
FINE: UDP packet received:
Message Type: ELECTION
Sender Host: localhost
Sender port: 8053
Receiver Host: localhost
Receiver port: 8093
Request ID: -1
Error Occurred: false
Message Contents: 
	Leader voted for: 3
	Sender server state: O
	Sender server ID: 3
	Sender peer epoch: 0
Jan 09, 2022 2:16:20 PM edu.yu.cs.com3800.UDPMessageReceiver run
FINE: Waiting for packet
Jan 09, 2022 2:16:20 PM edu.yu.cs.com3800.UDPMessageReceiver run
FINE: UDP packet received:
Message Type: ELECTION
Sender Host: localhost
Sender port: 6002
Receiver Host: localhost
Receiver port: 8093
Request ID: -1
Error Occurred: false
Message Contents: 
	Leader voted for: 6
	Sender server state: B
	Sender server ID: 99
	Sender peer epoch: 0
Jan 09, 2022 2:16:20 PM edu.yu.cs.com3800.UDPMessageReceiver run
FINE: Waiting for packet
Jan 09, 2022 2:16:20 PM edu.yu.cs.com3800.UDPMessageReceiver run
FINE: UDP packet received:
Message Type: ELECTION
Sender Host: localhost
Sender port: 6002
Receiver Host: localhost
Receiver port: 8093
Request ID: -1
Error Occurred: false
Message Contents: 
	Leader voted for: 7
	Sender server state: B
	Sender server ID: 99
	Sender peer epoch: 0
Jan 09, 2022 2:16:20 PM edu.yu.cs.com3800.UDPMessageReceiver run
FINE: Waiting for packet
Jan 09, 2022 2:16:20 PM edu.yu.cs.com3800.UDPMessageReceiver run
FINE: UDP packet received:
Message Type: ELECTION
Sender Host: localhost
Sender port: 6002
Receiver Host: localhost
Receiver port: 8093
Request ID: -1
Error Occurred: false
Message Contents: 
	Leader voted for: 5
	Sender server state: B
	Sender server ID: 99
	Sender peer epoch: 0
Jan 09, 2022 2:16:20 PM edu.yu.cs.com3800.UDPMessageReceiver run
FINE: Waiting for packet
Jan 09, 2022 2:16:20 PM edu.yu.cs.com3800.UDPMessageReceiver run
FINE: UDP packet received:
Message Type: ELECTION
Sender Host: localhost
Sender port: 6002
Receiver Host: localhost
Receiver port: 8093
Request ID: -1
Error Occurred: false
Message Contents: 
	Leader voted for: 3
	Sender server state: B
	Sender server ID: 99
	Sender peer epoch: 0
Jan 09, 2022 2:16:20 PM edu.yu.cs.com3800.UDPMessageReceiver run
FINE: Waiting for packet
Jan 09, 2022 2:16:20 PM edu.yu.cs.com3800.UDPMessageReceiver run
FINE: UDP packet received:
Message Type: ELECTION
Sender Host: localhost
Sender port: 6002
Receiver Host: localhost
Receiver port: 8093
Request ID: -1
Error Occurred: false
Message Contents: 
	Leader voted for: 7
	Sender server state: B
	Sender server ID: 99
	Sender peer epoch: 0
Jan 09, 2022 2:16:20 PM edu.yu.cs.com3800.UDPMessageReceiver run
FINE: Waiting for packet
Jan 09, 2022 2:16:20 PM edu.yu.cs.com3800.UDPMessageReceiver run
FINE: UDP packet received:
Message Type: ELECTION
Sender Host: localhost
Sender port: 6002
Receiver Host: localhost
Receiver port: 8093
Request ID: -1
Error Occurred: false
Message Contents: 
	Leader voted for: 7
	Sender server state: B
	Sender server ID: 99
	Sender peer epoch: 0
Jan 09, 2022 2:16:20 PM edu.yu.cs.com3800.UDPMessageReceiver run
FINE: Waiting for packet
Jan 09, 2022 2:16:20 PM edu.yu.cs.com3800.UDPMessageReceiver run
FINE: UDP packet received:
Message Type: ELECTION
Sender Host: localhost
Sender port: 6002
Receiver Host: localhost
Receiver port: 8093
Request ID: -1
Error Occurred: false
Message Contents: 
	Leader voted for: 6
	Sender server state: B
	Sender server ID: 99
	Sender peer epoch: 0
Jan 09, 2022 2:16:20 PM edu.yu.cs.com3800.UDPMessageReceiver run
FINE: Waiting for packet
Jan 09, 2022 2:16:20 PM edu.yu.cs.com3800.UDPMessageReceiver run
FINE: UDP packet received:
Message Type: ELECTION
Sender Host: localhost
Sender port: 6002
Receiver Host: localhost
Receiver port: 8093
Request ID: -1
Error Occurred: false
Message Contents: 
	Leader voted for: 3
	Sender server state: B
	Sender server ID: 99
	Sender peer epoch: 0
Jan 09, 2022 2:16:20 PM edu.yu.cs.com3800.UDPMessageReceiver run
FINE: Waiting for packet
Jan 09, 2022 2:16:20 PM edu.yu.cs.com3800.UDPMessageReceiver run
FINE: UDP packet received:
Message Type: ELECTION
Sender Host: localhost
Sender port: 6002
Receiver Host: localhost
Receiver port: 8093
Request ID: -1
Error Occurred: false
Message Contents: 
	Leader voted for: 1
	Sender server state: B
	Sender server ID: 99
	Sender peer epoch: 0
Jan 09, 2022 2:16:20 PM edu.yu.cs.com3800.UDPMessageReceiver run
FINE: Waiting for packet
Jan 09, 2022 2:16:20 PM edu.yu.cs.com3800.UDPMessageReceiver run
FINE: UDP packet received:
Message Type: ELECTION
Sender Host: localhost
Sender port: 6002
Receiver Host: localhost
Receiver port: 8093
Request ID: -1
Error Occurred: false
Message Contents: 
	Leader voted for: 7
	Sender server state: B
	Sender server ID: 99
	Sender peer epoch: 0
Jan 09, 2022 2:16:20 PM edu.yu.cs.com3800.UDPMessageReceiver run
FINE: Waiting for packet
Jan 09, 2022 2:16:20 PM edu.yu.cs.com3800.UDPMessageReceiver run
FINE: UDP packet received:
Message Type: ELECTION
Sender Host: localhost
Sender port: 6002
Receiver Host: localhost
Receiver port: 8093
Request ID: -1
Error Occurred: false
Message Contents: 
	Leader voted for: 3
	Sender server state: B
	Sender server ID: 99
	Sender peer epoch: 0
Jan 09, 2022 2:16:20 PM edu.yu.cs.com3800.UDPMessageReceiver run
FINE: Waiting for packet
Jan 09, 2022 2:16:20 PM edu.yu.cs.com3800.UDPMessageReceiver run
FINE: UDP packet received:
Message Type: GOSSIP
Sender Host: localhost
Sender port: 8033
Receiver Host: localhost
Receiver port: 8093
Request ID: -1
Error Occurred: false
Message Contents: 
8033-
Jan 09, 2022 2:16:20 PM edu.yu.cs.com3800.UDPMessageReceiver run
FINE: Waiting for packet
Jan 09, 2022 2:16:21 PM edu.yu.cs.com3800.UDPMessageReceiver run
FINE: UDP packet received:
Message Type: ELECTION
Sender Host: localhost
Sender port: 8083
Receiver Host: localhost
Receiver port: 8093
Request ID: -1
Error Occurred: false
Message Contents: 
	Leader voted for: 6
	Sender server state: O
	Sender server ID: 6
	Sender peer epoch: 0
Jan 09, 2022 2:16:21 PM edu.yu.cs.com3800.UDPMessageReceiver run
FINE: Waiting for packet
Jan 09, 2022 2:16:21 PM edu.yu.cs.com3800.UDPMessageReceiver run
FINE: UDP packet received:
Message Type: ELECTION
Sender Host: localhost
Sender port: 8053
Receiver Host: localhost
Receiver port: 8093
Request ID: -1
Error Occurred: false
Message Contents: 
	Leader voted for: 6
	Sender server state: O
	Sender server ID: 3
	Sender peer epoch: 0
Jan 09, 2022 2:16:21 PM edu.yu.cs.com3800.UDPMessageReceiver run
FINE: Waiting for packet
Jan 09, 2022 2:16:22 PM edu.yu.cs.com3800.UDPMessageReceiver run
FINE: UDP packet received:
Message Type: ELECTION
Sender Host: localhost
Sender port: 6002
Receiver Host: localhost
Receiver port: 8093
Request ID: -1
Error Occurred: false
Message Contents: 
	Leader voted for: 7
	Sender server state: B
	Sender server ID: 99
	Sender peer epoch: 0
Jan 09, 2022 2:16:22 PM edu.yu.cs.com3800.UDPMessageReceiver run
FINE: Waiting for packet
Jan 09, 2022 2:16:22 PM edu.yu.cs.com3800.UDPMessageReceiver run
FINE: UDP packet received:
Message Type: ELECTION
Sender Host: localhost
Sender port: 6002
Receiver Host: localhost
Receiver port: 8093
Request ID: -1
Error Occurred: false
Message Contents: 
	Leader voted for: 4
	Sender server state: B
	Sender server ID: 99
	Sender peer epoch: 0
Jan 09, 2022 2:16:22 PM edu.yu.cs.com3800.UDPMessageReceiver run
FINE: Waiting for packet
Jan 09, 2022 2:16:22 PM edu.yu.cs.com3800.UDPMessageReceiver run
FINE: UDP packet received:
Message Type: ELECTION
Sender Host: localhost
Sender port: 6002
Receiver Host: localhost
Receiver port: 8093
Request ID: -1
Error Occurred: false
Message Contents: 
	Leader voted for: 6
	Sender server state: B
	Sender server ID: 99
	Sender peer epoch: 0
Jan 09, 2022 2:16:22 PM edu.yu.cs.com3800.UDPMessageReceiver run
FINE: Waiting for packet
Jan 09, 2022 2:16:22 PM edu.yu.cs.com3800.UDPMessageReceiver run
FINE: UDP packet received:
Message Type: ELECTION
Sender Host: localhost
Sender port: 6002
Receiver Host: localhost
Receiver port: 8093
Request ID: -1
Error Occurred: false
Message Contents: 
	Leader voted for: 7
	Sender server state: B
	Sender server ID: 99
	Sender peer epoch: 0
Jan 09, 2022 2:16:22 PM edu.yu.cs.com3800.UDPMessageReceiver run
FINE: Waiting for packet
Jan 09, 2022 2:16:22 PM edu.yu.cs.com3800.UDPMessageReceiver run
FINE: UDP packet received:
Message Type: ELECTION
Sender Host: localhost
Sender port: 6002
Receiver Host: localhost
Receiver port: 8093
Request ID: -1
Error Occurred: false
Message Contents: 
	Leader voted for: 4
	Sender server state: B
	Sender server ID: 99
	Sender peer epoch: 0
Jan 09, 2022 2:16:22 PM edu.yu.cs.com3800.UDPMessageReceiver run
FINE: Waiting for packet
Jan 09, 2022 2:16:22 PM edu.yu.cs.com3800.UDPMessageReceiver run
FINE: UDP packet received:
Message Type: ELECTION
Sender Host: localhost
Sender port: 6002
Receiver Host: localhost
Receiver port: 8093
Request ID: -1
Error Occurred: false
Message Contents: 
	Leader voted for: 6
	Sender server state: B
	Sender server ID: 99
	Sender peer epoch: 0
Jan 09, 2022 2:16:22 PM edu.yu.cs.com3800.UDPMessageReceiver run
FINE: Waiting for packet
Jan 09, 2022 2:16:22 PM edu.yu.cs.com3800.UDPMessageReceiver run
FINE: UDP packet received:
Message Type: ELECTION
Sender Host: localhost
Sender port: 6002
Receiver Host: localhost
Receiver port: 8093
Request ID: -1
Error Occurred: false
Message Contents: 
	Leader voted for: 7
	Sender server state: B
	Sender server ID: 99
	Sender peer epoch: 0
Jan 09, 2022 2:16:22 PM edu.yu.cs.com3800.UDPMessageReceiver run
FINE: Waiting for packet
Jan 09, 2022 2:16:22 PM edu.yu.cs.com3800.UDPMessageReceiver run
FINE: UDP packet received:
Message Type: ELECTION
Sender Host: localhost
Sender port: 6002
Receiver Host: localhost
Receiver port: 8093
Request ID: -1
Error Occurred: false
Message Contents: 
	Leader voted for: 6
	Sender server state: B
	Sender server ID: 99
	Sender peer epoch: 0
Jan 09, 2022 2:16:22 PM edu.yu.cs.com3800.UDPMessageReceiver run
FINE: Waiting for packet
Jan 09, 2022 2:16:22 PM edu.yu.cs.com3800.UDPMessageReceiver run
FINE: UDP packet received:
Message Type: ELECTION
Sender Host: localhost
Sender port: 6002
Receiver Host: localhost
Receiver port: 8093
Request ID: -1
Error Occurred: false
Message Contents: 
	Leader voted for: 7
	Sender server state: B
	Sender server ID: 99
	Sender peer epoch: 0
Jan 09, 2022 2:16:22 PM edu.yu.cs.com3800.UDPMessageReceiver run
FINE: Waiting for packet
Jan 09, 2022 2:16:22 PM edu.yu.cs.com3800.UDPMessageReceiver run
FINE: UDP packet received:
Message Type: ELECTION
Sender Host: localhost
Sender port: 6002
Receiver Host: localhost
Receiver port: 8093
Request ID: -1
Error Occurred: false
Message Contents: 
	Leader voted for: 6
	Sender server state: B
	Sender server ID: 99
	Sender peer epoch: 0
Jan 09, 2022 2:16:22 PM edu.yu.cs.com3800.UDPMessageReceiver run
FINE: Waiting for packet
Jan 09, 2022 2:16:22 PM edu.yu.cs.com3800.UDPMessageReceiver run
FINE: UDP packet received:
Message Type: ELECTION
Sender Host: localhost
Sender port: 6002
Receiver Host: localhost
Receiver port: 8093
Request ID: -1
Error Occurred: false
Message Contents: 
	Leader voted for: 3
	Sender server state: B
	Sender server ID: 99
	Sender peer epoch: 0
Jan 09, 2022 2:16:22 PM edu.yu.cs.com3800.UDPMessageReceiver run
FINE: Waiting for packet
Jan 09, 2022 2:16:22 PM edu.yu.cs.com3800.UDPMessageReceiver run
FINE: UDP packet received:
Message Type: ELECTION
Sender Host: localhost
Sender port: 6002
Receiver Host: localhost
Receiver port: 8093
Request ID: -1
Error Occurred: false
Message Contents: 
	Leader voted for: 3
	Sender server state: B
	Sender server ID: 99
	Sender peer epoch: 0
Jan 09, 2022 2:16:22 PM edu.yu.cs.com3800.UDPMessageReceiver run
FINE: Waiting for packet
Jan 09, 2022 2:16:22 PM edu.yu.cs.com3800.UDPMessageReceiver run
FINE: UDP packet received:
Message Type: ELECTION
Sender Host: localhost
Sender port: 6002
Receiver Host: localhost
Receiver port: 8093
Request ID: -1
Error Occurred: false
Message Contents: 
	Leader voted for: 6
	Sender server state: B
	Sender server ID: 99
	Sender peer epoch: 0
Jan 09, 2022 2:16:22 PM edu.yu.cs.com3800.UDPMessageReceiver run
FINE: Waiting for packet
Jan 09, 2022 2:16:22 PM edu.yu.cs.com3800.UDPMessageReceiver run
FINE: UDP packet received:
Message Type: ELECTION
Sender Host: localhost
Sender port: 6002
Receiver Host: localhost
Receiver port: 8093
Request ID: -1
Error Occurred: false
Message Contents: 
	Leader voted for: 6
	Sender server state: B
	Sender server ID: 99
	Sender peer epoch: 0
Jan 09, 2022 2:16:22 PM edu.yu.cs.com3800.UDPMessageReceiver run
FINE: Waiting for packet
Jan 09, 2022 2:16:23 PM edu.yu.cs.com3800.UDPMessageReceiver run
FINE: UDP packet received:
Message Type: ELECTION
Sender Host: localhost
Sender port: 8053
Receiver Host: localhost
Receiver port: 8093
Request ID: -1
Error Occurred: false
Message Contents: 
	Leader voted for: 6
	Sender server state: O
	Sender server ID: 3
	Sender peer epoch: 0
Jan 09, 2022 2:16:23 PM edu.yu.cs.com3800.UDPMessageReceiver sendElectionReply
FINE: Election reply sent:
Message Type: ELECTION
Sender Host: localhost
Sender port: 8093
Receiver Host: localhost
Receiver port: 8053
Request ID: -1
Error Occurred: false
Message Contents: 
	Leader voted for: 7
	Sender server state: E
	Sender server ID: 7
	Sender peer epoch: 0
Jan 09, 2022 2:16:23 PM edu.yu.cs.com3800.UDPMessageReceiver run
FINE: Waiting for packet
Jan 09, 2022 2:16:23 PM edu.yu.cs.com3800.UDPMessageReceiver run
FINE: UDP packet received:
Message Type: ELECTION
Sender Host: localhost
Sender port: 6002
Receiver Host: localhost
Receiver port: 8093
Request ID: -1
Error Occurred: false
Message Contents: 
	Leader voted for: 6
	Sender server state: B
	Sender server ID: 99
	Sender peer epoch: 0
Jan 09, 2022 2:16:23 PM edu.yu.cs.com3800.UDPMessageReceiver sendElectionReply
FINE: Election reply sent:
Message Type: ELECTION
Sender Host: localhost
Sender port: 8093
Receiver Host: localhost
Receiver port: 6002
Request ID: -1
Error Occurred: false
Message Contents: 
	Leader voted for: 7
	Sender server state: E
	Sender server ID: 7
	Sender peer epoch: 0
Jan 09, 2022 2:16:23 PM edu.yu.cs.com3800.UDPMessageReceiver run
FINE: Waiting for packet
Jan 09, 2022 2:16:23 PM edu.yu.cs.com3800.UDPMessageReceiver run
FINE: UDP packet received:
Message Type: ELECTION
Sender Host: localhost
Sender port: 6002
Receiver Host: localhost
Receiver port: 8093
Request ID: -1
Error Occurred: false
Message Contents: 
	Leader voted for: 6
	Sender server state: B
	Sender server ID: 99
	Sender peer epoch: 0
Jan 09, 2022 2:16:23 PM edu.yu.cs.com3800.UDPMessageReceiver sendElectionReply
FINE: Election reply sent:
Message Type: ELECTION
Sender Host: localhost
Sender port: 8093
Receiver Host: localhost
Receiver port: 6002
Request ID: -1
Error Occurred: false
Message Contents: 
	Leader voted for: 7
	Sender server state: E
	Sender server ID: 7
	Sender peer epoch: 0
Jan 09, 2022 2:16:23 PM edu.yu.cs.com3800.UDPMessageReceiver run
FINE: Waiting for packet
Jan 09, 2022 2:16:24 PM edu.yu.cs.com3800.UDPMessageReceiver run
FINE: UDP packet received:
Message Type: ELECTION
Sender Host: localhost
Sender port: 6002
Receiver Host: localhost
Receiver port: 8093
Request ID: -1
Error Occurred: false
Message Contents: 
	Leader voted for: 6
	Sender server state: B
	Sender server ID: 99
	Sender peer epoch: 0
Jan 09, 2022 2:16:24 PM edu.yu.cs.com3800.UDPMessageReceiver sendElectionReply
FINE: Election reply sent:
Message Type: ELECTION
Sender Host: localhost
Sender port: 8093
Receiver Host: localhost
Receiver port: 6002
Request ID: -1
Error Occurred: false
Message Contents: 
	Leader voted for: 7
	Sender server state: E
	Sender server ID: 7
	Sender peer epoch: 0
Jan 09, 2022 2:16:24 PM edu.yu.cs.com3800.UDPMessageReceiver run
FINE: Waiting for packet
Jan 09, 2022 2:16:26 PM edu.yu.cs.com3800.UDPMessageReceiver run
FINE: UDP packet received:
Message Type: ELECTION
Sender Host: localhost
Sender port: 8083
Receiver Host: localhost
Receiver port: 8093
Request ID: -1
Error Occurred: false
Message Contents: 
	Leader voted for: 6
	Sender server state: O
	Sender server ID: 6
	Sender peer epoch: 0
Jan 09, 2022 2:16:26 PM edu.yu.cs.com3800.UDPMessageReceiver sendElectionReply
FINE: Election reply sent:
Message Type: ELECTION
Sender Host: localhost
Sender port: 8093
Receiver Host: localhost
Receiver port: 8083
Request ID: -1
Error Occurred: false
Message Contents: 
	Leader voted for: 7
	Sender server state: E
	Sender server ID: 7
	Sender peer epoch: 0
Jan 09, 2022 2:16:26 PM edu.yu.cs.com3800.UDPMessageReceiver run
FINE: Waiting for packet
Jan 09, 2022 2:16:26 PM edu.yu.cs.com3800.UDPMessageReceiver run
FINE: UDP packet received:
Message Type: ELECTION
Sender Host: localhost
Sender port: 6002
Receiver Host: localhost
Receiver port: 8093
Request ID: -1
Error Occurred: false
Message Contents: 
	Leader voted for: 6
	Sender server state: B
	Sender server ID: 99
	Sender peer epoch: 0
Jan 09, 2022 2:16:26 PM edu.yu.cs.com3800.UDPMessageReceiver sendElectionReply
FINE: Election reply sent:
Message Type: ELECTION
Sender Host: localhost
Sender port: 8093
Receiver Host: localhost
Receiver port: 6002
Request ID: -1
Error Occurred: false
Message Contents: 
	Leader voted for: 7
	Sender server state: E
	Sender server ID: 7
	Sender peer epoch: 0
Jan 09, 2022 2:16:26 PM edu.yu.cs.com3800.UDPMessageReceiver run
FINE: Waiting for packet
Jan 09, 2022 2:16:26 PM edu.yu.cs.com3800.UDPMessageReceiver run
FINE: UDP packet received:
Message Type: ELECTION
Sender Host: localhost
Sender port: 8053
Receiver Host: localhost
Receiver port: 8093
Request ID: -1
Error Occurred: false
Message Contents: 
	Leader voted for: 6
	Sender server state: O
	Sender server ID: 3
	Sender peer epoch: 0
Jan 09, 2022 2:16:26 PM edu.yu.cs.com3800.UDPMessageReceiver sendElectionReply
FINE: Election reply sent:
Message Type: ELECTION
Sender Host: localhost
Sender port: 8093
Receiver Host: localhost
Receiver port: 8053
Request ID: -1
Error Occurred: false
Message Contents: 
	Leader voted for: 7
	Sender server state: E
	Sender server ID: 7
	Sender peer epoch: 0
Jan 09, 2022 2:16:26 PM edu.yu.cs.com3800.UDPMessageReceiver run
FINE: Waiting for packet
Jan 09, 2022 2:16:26 PM edu.yu.cs.com3800.UDPMessageReceiver run
FINE: UDP packet received:
Message Type: ELECTION
Sender Host: localhost
Sender port: 6002
Receiver Host: localhost
Receiver port: 8093
Request ID: -1
Error Occurred: false
Message Contents: 
	Leader voted for: 6
	Sender server state: B
	Sender server ID: 99
	Sender peer epoch: 0
Jan 09, 2022 2:16:26 PM edu.yu.cs.com3800.UDPMessageReceiver sendElectionReply
FINE: Election reply sent:
Message Type: ELECTION
Sender Host: localhost
Sender port: 8093
Receiver Host: localhost
Receiver port: 6002
Request ID: -1
Error Occurred: false
Message Contents: 
	Leader voted for: 7
	Sender server state: E
	Sender server ID: 7
	Sender peer epoch: 0
Jan 09, 2022 2:16:26 PM edu.yu.cs.com3800.UDPMessageReceiver run
FINE: Waiting for packet
Jan 09, 2022 2:16:27 PM edu.yu.cs.com3800.UDPMessageReceiver run
FINE: UDP packet received:
Message Type: GOSSIP
Sender Host: localhost
Sender port: 8073
Receiver Host: localhost
Receiver port: 8093
Request ID: -1
Error Occurred: false
Message Contents: 
8073-
Jan 09, 2022 2:16:27 PM edu.yu.cs.com3800.UDPMessageReceiver run
FINE: Waiting for packet
Jan 09, 2022 2:16:28 PM edu.yu.cs.com3800.UDPMessageReceiver run
FINE: UDP packet received:
Message Type: GOSSIP
Sender Host: localhost
Sender port: 8033
Receiver Host: localhost
Receiver port: 8093
Request ID: -1
Error Occurred: false
Message Contents: 
8033-
Jan 09, 2022 2:16:28 PM edu.yu.cs.com3800.UDPMessageReceiver run
FINE: Waiting for packet
Jan 09, 2022 2:16:28 PM edu.yu.cs.com3800.UDPMessageReceiver run
FINE: UDP packet received:
Message Type: GOSSIP
Sender Host: localhost
Sender port: 8053
Receiver Host: localhost
Receiver port: 8093
Request ID: -1
Error Occurred: false
Message Contents: 
8053-
Jan 09, 2022 2:16:28 PM edu.yu.cs.com3800.UDPMessageReceiver run
FINE: Waiting for packet
Jan 09, 2022 2:16:30 PM edu.yu.cs.com3800.UDPMessageReceiver run
FINE: UDP packet received:
Message Type: GOSSIP
Sender Host: localhost
Sender port: 8043
Receiver Host: localhost
Receiver port: 8093
Request ID: -1
Error Occurred: false
Message Contents: 
8043-
Jan 09, 2022 2:16:30 PM edu.yu.cs.com3800.UDPMessageReceiver run
FINE: Waiting for packet
Jan 09, 2022 2:16:30 PM edu.yu.cs.com3800.UDPMessageReceiver run
FINE: UDP packet received:
Message Type: ELECTION
Sender Host: localhost
Sender port: 6002
Receiver Host: localhost
Receiver port: 8093
Request ID: -1
Error Occurred: false
Message Contents: 
	Leader voted for: 6
	Sender server state: B
	Sender server ID: 99
	Sender peer epoch: 0
Jan 09, 2022 2:16:30 PM edu.yu.cs.com3800.UDPMessageReceiver sendElectionReply
FINE: Election reply sent:
Message Type: ELECTION
Sender Host: localhost
Sender port: 8093
Receiver Host: localhost
Receiver port: 6002
Request ID: -1
Error Occurred: false
Message Contents: 
	Leader voted for: 7
	Sender server state: E
	Sender server ID: 7
	Sender peer epoch: 0
Jan 09, 2022 2:16:30 PM edu.yu.cs.com3800.UDPMessageReceiver run
FINE: Waiting for packet
Jan 09, 2022 2:16:30 PM edu.yu.cs.com3800.UDPMessageReceiver run
FINE: UDP packet received:
Message Type: ELECTION
Sender Host: localhost
Sender port: 8083
Receiver Host: localhost
Receiver port: 8093
Request ID: -1
Error Occurred: false
Message Contents: 
	Leader voted for: 6
	Sender server state: O
	Sender server ID: 6
	Sender peer epoch: 0
Jan 09, 2022 2:16:30 PM edu.yu.cs.com3800.UDPMessageReceiver sendElectionReply
FINE: Election reply sent:
Message Type: ELECTION
Sender Host: localhost
Sender port: 8093
Receiver Host: localhost
Receiver port: 8083
Request ID: -1
Error Occurred: false
Message Contents: 
	Leader voted for: 7
	Sender server state: E
	Sender server ID: 7
	Sender peer epoch: 0
Jan 09, 2022 2:16:30 PM edu.yu.cs.com3800.UDPMessageReceiver run
FINE: Waiting for packet
Jan 09, 2022 2:16:32 PM edu.yu.cs.com3800.UDPMessageReceiver run
FINE: UDP packet received:
Message Type: GOSSIP
Sender Host: localhost
Sender port: 8023
Receiver Host: localhost
Receiver port: 8093
Request ID: -1
Error Occurred: false
Message Contents: 
8023-
Jan 09, 2022 2:16:32 PM edu.yu.cs.com3800.UDPMessageReceiver run
FINE: Waiting for packet
Jan 09, 2022 2:16:32 PM edu.yu.cs.com3800.UDPMessageReceiver run
FINE: UDP packet received:
Message Type: GOSSIP
Sender Host: localhost
Sender port: 8043
Receiver Host: localhost
Receiver port: 8093
Request ID: -1
Error Occurred: false
Message Contents: 
8043-
Jan 09, 2022 2:16:32 PM edu.yu.cs.com3800.UDPMessageReceiver run
FINE: Waiting for packet
Jan 09, 2022 2:16:33 PM edu.yu.cs.com3800.UDPMessageReceiver run
FINE: UDP packet received:
Message Type: GOSSIP
Sender Host: localhost
Sender port: 8073
Receiver Host: localhost
Receiver port: 8093
Request ID: -1
Error Occurred: false
Message Contents: 
8073-
Jan 09, 2022 2:16:33 PM edu.yu.cs.com3800.UDPMessageReceiver run
FINE: Waiting for packet
Jan 09, 2022 2:16:33 PM edu.yu.cs.com3800.UDPMessageReceiver run
FINE: UDP packet received:
Message Type: ELECTION
Sender Host: localhost
Sender port: 6002
Receiver Host: localhost
Receiver port: 8093
Request ID: -1
Error Occurred: false
Message Contents: 
	Leader voted for: 6
	Sender server state: B
	Sender server ID: 99
	Sender peer epoch: 0
Jan 09, 2022 2:16:33 PM edu.yu.cs.com3800.UDPMessageReceiver sendElectionReply
FINE: Election reply sent:
Message Type: ELECTION
Sender Host: localhost
Sender port: 8093
Receiver Host: localhost
Receiver port: 6002
Request ID: -1
Error Occurred: false
Message Contents: 
	Leader voted for: 7
	Sender server state: E
	Sender server ID: 7
	Sender peer epoch: 0
Jan 09, 2022 2:16:33 PM edu.yu.cs.com3800.UDPMessageReceiver run
FINE: Waiting for packet
Jan 09, 2022 2:16:36 PM edu.yu.cs.com3800.UDPMessageReceiver run
FINE: UDP packet received:
Message Type: ELECTION
Sender Host: localhost
Sender port: 8083
Receiver Host: localhost
Receiver port: 8093
Request ID: -1
Error Occurred: false
Message Contents: 
	Leader voted for: 6
	Sender server state: O
	Sender server ID: 6
	Sender peer epoch: 0
Jan 09, 2022 2:16:36 PM edu.yu.cs.com3800.UDPMessageReceiver sendElectionReply
FINE: Election reply sent:
Message Type: ELECTION
Sender Host: localhost
Sender port: 8093
Receiver Host: localhost
Receiver port: 8083
Request ID: -1
Error Occurred: false
Message Contents: 
	Leader voted for: 7
	Sender server state: E
	Sender server ID: 7
	Sender peer epoch: 0
Jan 09, 2022 2:16:36 PM edu.yu.cs.com3800.UDPMessageReceiver run
FINE: Waiting for packet
Jan 09, 2022 2:16:37 PM edu.yu.cs.com3800.UDPMessageReceiver run
FINE: UDP packet received:
Message Type: GOSSIP
Sender Host: localhost
Sender port: 8023
Receiver Host: localhost
Receiver port: 8093
Request ID: -1
Error Occurred: false
Message Contents: 
8023-
Jan 09, 2022 2:16:37 PM edu.yu.cs.com3800.UDPMessageReceiver run
FINE: Waiting for packet
Jan 09, 2022 2:16:37 PM edu.yu.cs.com3800.UDPMessageReceiver run
FINE: UDP packet received:
Message Type: ELECTION
Sender Host: localhost
Sender port: 6002
Receiver Host: localhost
Receiver port: 8093
Request ID: -1
Error Occurred: false
Message Contents: 
	Leader voted for: 6
	Sender server state: B
	Sender server ID: 99
	Sender peer epoch: 0
Jan 09, 2022 2:16:37 PM edu.yu.cs.com3800.UDPMessageReceiver sendElectionReply
FINE: Election reply sent:
Message Type: ELECTION
Sender Host: localhost
Sender port: 8093
Receiver Host: localhost
Receiver port: 6002
Request ID: -1
Error Occurred: false
Message Contents: 
	Leader voted for: 7
	Sender server state: E
	Sender server ID: 7
	Sender peer epoch: 0
Jan 09, 2022 2:16:37 PM edu.yu.cs.com3800.UDPMessageReceiver run
FINE: Waiting for packet
Jan 09, 2022 2:16:38 PM edu.yu.cs.com3800.UDPMessageReceiver run
FINE: UDP packet received:
Message Type: GOSSIP
Sender Host: localhost
Sender port: 8063
Receiver Host: localhost
Receiver port: 8093
Request ID: -1
Error Occurred: false
Message Contents: 
8063-
Jan 09, 2022 2:16:38 PM edu.yu.cs.com3800.UDPMessageReceiver run
FINE: Waiting for packet
Jan 09, 2022 2:16:39 PM edu.yu.cs.com3800.UDPMessageReceiver run
FINE: UDP packet received:
Message Type: GOSSIP
Sender Host: localhost
Sender port: 8043
Receiver Host: localhost
Receiver port: 8093
Request ID: -1
Error Occurred: false
Message Contents: 
8043-
Jan 09, 2022 2:16:39 PM edu.yu.cs.com3800.UDPMessageReceiver run
FINE: Waiting for packet
Jan 09, 2022 2:16:42 PM edu.yu.cs.com3800.UDPMessageReceiver run
FINE: Waiting for packet
Jan 09, 2022 2:16:42 PM edu.yu.cs.com3800.UDPMessageReceiver run
FINE: UDP packet received:
Message Type: ELECTION
Sender Host: localhost
Sender port: 8053
Receiver Host: localhost
Receiver port: 8093
Request ID: -1
Error Occurred: false
Message Contents: 
	Leader voted for: 6
	Sender server state: O
	Sender server ID: 3
	Sender peer epoch: 0
Jan 09, 2022 2:16:42 PM edu.yu.cs.com3800.UDPMessageReceiver sendElectionReply
FINE: Election reply sent:
Message Type: ELECTION
Sender Host: localhost
Sender port: 8093
Receiver Host: localhost
Receiver port: 8053
Request ID: -1
Error Occurred: false
Message Contents: 
	Leader voted for: 7
	Sender server state: E
	Sender server ID: 7
	Sender peer epoch: 0
Jan 09, 2022 2:16:42 PM edu.yu.cs.com3800.UDPMessageReceiver run
FINE: Waiting for packet
Jan 09, 2022 2:16:42 PM edu.yu.cs.com3800.UDPMessageReceiver run
FINE: UDP packet received:
Message Type: ELECTION
Sender Host: localhost
Sender port: 6002
Receiver Host: localhost
Receiver port: 8093
Request ID: -1
Error Occurred: false
Message Contents: 
	Leader voted for: 6
	Sender server state: B
	Sender server ID: 99
	Sender peer epoch: 0
Jan 09, 2022 2:16:42 PM edu.yu.cs.com3800.UDPMessageReceiver sendElectionReply
FINE: Election reply sent:
Message Type: ELECTION
Sender Host: localhost
Sender port: 8093
Receiver Host: localhost
Receiver port: 6002
Request ID: -1
Error Occurred: false
Message Contents: 
	Leader voted for: 7
	Sender server state: E
	Sender server ID: 7
	Sender peer epoch: 0
Jan 09, 2022 2:16:42 PM edu.yu.cs.com3800.UDPMessageReceiver run
FINE: Waiting for packet
Jan 09, 2022 2:16:42 PM edu.yu.cs.com3800.UDPMessageReceiver run
FINE: UDP packet received:
Message Type: ELECTION
Sender Host: localhost
Sender port: 6002
Receiver Host: localhost
Receiver port: 8093
Request ID: -1
Error Occurred: false
Message Contents: 
	Leader voted for: 6
	Sender server state: B
	Sender server ID: 99
	Sender peer epoch: 0
Jan 09, 2022 2:16:42 PM edu.yu.cs.com3800.UDPMessageReceiver sendElectionReply
FINE: Election reply sent:
Message Type: ELECTION
Sender Host: localhost
Sender port: 8093
Receiver Host: localhost
Receiver port: 6002
Request ID: -1
Error Occurred: false
Message Contents: 
	Leader voted for: 7
	Sender server state: E
	Sender server ID: 7
	Sender peer epoch: 0
Jan 09, 2022 2:16:42 PM edu.yu.cs.com3800.UDPMessageReceiver run
FINE: Waiting for packet
Jan 09, 2022 2:16:45 PM edu.yu.cs.com3800.UDPMessageReceiver run
FINE: UDP packet received:
Message Type: GOSSIP
Sender Host: localhost
Sender port: 8063
Receiver Host: localhost
Receiver port: 8093
Request ID: -1
Error Occurred: false
Message Contents: 
8063-
Jan 09, 2022 2:16:45 PM edu.yu.cs.com3800.UDPMessageReceiver run
FINE: Waiting for packet
Jan 09, 2022 2:16:48 PM edu.yu.cs.com3800.UDPMessageReceiver run
FINE: Waiting for packet
Jan 09, 2022 2:16:51 PM edu.yu.cs.com3800.UDPMessageReceiver run
FINE: Waiting for packet
Jan 09, 2022 3:30:52 PM edu.yu.cs.com3800.UDPMessageReceiver run
FINE: Waiting for packet
Jan 09, 2022 3:30:52 PM edu.yu.cs.com3800.UDPMessageReceiver run
FINE: UDP packet received:
Message Type: ELECTION
Sender Host: localhost
Sender port: 6002
Receiver Host: localhost
Receiver port: 8093
Request ID: -1
Error Occurred: false
Message Contents: 
	Leader voted for: 4
	Sender server state: B
	Sender server ID: 99
	Sender peer epoch: 0
Jan 09, 2022 3:30:52 PM edu.yu.cs.com3800.UDPMessageReceiver run
FINE: Waiting for packet
Jan 09, 2022 3:30:53 PM edu.yu.cs.com3800.UDPMessageReceiver run
FINE: UDP packet received:
Message Type: ELECTION
Sender Host: localhost
Sender port: 8083
Receiver Host: localhost
Receiver port: 8093
Request ID: -1
Error Occurred: false
Message Contents: 
	Leader voted for: 6
	Sender server state: O
	Sender server ID: 6
	Sender peer epoch: 0
Jan 09, 2022 3:30:53 PM edu.yu.cs.com3800.UDPMessageReceiver run
FINE: Waiting for packet
Jan 09, 2022 3:30:53 PM edu.yu.cs.com3800.UDPMessageReceiver run
FINE: UDP packet received:
Message Type: ELECTION
Sender Host: localhost
Sender port: 8073
Receiver Host: localhost
Receiver port: 8093
Request ID: -1
Error Occurred: false
Message Contents: 
	Leader voted for: 6
	Sender server state: O
	Sender server ID: 5
	Sender peer epoch: 0
Jan 09, 2022 3:30:53 PM edu.yu.cs.com3800.UDPMessageReceiver run
FINE: Waiting for packet
Jan 09, 2022 3:30:53 PM edu.yu.cs.com3800.UDPMessageReceiver run
FINE: UDP packet received:
Message Type: ELECTION
Sender Host: localhost
Sender port: 8053
Receiver Host: localhost
Receiver port: 8093
Request ID: -1
Error Occurred: false
Message Contents: 
	Leader voted for: 3
	Sender server state: O
	Sender server ID: 3
	Sender peer epoch: 0
Jan 09, 2022 3:30:53 PM edu.yu.cs.com3800.UDPMessageReceiver run
FINE: Waiting for packet
Jan 09, 2022 3:30:53 PM edu.yu.cs.com3800.UDPMessageReceiver run
FINE: UDP packet received:
Message Type: ELECTION
Sender Host: localhost
Sender port: 8053
Receiver Host: localhost
Receiver port: 8093
Request ID: -1
Error Occurred: false
Message Contents: 
	Leader voted for: 6
	Sender server state: O
	Sender server ID: 3
	Sender peer epoch: 0
Jan 09, 2022 3:30:53 PM edu.yu.cs.com3800.UDPMessageReceiver run
FINE: Waiting for packet
Jan 09, 2022 3:30:53 PM edu.yu.cs.com3800.UDPMessageReceiver run
FINE: UDP packet received:
Message Type: ELECTION
Sender Host: localhost
Sender port: 8053
Receiver Host: localhost
Receiver port: 8093
Request ID: -1
Error Occurred: false
Message Contents: 
	Leader voted for: 7
	Sender server state: O
	Sender server ID: 3
	Sender peer epoch: 0
Jan 09, 2022 3:30:53 PM edu.yu.cs.com3800.UDPMessageReceiver run
FINE: Waiting for packet
Jan 09, 2022 3:30:53 PM edu.yu.cs.com3800.UDPMessageReceiver run
FINE: UDP packet received:
Message Type: ELECTION
Sender Host: localhost
Sender port: 8043
Receiver Host: localhost
Receiver port: 8093
Request ID: -1
Error Occurred: false
Message Contents: 
	Leader voted for: 2
	Sender server state: O
	Sender server ID: 2
	Sender peer epoch: 0
Jan 09, 2022 3:30:53 PM edu.yu.cs.com3800.UDPMessageReceiver run
FINE: Waiting for packet
Jan 09, 2022 3:30:53 PM edu.yu.cs.com3800.UDPMessageReceiver run
FINE: UDP packet received:
Message Type: ELECTION
Sender Host: localhost
Sender port: 8043
Receiver Host: localhost
Receiver port: 8093
Request ID: -1
Error Occurred: false
Message Contents: 
	Leader voted for: 2
	Sender server state: O
	Sender server ID: 2
	Sender peer epoch: 0
Jan 09, 2022 3:30:53 PM edu.yu.cs.com3800.UDPMessageReceiver run
FINE: Waiting for packet
Jan 09, 2022 3:30:53 PM edu.yu.cs.com3800.UDPMessageReceiver run
FINE: UDP packet received:
Message Type: ELECTION
Sender Host: localhost
Sender port: 8023
Receiver Host: localhost
Receiver port: 8093
Request ID: -1
Error Occurred: false
Message Contents: 
	Leader voted for: 5
	Sender server state: O
	Sender server ID: 0
	Sender peer epoch: 0
Jan 09, 2022 3:30:53 PM edu.yu.cs.com3800.UDPMessageReceiver run
FINE: Waiting for packet
Jan 09, 2022 3:30:53 PM edu.yu.cs.com3800.UDPMessageReceiver run
FINE: UDP packet received:
Message Type: ELECTION
Sender Host: localhost
Sender port: 8043
Receiver Host: localhost
Receiver port: 8093
Request ID: -1
Error Occurred: false
Message Contents: 
	Leader voted for: 6
	Sender server state: O
	Sender server ID: 2
	Sender peer epoch: 0
Jan 09, 2022 3:30:53 PM edu.yu.cs.com3800.UDPMessageReceiver run
FINE: Waiting for packet
Jan 09, 2022 3:30:53 PM edu.yu.cs.com3800.UDPMessageReceiver run
FINE: UDP packet received:
Message Type: ELECTION
Sender Host: localhost
Sender port: 8023
Receiver Host: localhost
Receiver port: 8093
Request ID: -1
Error Occurred: false
Message Contents: 
	Leader voted for: 6
	Sender server state: O
	Sender server ID: 0
	Sender peer epoch: 0
Jan 09, 2022 3:30:53 PM edu.yu.cs.com3800.UDPMessageReceiver run
FINE: Waiting for packet
Jan 09, 2022 3:30:53 PM edu.yu.cs.com3800.UDPMessageReceiver run
FINE: UDP packet received:
Message Type: ELECTION
Sender Host: localhost
Sender port: 8043
Receiver Host: localhost
Receiver port: 8093
Request ID: -1
Error Occurred: false
Message Contents: 
	Leader voted for: 7
	Sender server state: O
	Sender server ID: 2
	Sender peer epoch: 0
Jan 09, 2022 3:30:53 PM edu.yu.cs.com3800.UDPMessageReceiver run
FINE: Waiting for packet
Jan 09, 2022 3:30:53 PM edu.yu.cs.com3800.UDPMessageReceiver run
FINE: UDP packet received:
Message Type: ELECTION
Sender Host: localhost
Sender port: 8023
Receiver Host: localhost
Receiver port: 8093
Request ID: -1
Error Occurred: false
Message Contents: 
	Leader voted for: 7
	Sender server state: O
	Sender server ID: 0
	Sender peer epoch: 0
Jan 09, 2022 3:30:53 PM edu.yu.cs.com3800.UDPMessageReceiver run
FINE: Waiting for packet
Jan 09, 2022 3:30:53 PM edu.yu.cs.com3800.UDPMessageReceiver run
FINE: UDP packet received:
Message Type: ELECTION
Sender Host: localhost
Sender port: 6002
Receiver Host: localhost
Receiver port: 8093
Request ID: -1
Error Occurred: false
Message Contents: 
	Leader voted for: 1
	Sender server state: B
	Sender server ID: 99
	Sender peer epoch: 0
Jan 09, 2022 3:30:53 PM edu.yu.cs.com3800.UDPMessageReceiver run
FINE: Waiting for packet
Jan 09, 2022 3:30:53 PM edu.yu.cs.com3800.UDPMessageReceiver run
FINE: UDP packet received:
Message Type: ELECTION
Sender Host: localhost
Sender port: 6002
Receiver Host: localhost
Receiver port: 8093
Request ID: -1
Error Occurred: false
Message Contents: 
	Leader voted for: 4
	Sender server state: B
	Sender server ID: 99
	Sender peer epoch: 0
Jan 09, 2022 3:30:53 PM edu.yu.cs.com3800.UDPMessageReceiver run
FINE: Waiting for packet
Jan 09, 2022 3:30:53 PM edu.yu.cs.com3800.UDPMessageReceiver run
FINE: UDP packet received:
Message Type: ELECTION
Sender Host: localhost
Sender port: 6002
Receiver Host: localhost
Receiver port: 8093
Request ID: -1
Error Occurred: false
Message Contents: 
	Leader voted for: 4
	Sender server state: B
	Sender server ID: 99
	Sender peer epoch: 0
Jan 09, 2022 3:30:53 PM edu.yu.cs.com3800.UDPMessageReceiver run
FINE: Waiting for packet
Jan 09, 2022 3:30:53 PM edu.yu.cs.com3800.UDPMessageReceiver run
FINE: UDP packet received:
Message Type: ELECTION
Sender Host: localhost
Sender port: 6002
Receiver Host: localhost
Receiver port: 8093
Request ID: -1
Error Occurred: false
Message Contents: 
	Leader voted for: 4
	Sender server state: B
	Sender server ID: 99
	Sender peer epoch: 0
Jan 09, 2022 3:30:53 PM edu.yu.cs.com3800.UDPMessageReceiver run
FINE: Waiting for packet
Jan 09, 2022 3:30:53 PM edu.yu.cs.com3800.UDPMessageReceiver run
FINE: UDP packet received:
Message Type: ELECTION
Sender Host: localhost
Sender port: 6002
Receiver Host: localhost
Receiver port: 8093
Request ID: -1
Error Occurred: false
Message Contents: 
	Leader voted for: 4
	Sender server state: B
	Sender server ID: 99
	Sender peer epoch: 0
Jan 09, 2022 3:30:53 PM edu.yu.cs.com3800.UDPMessageReceiver run
FINE: Waiting for packet
Jan 09, 2022 3:30:53 PM edu.yu.cs.com3800.UDPMessageReceiver run
FINE: UDP packet received:
Message Type: ELECTION
Sender Host: localhost
Sender port: 6002
Receiver Host: localhost
Receiver port: 8093
Request ID: -1
Error Occurred: false
Message Contents: 
	Leader voted for: 5
	Sender server state: B
	Sender server ID: 99
	Sender peer epoch: 0
Jan 09, 2022 3:30:53 PM edu.yu.cs.com3800.UDPMessageReceiver run
FINE: Waiting for packet
Jan 09, 2022 3:30:53 PM edu.yu.cs.com3800.UDPMessageReceiver run
FINE: UDP packet received:
Message Type: ELECTION
Sender Host: localhost
Sender port: 6002
Receiver Host: localhost
Receiver port: 8093
Request ID: -1
Error Occurred: false
Message Contents: 
	Leader voted for: 4
	Sender server state: B
	Sender server ID: 99
	Sender peer epoch: 0
Jan 09, 2022 3:30:53 PM edu.yu.cs.com3800.UDPMessageReceiver run
FINE: Waiting for packet
Jan 09, 2022 3:30:53 PM edu.yu.cs.com3800.UDPMessageReceiver run
FINE: UDP packet received:
Message Type: ELECTION
Sender Host: localhost
Sender port: 6002
Receiver Host: localhost
Receiver port: 8093
Request ID: -1
Error Occurred: false
Message Contents: 
	Leader voted for: 5
	Sender server state: B
	Sender server ID: 99
	Sender peer epoch: 0
Jan 09, 2022 3:30:53 PM edu.yu.cs.com3800.UDPMessageReceiver run
FINE: Waiting for packet
Jan 09, 2022 3:30:53 PM edu.yu.cs.com3800.UDPMessageReceiver run
FINE: UDP packet received:
Message Type: ELECTION
Sender Host: localhost
Sender port: 6002
Receiver Host: localhost
Receiver port: 8093
Request ID: -1
Error Occurred: false
Message Contents: 
	Leader voted for: 5
	Sender server state: B
	Sender server ID: 99
	Sender peer epoch: 0
Jan 09, 2022 3:30:53 PM edu.yu.cs.com3800.UDPMessageReceiver run
FINE: Waiting for packet
Jan 09, 2022 3:30:53 PM edu.yu.cs.com3800.UDPMessageReceiver run
FINE: UDP packet received:
Message Type: ELECTION
Sender Host: localhost
Sender port: 6002
Receiver Host: localhost
Receiver port: 8093
Request ID: -1
Error Occurred: false
Message Contents: 
	Leader voted for: 4
	Sender server state: B
	Sender server ID: 99
	Sender peer epoch: 0
Jan 09, 2022 3:30:53 PM edu.yu.cs.com3800.UDPMessageReceiver run
FINE: Waiting for packet
Jan 09, 2022 3:30:53 PM edu.yu.cs.com3800.UDPMessageReceiver run
FINE: UDP packet received:
Message Type: ELECTION
Sender Host: localhost
Sender port: 6002
Receiver Host: localhost
Receiver port: 8093
Request ID: -1
Error Occurred: false
Message Contents: 
	Leader voted for: 5
	Sender server state: B
	Sender server ID: 99
	Sender peer epoch: 0
Jan 09, 2022 3:30:53 PM edu.yu.cs.com3800.UDPMessageReceiver run
FINE: Waiting for packet
Jan 09, 2022 3:30:53 PM edu.yu.cs.com3800.UDPMessageReceiver run
FINE: UDP packet received:
Message Type: ELECTION
Sender Host: localhost
Sender port: 6002
Receiver Host: localhost
Receiver port: 8093
Request ID: -1
Error Occurred: false
Message Contents: 
	Leader voted for: 5
	Sender server state: B
	Sender server ID: 99
	Sender peer epoch: 0
Jan 09, 2022 3:30:53 PM edu.yu.cs.com3800.UDPMessageReceiver run
FINE: Waiting for packet
Jan 09, 2022 3:30:53 PM edu.yu.cs.com3800.UDPMessageReceiver run
FINE: UDP packet received:
Message Type: ELECTION
Sender Host: localhost
Sender port: 6002
Receiver Host: localhost
Receiver port: 8093
Request ID: -1
Error Occurred: false
Message Contents: 
	Leader voted for: 6
	Sender server state: B
	Sender server ID: 99
	Sender peer epoch: 0
Jan 09, 2022 3:30:53 PM edu.yu.cs.com3800.UDPMessageReceiver run
FINE: Waiting for packet
Jan 09, 2022 3:30:53 PM edu.yu.cs.com3800.UDPMessageReceiver run
FINE: UDP packet received:
Message Type: ELECTION
Sender Host: localhost
Sender port: 6002
Receiver Host: localhost
Receiver port: 8093
Request ID: -1
Error Occurred: false
Message Contents: 
	Leader voted for: 6
	Sender server state: B
	Sender server ID: 99
	Sender peer epoch: 0
Jan 09, 2022 3:30:53 PM edu.yu.cs.com3800.UDPMessageReceiver run
FINE: Waiting for packet
Jan 09, 2022 3:30:53 PM edu.yu.cs.com3800.UDPMessageReceiver run
FINE: UDP packet received:
Message Type: ELECTION
Sender Host: localhost
Sender port: 6002
Receiver Host: localhost
Receiver port: 8093
Request ID: -1
Error Occurred: false
Message Contents: 
	Leader voted for: 3
	Sender server state: B
	Sender server ID: 99
	Sender peer epoch: 0
Jan 09, 2022 3:30:53 PM edu.yu.cs.com3800.UDPMessageReceiver run
FINE: Waiting for packet
Jan 09, 2022 3:30:53 PM edu.yu.cs.com3800.UDPMessageReceiver run
FINE: UDP packet received:
Message Type: ELECTION
Sender Host: localhost
Sender port: 6002
Receiver Host: localhost
Receiver port: 8093
Request ID: -1
Error Occurred: false
Message Contents: 
	Leader voted for: 3
	Sender server state: B
	Sender server ID: 99
	Sender peer epoch: 0
Jan 09, 2022 3:30:53 PM edu.yu.cs.com3800.UDPMessageReceiver run
FINE: Waiting for packet
Jan 09, 2022 3:30:53 PM edu.yu.cs.com3800.UDPMessageReceiver run
FINE: UDP packet received:
Message Type: ELECTION
Sender Host: localhost
Sender port: 6002
Receiver Host: localhost
Receiver port: 8093
Request ID: -1
Error Occurred: false
Message Contents: 
	Leader voted for: 6
	Sender server state: B
	Sender server ID: 99
	Sender peer epoch: 0
Jan 09, 2022 3:30:53 PM edu.yu.cs.com3800.UDPMessageReceiver run
FINE: Waiting for packet
Jan 09, 2022 3:30:53 PM edu.yu.cs.com3800.UDPMessageReceiver run
FINE: UDP packet received:
Message Type: ELECTION
Sender Host: localhost
Sender port: 8033
Receiver Host: localhost
Receiver port: 8093
Request ID: -1
Error Occurred: false
Message Contents: 
	Leader voted for: 7
	Sender server state: O
	Sender server ID: 1
	Sender peer epoch: 0
Jan 09, 2022 3:30:53 PM edu.yu.cs.com3800.UDPMessageReceiver run
FINE: Waiting for packet
Jan 09, 2022 3:30:53 PM edu.yu.cs.com3800.UDPMessageReceiver run
FINE: UDP packet received:
Message Type: ELECTION
Sender Host: localhost
Sender port: 8063
Receiver Host: localhost
Receiver port: 8093
Request ID: -1
Error Occurred: false
Message Contents: 
	Leader voted for: 6
	Sender server state: O
	Sender server ID: 4
	Sender peer epoch: 0
Jan 09, 2022 3:30:53 PM edu.yu.cs.com3800.UDPMessageReceiver run
FINE: Waiting for packet
Jan 09, 2022 3:30:53 PM edu.yu.cs.com3800.UDPMessageReceiver run
FINE: UDP packet received:
Message Type: ELECTION
Sender Host: localhost
Sender port: 8063
Receiver Host: localhost
Receiver port: 8093
Request ID: -1
Error Occurred: false
Message Contents: 
	Leader voted for: 7
	Sender server state: O
	Sender server ID: 4
	Sender peer epoch: 0
Jan 09, 2022 3:30:53 PM edu.yu.cs.com3800.UDPMessageReceiver run
FINE: Waiting for packet
Jan 09, 2022 3:30:54 PM edu.yu.cs.com3800.UDPMessageReceiver run
FINE: UDP packet received:
Message Type: ELECTION
Sender Host: localhost
Sender port: 6002
Receiver Host: localhost
Receiver port: 8093
Request ID: -1
Error Occurred: false
Message Contents: 
	Leader voted for: 6
	Sender server state: B
	Sender server ID: 99
	Sender peer epoch: 0
Jan 09, 2022 3:30:54 PM edu.yu.cs.com3800.UDPMessageReceiver run
FINE: Waiting for packet
Jan 09, 2022 3:30:54 PM edu.yu.cs.com3800.UDPMessageReceiver run
FINE: UDP packet received:
Message Type: ELECTION
Sender Host: localhost
Sender port: 6002
Receiver Host: localhost
Receiver port: 8093
Request ID: -1
Error Occurred: false
Message Contents: 
	Leader voted for: 2
	Sender server state: B
	Sender server ID: 99
	Sender peer epoch: 0
Jan 09, 2022 3:30:54 PM edu.yu.cs.com3800.UDPMessageReceiver run
FINE: Waiting for packet
Jan 09, 2022 3:30:54 PM edu.yu.cs.com3800.UDPMessageReceiver run
FINE: UDP packet received:
Message Type: ELECTION
Sender Host: localhost
Sender port: 6002
Receiver Host: localhost
Receiver port: 8093
Request ID: -1
Error Occurred: false
Message Contents: 
	Leader voted for: 6
	Sender server state: B
	Sender server ID: 99
	Sender peer epoch: 0
Jan 09, 2022 3:30:54 PM edu.yu.cs.com3800.UDPMessageReceiver run
FINE: Waiting for packet
Jan 09, 2022 3:30:54 PM edu.yu.cs.com3800.UDPMessageReceiver run
FINE: UDP packet received:
Message Type: ELECTION
Sender Host: localhost
Sender port: 6002
Receiver Host: localhost
Receiver port: 8093
Request ID: -1
Error Occurred: false
Message Contents: 
	Leader voted for: 99
	Sender server state: B
	Sender server ID: 99
	Sender peer epoch: 0
Jan 09, 2022 3:30:54 PM edu.yu.cs.com3800.UDPMessageReceiver run
FINE: Waiting for packet
Jan 09, 2022 3:30:54 PM edu.yu.cs.com3800.UDPMessageReceiver run
FINE: UDP packet received:
Message Type: ELECTION
Sender Host: localhost
Sender port: 6002
Receiver Host: localhost
Receiver port: 8093
Request ID: -1
Error Occurred: false
Message Contents: 
	Leader voted for: 2
	Sender server state: B
	Sender server ID: 99
	Sender peer epoch: 0
Jan 09, 2022 3:30:54 PM edu.yu.cs.com3800.UDPMessageReceiver run
FINE: Waiting for packet
Jan 09, 2022 3:30:54 PM edu.yu.cs.com3800.UDPMessageReceiver run
FINE: UDP packet received:
Message Type: ELECTION
Sender Host: localhost
Sender port: 6002
Receiver Host: localhost
Receiver port: 8093
Request ID: -1
Error Occurred: false
Message Contents: 
	Leader voted for: 7
	Sender server state: B
	Sender server ID: 99
	Sender peer epoch: 0
Jan 09, 2022 3:30:54 PM edu.yu.cs.com3800.UDPMessageReceiver run
FINE: Waiting for packet
Jan 09, 2022 3:30:54 PM edu.yu.cs.com3800.UDPMessageReceiver run
FINE: UDP packet received:
Message Type: ELECTION
Sender Host: localhost
Sender port: 6002
Receiver Host: localhost
Receiver port: 8093
Request ID: -1
Error Occurred: false
Message Contents: 
	Leader voted for: 6
	Sender server state: B
	Sender server ID: 99
	Sender peer epoch: 0
Jan 09, 2022 3:30:54 PM edu.yu.cs.com3800.UDPMessageReceiver run
FINE: Waiting for packet
Jan 09, 2022 3:30:54 PM edu.yu.cs.com3800.UDPMessageReceiver run
FINE: UDP packet received:
Message Type: ELECTION
Sender Host: localhost
Sender port: 6002
Receiver Host: localhost
Receiver port: 8093
Request ID: -1
Error Occurred: false
Message Contents: 
	Leader voted for: 6
	Sender server state: B
	Sender server ID: 99
	Sender peer epoch: 0
Jan 09, 2022 3:30:54 PM edu.yu.cs.com3800.UDPMessageReceiver run
FINE: Waiting for packet
Jan 09, 2022 3:30:54 PM edu.yu.cs.com3800.UDPMessageReceiver run
FINE: UDP packet received:
Message Type: ELECTION
Sender Host: localhost
Sender port: 6002
Receiver Host: localhost
Receiver port: 8093
Request ID: -1
Error Occurred: false
Message Contents: 
	Leader voted for: 7
	Sender server state: B
	Sender server ID: 99
	Sender peer epoch: 0
Jan 09, 2022 3:30:54 PM edu.yu.cs.com3800.UDPMessageReceiver run
FINE: Waiting for packet
Jan 09, 2022 3:30:54 PM edu.yu.cs.com3800.UDPMessageReceiver run
FINE: UDP packet received:
Message Type: ELECTION
Sender Host: localhost
Sender port: 6002
Receiver Host: localhost
Receiver port: 8093
Request ID: -1
Error Occurred: false
Message Contents: 
	Leader voted for: 7
	Sender server state: B
	Sender server ID: 99
	Sender peer epoch: 0
Jan 09, 2022 3:30:54 PM edu.yu.cs.com3800.UDPMessageReceiver run
FINE: Waiting for packet
Jan 09, 2022 3:30:54 PM edu.yu.cs.com3800.UDPMessageReceiver run
FINE: UDP packet received:
Message Type: ELECTION
Sender Host: localhost
Sender port: 8073
Receiver Host: localhost
Receiver port: 8093
Request ID: -1
Error Occurred: false
Message Contents: 
	Leader voted for: 7
	Sender server state: O
	Sender server ID: 5
	Sender peer epoch: 0
Jan 09, 2022 3:30:54 PM edu.yu.cs.com3800.UDPMessageReceiver run
FINE: Waiting for packet
Jan 09, 2022 3:30:54 PM edu.yu.cs.com3800.UDPMessageReceiver run
FINE: UDP packet received:
Message Type: ELECTION
Sender Host: localhost
Sender port: 8083
Receiver Host: localhost
Receiver port: 8093
Request ID: -1
Error Occurred: false
Message Contents: 
	Leader voted for: 7
	Sender server state: O
	Sender server ID: 6
	Sender peer epoch: 0
Jan 09, 2022 3:30:54 PM edu.yu.cs.com3800.UDPMessageReceiver run
FINE: Waiting for packet
Jan 09, 2022 3:30:54 PM edu.yu.cs.com3800.UDPMessageReceiver run
FINE: UDP packet received:
Message Type: ELECTION
Sender Host: localhost
Sender port: 6002
Receiver Host: localhost
Receiver port: 8093
Request ID: -1
Error Occurred: false
Message Contents: 
	Leader voted for: 3
	Sender server state: B
	Sender server ID: 99
	Sender peer epoch: 0
Jan 09, 2022 3:30:54 PM edu.yu.cs.com3800.UDPMessageReceiver run
FINE: Waiting for packet
Jan 09, 2022 3:30:54 PM edu.yu.cs.com3800.UDPMessageReceiver run
FINE: UDP packet received:
Message Type: ELECTION
Sender Host: localhost
Sender port: 6002
Receiver Host: localhost
Receiver port: 8093
Request ID: -1
Error Occurred: false
Message Contents: 
	Leader voted for: 6
	Sender server state: B
	Sender server ID: 99
	Sender peer epoch: 0
Jan 09, 2022 3:30:54 PM edu.yu.cs.com3800.UDPMessageReceiver run
FINE: Waiting for packet
Jan 09, 2022 3:30:54 PM edu.yu.cs.com3800.UDPMessageReceiver run
FINE: UDP packet received:
Message Type: ELECTION
Sender Host: localhost
Sender port: 6002
Receiver Host: localhost
Receiver port: 8093
Request ID: -1
Error Occurred: false
Message Contents: 
	Leader voted for: 7
	Sender server state: B
	Sender server ID: 99
	Sender peer epoch: 0
Jan 09, 2022 3:30:54 PM edu.yu.cs.com3800.UDPMessageReceiver run
FINE: Waiting for packet
Jan 09, 2022 3:30:54 PM edu.yu.cs.com3800.UDPMessageReceiver run
FINE: UDP packet received:
Message Type: ELECTION
Sender Host: localhost
Sender port: 6002
Receiver Host: localhost
Receiver port: 8093
Request ID: -1
Error Occurred: false
Message Contents: 
	Leader voted for: 2
	Sender server state: B
	Sender server ID: 99
	Sender peer epoch: 0
Jan 09, 2022 3:30:54 PM edu.yu.cs.com3800.UDPMessageReceiver run
FINE: Waiting for packet
Jan 09, 2022 3:30:54 PM edu.yu.cs.com3800.UDPMessageReceiver run
FINE: UDP packet received:
Message Type: ELECTION
Sender Host: localhost
Sender port: 6002
Receiver Host: localhost
Receiver port: 8093
Request ID: -1
Error Occurred: false
Message Contents: 
	Leader voted for: 6
	Sender server state: B
	Sender server ID: 99
	Sender peer epoch: 0
Jan 09, 2022 3:30:54 PM edu.yu.cs.com3800.UDPMessageReceiver run
FINE: Waiting for packet
Jan 09, 2022 3:30:54 PM edu.yu.cs.com3800.UDPMessageReceiver run
FINE: UDP packet received:
Message Type: ELECTION
Sender Host: localhost
Sender port: 6002
Receiver Host: localhost
Receiver port: 8093
Request ID: -1
Error Occurred: false
Message Contents: 
	Leader voted for: 5
	Sender server state: B
	Sender server ID: 99
	Sender peer epoch: 0
Jan 09, 2022 3:30:54 PM edu.yu.cs.com3800.UDPMessageReceiver run
FINE: Waiting for packet
Jan 09, 2022 3:30:54 PM edu.yu.cs.com3800.UDPMessageReceiver run
FINE: UDP packet received:
Message Type: ELECTION
Sender Host: localhost
Sender port: 6002
Receiver Host: localhost
Receiver port: 8093
Request ID: -1
Error Occurred: false
Message Contents: 
	Leader voted for: 6
	Sender server state: B
	Sender server ID: 99
	Sender peer epoch: 0
Jan 09, 2022 3:30:54 PM edu.yu.cs.com3800.UDPMessageReceiver run
FINE: Waiting for packet
Jan 09, 2022 3:30:54 PM edu.yu.cs.com3800.UDPMessageReceiver run
FINE: UDP packet received:
Message Type: ELECTION
Sender Host: localhost
Sender port: 6002
Receiver Host: localhost
Receiver port: 8093
Request ID: -1
Error Occurred: false
Message Contents: 
	Leader voted for: 7
	Sender server state: B
	Sender server ID: 99
	Sender peer epoch: 0
Jan 09, 2022 3:30:54 PM edu.yu.cs.com3800.UDPMessageReceiver run
FINE: Waiting for packet
Jan 09, 2022 3:30:54 PM edu.yu.cs.com3800.UDPMessageReceiver run
FINE: UDP packet received:
Message Type: ELECTION
Sender Host: localhost
Sender port: 6002
Receiver Host: localhost
Receiver port: 8093
Request ID: -1
Error Occurred: false
Message Contents: 
	Leader voted for: 7
	Sender server state: B
	Sender server ID: 99
	Sender peer epoch: 0
Jan 09, 2022 3:30:54 PM edu.yu.cs.com3800.UDPMessageReceiver run
FINE: Waiting for packet
Jan 09, 2022 3:30:54 PM edu.yu.cs.com3800.UDPMessageReceiver run
FINE: UDP packet received:
Message Type: ELECTION
Sender Host: localhost
Sender port: 6002
Receiver Host: localhost
Receiver port: 8093
Request ID: -1
Error Occurred: false
Message Contents: 
	Leader voted for: 99
	Sender server state: B
	Sender server ID: 99
	Sender peer epoch: 0
Jan 09, 2022 3:30:54 PM edu.yu.cs.com3800.UDPMessageReceiver run
FINE: Waiting for packet
Jan 09, 2022 3:30:54 PM edu.yu.cs.com3800.UDPMessageReceiver run
FINE: UDP packet received:
Message Type: ELECTION
Sender Host: localhost
Sender port: 6002
Receiver Host: localhost
Receiver port: 8093
Request ID: -1
Error Occurred: false
Message Contents: 
	Leader voted for: 7
	Sender server state: B
	Sender server ID: 99
	Sender peer epoch: 0
Jan 09, 2022 3:30:54 PM edu.yu.cs.com3800.UDPMessageReceiver run
FINE: Waiting for packet
Jan 09, 2022 3:30:54 PM edu.yu.cs.com3800.UDPMessageReceiver run
FINE: UDP packet received:
Message Type: ELECTION
Sender Host: localhost
Sender port: 6002
Receiver Host: localhost
Receiver port: 8093
Request ID: -1
Error Occurred: false
Message Contents: 
	Leader voted for: 6
	Sender server state: B
	Sender server ID: 99
	Sender peer epoch: 0
Jan 09, 2022 3:30:54 PM edu.yu.cs.com3800.UDPMessageReceiver run
FINE: Waiting for packet
Jan 09, 2022 3:30:54 PM edu.yu.cs.com3800.UDPMessageReceiver run
FINE: UDP packet received:
Message Type: ELECTION
Sender Host: localhost
Sender port: 6002
Receiver Host: localhost
Receiver port: 8093
Request ID: -1
Error Occurred: false
Message Contents: 
	Leader voted for: 7
	Sender server state: B
	Sender server ID: 99
	Sender peer epoch: 0
Jan 09, 2022 3:30:54 PM edu.yu.cs.com3800.UDPMessageReceiver run
FINE: Waiting for packet
Jan 09, 2022 3:30:54 PM edu.yu.cs.com3800.UDPMessageReceiver run
FINE: UDP packet received:
Message Type: ELECTION
Sender Host: localhost
Sender port: 6002
Receiver Host: localhost
Receiver port: 8093
Request ID: -1
Error Occurred: false
Message Contents: 
	Leader voted for: 7
	Sender server state: B
	Sender server ID: 99
	Sender peer epoch: 0
Jan 09, 2022 3:30:54 PM edu.yu.cs.com3800.UDPMessageReceiver run
FINE: Waiting for packet
Jan 09, 2022 3:30:54 PM edu.yu.cs.com3800.UDPMessageReceiver run
FINE: UDP packet received:
Message Type: ELECTION
Sender Host: localhost
Sender port: 6002
Receiver Host: localhost
Receiver port: 8093
Request ID: -1
Error Occurred: false
Message Contents: 
	Leader voted for: 7
	Sender server state: B
	Sender server ID: 99
	Sender peer epoch: 0
Jan 09, 2022 3:30:54 PM edu.yu.cs.com3800.UDPMessageReceiver run
FINE: Waiting for packet
Jan 09, 2022 3:30:55 PM edu.yu.cs.com3800.UDPMessageReceiver run
FINE: UDP packet received:
Message Type: ELECTION
Sender Host: localhost
Sender port: 6002
Receiver Host: localhost
Receiver port: 8093
Request ID: -1
Error Occurred: false
Message Contents: 
	Leader voted for: 99
	Sender server state: B
	Sender server ID: 99
	Sender peer epoch: 0
Jan 09, 2022 3:30:55 PM edu.yu.cs.com3800.UDPMessageReceiver sendElectionReply
FINE: Election reply sent:
Message Type: ELECTION
Sender Host: localhost
Sender port: 8093
Receiver Host: localhost
Receiver port: 6002
Request ID: -1
Error Occurred: false
Message Contents: 
	Leader voted for: 7
	Sender server state: E
	Sender server ID: 7
	Sender peer epoch: 0
Jan 09, 2022 3:30:55 PM edu.yu.cs.com3800.UDPMessageReceiver run
FINE: Waiting for packet
Jan 09, 2022 3:30:56 PM edu.yu.cs.com3800.UDPMessageReceiver run
FINE: UDP packet received:
Message Type: ELECTION
Sender Host: localhost
Sender port: 6002
Receiver Host: localhost
Receiver port: 8093
Request ID: -1
Error Occurred: false
Message Contents: 
	Leader voted for: 99
	Sender server state: B
	Sender server ID: 99
	Sender peer epoch: 0
Jan 09, 2022 3:30:56 PM edu.yu.cs.com3800.UDPMessageReceiver sendElectionReply
FINE: Election reply sent:
Message Type: ELECTION
Sender Host: localhost
Sender port: 8093
Receiver Host: localhost
Receiver port: 6002
Request ID: -1
Error Occurred: false
Message Contents: 
	Leader voted for: 7
	Sender server state: E
	Sender server ID: 7
	Sender peer epoch: 0
Jan 09, 2022 3:30:56 PM edu.yu.cs.com3800.UDPMessageReceiver run
FINE: Waiting for packet
Jan 09, 2022 3:30:56 PM edu.yu.cs.com3800.UDPMessageReceiver run
FINE: UDP packet received:
Message Type: ELECTION
Sender Host: localhost
Sender port: 6002
Receiver Host: localhost
Receiver port: 8093
Request ID: -1
Error Occurred: false
Message Contents: 
	Leader voted for: 99
	Sender server state: B
	Sender server ID: 99
	Sender peer epoch: 0
Jan 09, 2022 3:30:56 PM edu.yu.cs.com3800.UDPMessageReceiver sendElectionReply
FINE: Election reply sent:
Message Type: ELECTION
Sender Host: localhost
Sender port: 8093
Receiver Host: localhost
Receiver port: 6002
Request ID: -1
Error Occurred: false
Message Contents: 
	Leader voted for: 7
	Sender server state: E
	Sender server ID: 7
	Sender peer epoch: 0
Jan 09, 2022 3:30:56 PM edu.yu.cs.com3800.UDPMessageReceiver run
FINE: Waiting for packet
Jan 09, 2022 3:30:58 PM edu.yu.cs.com3800.UDPMessageReceiver run
FINE: UDP packet received:
Message Type: ELECTION
Sender Host: localhost
Sender port: 6002
Receiver Host: localhost
Receiver port: 8093
Request ID: -1
Error Occurred: false
Message Contents: 
	Leader voted for: 99
	Sender server state: B
	Sender server ID: 99
	Sender peer epoch: 0
Jan 09, 2022 3:30:58 PM edu.yu.cs.com3800.UDPMessageReceiver sendElectionReply
FINE: Election reply sent:
Message Type: ELECTION
Sender Host: localhost
Sender port: 8093
Receiver Host: localhost
Receiver port: 6002
Request ID: -1
Error Occurred: false
Message Contents: 
	Leader voted for: 7
	Sender server state: E
	Sender server ID: 7
	Sender peer epoch: 0
Jan 09, 2022 3:30:58 PM edu.yu.cs.com3800.UDPMessageReceiver run
FINE: Waiting for packet
Jan 09, 2022 3:30:59 PM edu.yu.cs.com3800.UDPMessageReceiver run
FINE: UDP packet received:
Message Type: ELECTION
Sender Host: localhost
Sender port: 6002
Receiver Host: localhost
Receiver port: 8093
Request ID: -1
Error Occurred: false
Message Contents: 
	Leader voted for: 99
	Sender server state: B
	Sender server ID: 99
	Sender peer epoch: 0
Jan 09, 2022 3:30:59 PM edu.yu.cs.com3800.UDPMessageReceiver sendElectionReply
FINE: Election reply sent:
Message Type: ELECTION
Sender Host: localhost
Sender port: 8093
Receiver Host: localhost
Receiver port: 6002
Request ID: -1
Error Occurred: false
Message Contents: 
	Leader voted for: 7
	Sender server state: E
	Sender server ID: 7
	Sender peer epoch: 0
Jan 09, 2022 3:30:59 PM edu.yu.cs.com3800.UDPMessageReceiver run
FINE: Waiting for packet
Jan 09, 2022 3:31:01 PM edu.yu.cs.com3800.UDPMessageReceiver run
FINE: UDP packet received:
Message Type: GOSSIP
Sender Host: localhost
Sender port: 8043
Receiver Host: localhost
Receiver port: 8093
Request ID: -1
Error Occurred: false
Message Contents: 
8043-8023:0/8033:0/8053:0/6002:0/8063:0/8073:0/8083:0/8093:0/
Jan 09, 2022 3:31:01 PM edu.yu.cs.com3800.UDPMessageReceiver run
FINE: Waiting for packet
Jan 09, 2022 3:31:02 PM edu.yu.cs.com3800.UDPMessageReceiver run
FINE: UDP packet received:
Message Type: GOSSIP
Sender Host: localhost
Sender port: 8033
Receiver Host: localhost
Receiver port: 8093
Request ID: -1
Error Occurred: false
Message Contents: 
8033-8023:0/8043:0/8053:0/6002:0/8063:0/8073:0/8083:0/8093:0/
Jan 09, 2022 3:31:02 PM edu.yu.cs.com3800.UDPMessageReceiver run
FINE: Waiting for packet
Jan 09, 2022 3:31:03 PM edu.yu.cs.com3800.UDPMessageReceiver run
FINE: UDP packet received:
Message Type: ELECTION
Sender Host: localhost
Sender port: 6002
Receiver Host: localhost
Receiver port: 8093
Request ID: -1
Error Occurred: false
Message Contents: 
	Leader voted for: 99
	Sender server state: B
	Sender server ID: 99
	Sender peer epoch: 0
Jan 09, 2022 3:31:03 PM edu.yu.cs.com3800.UDPMessageReceiver sendElectionReply
FINE: Election reply sent:
Message Type: ELECTION
Sender Host: localhost
Sender port: 8093
Receiver Host: localhost
Receiver port: 6002
Request ID: -1
Error Occurred: false
Message Contents: 
	Leader voted for: 7
	Sender server state: E
	Sender server ID: 7
	Sender peer epoch: 0
Jan 09, 2022 3:31:03 PM edu.yu.cs.com3800.UDPMessageReceiver run
FINE: Waiting for packet
Jan 09, 2022 3:31:06 PM edu.yu.cs.com3800.UDPMessageReceiver run
FINE: Waiting for packet
Jan 09, 2022 3:31:09 PM edu.yu.cs.com3800.UDPMessageReceiver run
FINE: Waiting for packet
Jan 09, 2022 3:31:10 PM edu.yu.cs.com3800.UDPMessageReceiver run
FINE: UDP packet received:
Message Type: ELECTION
Sender Host: localhost
Sender port: 6002
Receiver Host: localhost
Receiver port: 8093
Request ID: -1
Error Occurred: false
Message Contents: 
	Leader voted for: 99
	Sender server state: B
	Sender server ID: 99
	Sender peer epoch: 0
Jan 09, 2022 3:31:10 PM edu.yu.cs.com3800.UDPMessageReceiver sendElectionReply
FINE: Election reply sent:
Message Type: ELECTION
Sender Host: localhost
Sender port: 8093
Receiver Host: localhost
Receiver port: 6002
Request ID: -1
Error Occurred: false
Message Contents: 
	Leader voted for: 7
	Sender server state: E
	Sender server ID: 7
	Sender peer epoch: 0
Jan 09, 2022 3:31:10 PM edu.yu.cs.com3800.UDPMessageReceiver run
FINE: Waiting for packet
Jan 09, 2022 3:31:14 PM edu.yu.cs.com3800.UDPMessageReceiver run
FINE: Waiting for packet
Jan 09, 2022 3:31:17 PM edu.yu.cs.com3800.UDPMessageReceiver run
FINE: Waiting for packet
Jan 09, 2022 3:31:20 PM edu.yu.cs.com3800.UDPMessageReceiver run
FINE: Waiting for packet
Jan 09, 2022 3:31:21 PM edu.yu.cs.com3800.UDPMessageReceiver run
FINE: UDP packet received:
Message Type: GOSSIP
Sender Host: localhost
Sender port: 8033
Receiver Host: localhost
Receiver port: 8093
Request ID: -1
Error Occurred: false
Message Contents: 
8033-8023:0/8043:0/8053:0/6002:0/8063:0/8073:0/8083:0/8093:0/
Jan 09, 2022 3:31:21 PM edu.yu.cs.com3800.UDPMessageReceiver run
FINE: Waiting for packet
Jan 09, 2022 3:31:21 PM edu.yu.cs.com3800.UDPMessageReceiver run
FINE: UDP packet received:
Message Type: GOSSIP
Sender Host: localhost
Sender port: 8063
Receiver Host: localhost
Receiver port: 8093
Request ID: -1
Error Occurred: false
Message Contents: 
8063-8023:0/8033:0/8043:0/8053:0/6002:0/8073:0/8083:0/8093:0/
Jan 09, 2022 3:31:21 PM edu.yu.cs.com3800.UDPMessageReceiver run
FINE: Waiting for packet
Jan 09, 2022 3:31:22 PM edu.yu.cs.com3800.UDPMessageReceiver run
FINE: UDP packet received:
Message Type: ELECTION
Sender Host: localhost
Sender port: 6002
Receiver Host: localhost
Receiver port: 8093
Request ID: -1
Error Occurred: false
Message Contents: 
	Leader voted for: 99
	Sender server state: B
	Sender server ID: 99
	Sender peer epoch: 0
Jan 09, 2022 3:31:22 PM edu.yu.cs.com3800.UDPMessageReceiver sendElectionReply
FINE: Election reply sent:
Message Type: ELECTION
Sender Host: localhost
Sender port: 8093
Receiver Host: localhost
Receiver port: 6002
Request ID: -1
Error Occurred: false
Message Contents: 
	Leader voted for: 7
	Sender server state: E
	Sender server ID: 7
	Sender peer epoch: 0
Jan 09, 2022 3:31:22 PM edu.yu.cs.com3800.UDPMessageReceiver run
FINE: Waiting for packet
Jan 09, 2022 3:31:24 PM edu.yu.cs.com3800.UDPMessageReceiver run
FINE: UDP packet received:
Message Type: GOSSIP
Sender Host: localhost
Sender port: 8063
Receiver Host: localhost
Receiver port: 8093
Request ID: -1
Error Occurred: false
Message Contents: 
8063-8023:0/8033:0/8043:0/8053:0/6002:0/8073:0/8083:0/8093:0/
Jan 09, 2022 3:31:24 PM edu.yu.cs.com3800.UDPMessageReceiver run
FINE: Waiting for packet
Jan 09, 2022 3:31:26 PM edu.yu.cs.com3800.UDPMessageReceiver run
FINE: UDP packet received:
Message Type: GOSSIP
Sender Host: localhost
Sender port: 8023
Receiver Host: localhost
Receiver port: 8093
Request ID: -1
Error Occurred: false
Message Contents: 
8023-8033:0/8043:0/8053:0/6002:0/8063:0/8073:0/8083:0/8093:0/
Jan 09, 2022 3:31:26 PM edu.yu.cs.com3800.UDPMessageReceiver run
FINE: Waiting for packet
Jan 09, 2022 3:31:30 PM edu.yu.cs.com3800.UDPMessageReceiver run
FINE: Waiting for packet
Jan 09, 2022 3:31:30 PM edu.yu.cs.com3800.UDPMessageReceiver run
FINE: UDP packet received:
Message Type: GOSSIP
Sender Host: localhost
Sender port: 8033
Receiver Host: localhost
Receiver port: 8093
Request ID: -1
Error Occurred: false
Message Contents: 
8033-8023:0/8043:0/8053:0/6002:0/8063:0/8073:0/8083:0/8093:0/
Jan 09, 2022 3:31:30 PM edu.yu.cs.com3800.UDPMessageReceiver run
FINE: Waiting for packet
Jan 09, 2022 3:31:30 PM edu.yu.cs.com3800.UDPMessageReceiver run
FINE: UDP packet received:
Message Type: GOSSIP
Sender Host: localhost
Sender port: 6002
Receiver Host: localhost
Receiver port: 8093
Request ID: -1
Error Occurred: false
Message Contents: 
6002-8023:0/8033:0/8043:0/8053:0/8063:0/8073:0/8083:0/8093:0/
Jan 09, 2022 3:31:30 PM edu.yu.cs.com3800.UDPMessageReceiver run
FINE: Waiting for packet
Jan 09, 2022 3:31:33 PM edu.yu.cs.com3800.UDPMessageReceiver run
FINE: Waiting for packet
Jan 09, 2022 3:31:36 PM edu.yu.cs.com3800.UDPMessageReceiver run
FINE: Waiting for packet
Jan 09, 2022 3:31:41 PM edu.yu.cs.com3800.UDPMessageReceiver run
FINE: Waiting for packet
Jan 09, 2022 3:31:41 PM edu.yu.cs.com3800.UDPMessageReceiver run
FINE: UDP packet received:
Message Type: GOSSIP
Sender Host: localhost
Sender port: 8073
Receiver Host: localhost
Receiver port: 8093
Request ID: -1
Error Occurred: false
Message Contents: 
8073-8023:0/8033:0/8043:0/8053:0/6002:0/8063:0/8083:0/8093:0/
Jan 09, 2022 3:31:41 PM edu.yu.cs.com3800.UDPMessageReceiver run
FINE: Waiting for packet
Jan 09, 2022 3:31:44 PM edu.yu.cs.com3800.UDPMessageReceiver run
FINE: Waiting for packet
Jan 09, 2022 3:31:47 PM edu.yu.cs.com3800.UDPMessageReceiver run
FINE: UDP packet received from dead peer: localhost/127.0.0.1:8043; ignoring it.
Jan 09, 2022 3:31:47 PM edu.yu.cs.com3800.UDPMessageReceiver run
FINE: Waiting for packet
Jan 09, 2022 3:31:47 PM edu.yu.cs.com3800.UDPMessageReceiver run
FINE: UDP packet received from dead peer: localhost/127.0.0.1:6002; ignoring it.
Jan 09, 2022 3:31:47 PM edu.yu.cs.com3800.UDPMessageReceiver run
FINE: Waiting for packet
Jan 09, 2022 3:31:50 PM edu.yu.cs.com3800.UDPMessageReceiver run
FINE: UDP packet received from dead peer: localhost/127.0.0.1:6002; ignoring it.
Jan 09, 2022 3:31:50 PM edu.yu.cs.com3800.UDPMessageReceiver run
FINE: Waiting for packet
