Jan 09, 2022 2:14:02 PM edu.yu.cs.com3800.UDPMessageSender run
FINE: Message sent:
Message Type: ELECTION
Sender Host: localhost
Sender port: 8093
Receiver Host: localhost
Receiver port: 8023
Request ID: -1
Error Occurred: false
Message Contents: 
	Leader voted for: 7
	Sender server state: O
	Sender server ID: 7
	Sender peer epoch: 0
Jan 09, 2022 2:14:02 PM edu.yu.cs.com3800.UDPMessageSender run
FINE: Message sent:
Message Type: ELECTION
Sender Host: localhost
Sender port: 8093
Receiver Host: localhost
Receiver port: 8033
Request ID: -1
Error Occurred: false
Message Contents: 
	Leader voted for: 7
	Sender server state: O
	Sender server ID: 7
	Sender peer epoch: 0
Jan 09, 2022 2:14:02 PM edu.yu.cs.com3800.UDPMessageSender run
FINE: Message sent:
Message Type: ELECTION
Sender Host: localhost
Sender port: 8093
Receiver Host: localhost
Receiver port: 8043
Request ID: -1
Error Occurred: false
Message Contents: 
	Leader voted for: 7
	Sender server state: O
	Sender server ID: 7
	Sender peer epoch: 0
Jan 09, 2022 2:14:02 PM edu.yu.cs.com3800.UDPMessageSender run
FINE: Message sent:
Message Type: ELECTION
Sender Host: localhost
Sender port: 8093
Receiver Host: localhost
Receiver port: 8053
Request ID: -1
Error Occurred: false
Message Contents: 
	Leader voted for: 7
	Sender server state: O
	Sender server ID: 7
	Sender peer epoch: 0
Jan 09, 2022 2:14:02 PM edu.yu.cs.com3800.UDPMessageSender run
FINE: Message sent:
Message Type: ELECTION
Sender Host: localhost
Sender port: 8093
Receiver Host: localhost
Receiver port: 6002
Request ID: -1
Error Occurred: false
Message Contents: 
	Leader voted for: 7
	Sender server state: O
	Sender server ID: 7
	Sender peer epoch: 0
Jan 09, 2022 2:14:02 PM edu.yu.cs.com3800.UDPMessageSender run
FINE: Message sent:
Message Type: ELECTION
Sender Host: localhost
Sender port: 8093
Receiver Host: localhost
Receiver port: 8063
Request ID: -1
Error Occurred: false
Message Contents: 
	Leader voted for: 7
	Sender server state: O
	Sender server ID: 7
	Sender peer epoch: 0
Jan 09, 2022 2:14:02 PM edu.yu.cs.com3800.UDPMessageSender run
FINE: Message sent:
Message Type: ELECTION
Sender Host: localhost
Sender port: 8093
Receiver Host: localhost
Receiver port: 8073
Request ID: -1
Error Occurred: false
Message Contents: 
	Leader voted for: 7
	Sender server state: O
	Sender server ID: 7
	Sender peer epoch: 0
Jan 09, 2022 2:14:02 PM edu.yu.cs.com3800.UDPMessageSender run
FINE: Message sent:
Message Type: ELECTION
Sender Host: localhost
Sender port: 8093
Receiver Host: localhost
Receiver port: 8083
Request ID: -1
Error Occurred: false
Message Contents: 
	Leader voted for: 7
	Sender server state: O
	Sender server ID: 7
	Sender peer epoch: 0
Jan 09, 2022 2:14:02 PM edu.yu.cs.com3800.UDPMessageSender run
FINE: Message sent:
Message Type: ELECTION
Sender Host: localhost
Sender port: 8093
Receiver Host: localhost
Receiver port: 8023
Request ID: -1
Error Occurred: false
Message Contents: 
	Leader voted for: 7
	Sender server state: O
	Sender server ID: 7
	Sender peer epoch: 0
Jan 09, 2022 2:14:02 PM edu.yu.cs.com3800.UDPMessageSender run
FINE: Message sent:
Message Type: ELECTION
Sender Host: localhost
Sender port: 8093
Receiver Host: localhost
Receiver port: 8033
Request ID: -1
Error Occurred: false
Message Contents: 
	Leader voted for: 7
	Sender server state: O
	Sender server ID: 7
	Sender peer epoch: 0
Jan 09, 2022 2:14:02 PM edu.yu.cs.com3800.UDPMessageSender run
FINE: Message sent:
Message Type: ELECTION
Sender Host: localhost
Sender port: 8093
Receiver Host: localhost
Receiver port: 8043
Request ID: -1
Error Occurred: false
Message Contents: 
	Leader voted for: 7
	Sender server state: O
	Sender server ID: 7
	Sender peer epoch: 0
Jan 09, 2022 2:14:02 PM edu.yu.cs.com3800.UDPMessageSender run
FINE: Message sent:
Message Type: ELECTION
Sender Host: localhost
Sender port: 8093
Receiver Host: localhost
Receiver port: 8053
Request ID: -1
Error Occurred: false
Message Contents: 
	Leader voted for: 7
	Sender server state: O
	Sender server ID: 7
	Sender peer epoch: 0
Jan 09, 2022 2:14:03 PM edu.yu.cs.com3800.UDPMessageSender run
FINE: Message sent:
Message Type: ELECTION
Sender Host: localhost
Sender port: 8093
Receiver Host: localhost
Receiver port: 6002
Request ID: -1
Error Occurred: false
Message Contents: 
	Leader voted for: 7
	Sender server state: O
	Sender server ID: 7
	Sender peer epoch: 0
Jan 09, 2022 2:14:03 PM edu.yu.cs.com3800.UDPMessageSender run
FINE: Message sent:
Message Type: ELECTION
Sender Host: localhost
Sender port: 8093
Receiver Host: localhost
Receiver port: 8063
Request ID: -1
Error Occurred: false
Message Contents: 
	Leader voted for: 7
	Sender server state: O
	Sender server ID: 7
	Sender peer epoch: 0
Jan 09, 2022 2:14:03 PM edu.yu.cs.com3800.UDPMessageSender run
FINE: Message sent:
Message Type: ELECTION
Sender Host: localhost
Sender port: 8093
Receiver Host: localhost
Receiver port: 8073
Request ID: -1
Error Occurred: false
Message Contents: 
	Leader voted for: 7
	Sender server state: O
	Sender server ID: 7
	Sender peer epoch: 0
Jan 09, 2022 2:14:03 PM edu.yu.cs.com3800.UDPMessageSender run
FINE: Message sent:
Message Type: ELECTION
Sender Host: localhost
Sender port: 8093
Receiver Host: localhost
Receiver port: 8083
Request ID: -1
Error Occurred: false
Message Contents: 
	Leader voted for: 7
	Sender server state: O
	Sender server ID: 7
	Sender peer epoch: 0
Jan 09, 2022 2:14:03 PM edu.yu.cs.com3800.UDPMessageSender run
FINE: Message sent:
Message Type: ELECTION
Sender Host: localhost
Sender port: 8093
Receiver Host: localhost
Receiver port: 8023
Request ID: -1
Error Occurred: false
Message Contents: 
	Leader voted for: 7
	Sender server state: O
	Sender server ID: 7
	Sender peer epoch: 0
Jan 09, 2022 2:14:03 PM edu.yu.cs.com3800.UDPMessageSender run
FINE: Message sent:
Message Type: ELECTION
Sender Host: localhost
Sender port: 8093
Receiver Host: localhost
Receiver port: 8033
Request ID: -1
Error Occurred: false
Message Contents: 
	Leader voted for: 7
	Sender server state: O
	Sender server ID: 7
	Sender peer epoch: 0
Jan 09, 2022 2:14:03 PM edu.yu.cs.com3800.UDPMessageSender run
FINE: Message sent:
Message Type: ELECTION
Sender Host: localhost
Sender port: 8093
Receiver Host: localhost
Receiver port: 8043
Request ID: -1
Error Occurred: false
Message Contents: 
	Leader voted for: 7
	Sender server state: O
	Sender server ID: 7
	Sender peer epoch: 0
Jan 09, 2022 2:14:03 PM edu.yu.cs.com3800.UDPMessageSender run
FINE: Message sent:
Message Type: ELECTION
Sender Host: localhost
Sender port: 8093
Receiver Host: localhost
Receiver port: 8053
Request ID: -1
Error Occurred: false
Message Contents: 
	Leader voted for: 7
	Sender server state: O
	Sender server ID: 7
	Sender peer epoch: 0
Jan 09, 2022 2:14:03 PM edu.yu.cs.com3800.UDPMessageSender run
FINE: Message sent:
Message Type: ELECTION
Sender Host: localhost
Sender port: 8093
Receiver Host: localhost
Receiver port: 6002
Request ID: -1
Error Occurred: false
Message Contents: 
	Leader voted for: 7
	Sender server state: O
	Sender server ID: 7
	Sender peer epoch: 0
Jan 09, 2022 2:14:03 PM edu.yu.cs.com3800.UDPMessageSender run
FINE: Message sent:
Message Type: ELECTION
Sender Host: localhost
Sender port: 8093
Receiver Host: localhost
Receiver port: 8063
Request ID: -1
Error Occurred: false
Message Contents: 
	Leader voted for: 7
	Sender server state: O
	Sender server ID: 7
	Sender peer epoch: 0
Jan 09, 2022 2:14:03 PM edu.yu.cs.com3800.UDPMessageSender run
FINE: Message sent:
Message Type: ELECTION
Sender Host: localhost
Sender port: 8093
Receiver Host: localhost
Receiver port: 8073
Request ID: -1
Error Occurred: false
Message Contents: 
	Leader voted for: 7
	Sender server state: O
	Sender server ID: 7
	Sender peer epoch: 0
Jan 09, 2022 2:14:03 PM edu.yu.cs.com3800.UDPMessageSender run
FINE: Message sent:
Message Type: ELECTION
Sender Host: localhost
Sender port: 8093
Receiver Host: localhost
Receiver port: 8083
Request ID: -1
Error Occurred: false
Message Contents: 
	Leader voted for: 7
	Sender server state: O
	Sender server ID: 7
	Sender peer epoch: 0
Jan 09, 2022 2:14:07 PM edu.yu.cs.com3800.UDPMessageSender run
FINE: Message sent:
Message Type: ELECTION
Sender Host: localhost
Sender port: 8093
Receiver Host: localhost
Receiver port: 8023
Request ID: -1
Error Occurred: false
Message Contents: 
	Leader voted for: 7
	Sender server state: O
	Sender server ID: 7
	Sender peer epoch: 0
Jan 09, 2022 2:14:07 PM edu.yu.cs.com3800.UDPMessageSender run
FINE: Message sent:
Message Type: ELECTION
Sender Host: localhost
Sender port: 8093
Receiver Host: localhost
Receiver port: 8033
Request ID: -1
Error Occurred: false
Message Contents: 
	Leader voted for: 7
	Sender server state: O
	Sender server ID: 7
	Sender peer epoch: 0
Jan 09, 2022 2:14:07 PM edu.yu.cs.com3800.UDPMessageSender run
FINE: Message sent:
Message Type: ELECTION
Sender Host: localhost
Sender port: 8093
Receiver Host: localhost
Receiver port: 8043
Request ID: -1
Error Occurred: false
Message Contents: 
	Leader voted for: 7
	Sender server state: O
	Sender server ID: 7
	Sender peer epoch: 0
Jan 09, 2022 2:14:07 PM edu.yu.cs.com3800.UDPMessageSender run
FINE: Message sent:
Message Type: ELECTION
Sender Host: localhost
Sender port: 8093
Receiver Host: localhost
Receiver port: 8053
Request ID: -1
Error Occurred: false
Message Contents: 
	Leader voted for: 7
	Sender server state: O
	Sender server ID: 7
	Sender peer epoch: 0
Jan 09, 2022 2:14:07 PM edu.yu.cs.com3800.UDPMessageSender run
FINE: Message sent:
Message Type: ELECTION
Sender Host: localhost
Sender port: 8093
Receiver Host: localhost
Receiver port: 6002
Request ID: -1
Error Occurred: false
Message Contents: 
	Leader voted for: 7
	Sender server state: O
	Sender server ID: 7
	Sender peer epoch: 0
Jan 09, 2022 2:14:07 PM edu.yu.cs.com3800.UDPMessageSender run
FINE: Message sent:
Message Type: ELECTION
Sender Host: localhost
Sender port: 8093
Receiver Host: localhost
Receiver port: 8063
Request ID: -1
Error Occurred: false
Message Contents: 
	Leader voted for: 7
	Sender server state: O
	Sender server ID: 7
	Sender peer epoch: 0
Jan 09, 2022 2:14:07 PM edu.yu.cs.com3800.UDPMessageSender run
FINE: Message sent:
Message Type: ELECTION
Sender Host: localhost
Sender port: 8093
Receiver Host: localhost
Receiver port: 8073
Request ID: -1
Error Occurred: false
Message Contents: 
	Leader voted for: 7
	Sender server state: O
	Sender server ID: 7
	Sender peer epoch: 0
Jan 09, 2022 2:14:07 PM edu.yu.cs.com3800.UDPMessageSender run
FINE: Message sent:
Message Type: ELECTION
Sender Host: localhost
Sender port: 8093
Receiver Host: localhost
Receiver port: 8083
Request ID: -1
Error Occurred: false
Message Contents: 
	Leader voted for: 7
	Sender server state: O
	Sender server ID: 7
	Sender peer epoch: 0
Jan 09, 2022 2:16:19 PM edu.yu.cs.com3800.UDPMessageSender run
FINE: Message sent:
Message Type: ELECTION
Sender Host: localhost
Sender port: 8093
Receiver Host: localhost
Receiver port: 8023
Request ID: -1
Error Occurred: false
Message Contents: 
	Leader voted for: 7
	Sender server state: O
	Sender server ID: 7
	Sender peer epoch: 0
Jan 09, 2022 2:16:19 PM edu.yu.cs.com3800.UDPMessageSender run
FINE: Message sent:
Message Type: ELECTION
Sender Host: localhost
Sender port: 8093
Receiver Host: localhost
Receiver port: 8033
Request ID: -1
Error Occurred: false
Message Contents: 
	Leader voted for: 7
	Sender server state: O
	Sender server ID: 7
	Sender peer epoch: 0
Jan 09, 2022 2:16:19 PM edu.yu.cs.com3800.UDPMessageSender run
FINE: Message sent:
Message Type: ELECTION
Sender Host: localhost
Sender port: 8093
Receiver Host: localhost
Receiver port: 8043
Request ID: -1
Error Occurred: false
Message Contents: 
	Leader voted for: 7
	Sender server state: O
	Sender server ID: 7
	Sender peer epoch: 0
Jan 09, 2022 2:16:19 PM edu.yu.cs.com3800.UDPMessageSender run
FINE: Message sent:
Message Type: ELECTION
Sender Host: localhost
Sender port: 8093
Receiver Host: localhost
Receiver port: 8053
Request ID: -1
Error Occurred: false
Message Contents: 
	Leader voted for: 7
	Sender server state: O
	Sender server ID: 7
	Sender peer epoch: 0
Jan 09, 2022 2:16:19 PM edu.yu.cs.com3800.UDPMessageSender run
FINE: Message sent:
Message Type: ELECTION
Sender Host: localhost
Sender port: 8093
Receiver Host: localhost
Receiver port: 6002
Request ID: -1
Error Occurred: false
Message Contents: 
	Leader voted for: 7
	Sender server state: O
	Sender server ID: 7
	Sender peer epoch: 0
Jan 09, 2022 2:16:19 PM edu.yu.cs.com3800.UDPMessageSender run
FINE: Message sent:
Message Type: ELECTION
Sender Host: localhost
Sender port: 8093
Receiver Host: localhost
Receiver port: 8063
Request ID: -1
Error Occurred: false
Message Contents: 
	Leader voted for: 7
	Sender server state: O
	Sender server ID: 7
	Sender peer epoch: 0
Jan 09, 2022 2:16:19 PM edu.yu.cs.com3800.UDPMessageSender run
FINE: Message sent:
Message Type: ELECTION
Sender Host: localhost
Sender port: 8093
Receiver Host: localhost
Receiver port: 8073
Request ID: -1
Error Occurred: false
Message Contents: 
	Leader voted for: 7
	Sender server state: O
	Sender server ID: 7
	Sender peer epoch: 0
Jan 09, 2022 2:16:19 PM edu.yu.cs.com3800.UDPMessageSender run
FINE: Message sent:
Message Type: ELECTION
Sender Host: localhost
Sender port: 8093
Receiver Host: localhost
Receiver port: 8083
Request ID: -1
Error Occurred: false
Message Contents: 
	Leader voted for: 7
	Sender server state: O
	Sender server ID: 7
	Sender peer epoch: 0
Jan 09, 2022 2:16:19 PM edu.yu.cs.com3800.UDPMessageSender run
FINE: Message sent:
Message Type: ELECTION
Sender Host: localhost
Sender port: 8093
Receiver Host: localhost
Receiver port: 8023
Request ID: -1
Error Occurred: false
Message Contents: 
	Leader voted for: 7
	Sender server state: O
	Sender server ID: 7
	Sender peer epoch: 0
Jan 09, 2022 2:16:19 PM edu.yu.cs.com3800.UDPMessageSender run
FINE: Message sent:
Message Type: ELECTION
Sender Host: localhost
Sender port: 8093
Receiver Host: localhost
Receiver port: 8033
Request ID: -1
Error Occurred: false
Message Contents: 
	Leader voted for: 7
	Sender server state: O
	Sender server ID: 7
	Sender peer epoch: 0
Jan 09, 2022 2:16:19 PM edu.yu.cs.com3800.UDPMessageSender run
FINE: Message sent:
Message Type: ELECTION
Sender Host: localhost
Sender port: 8093
Receiver Host: localhost
Receiver port: 8043
Request ID: -1
Error Occurred: false
Message Contents: 
	Leader voted for: 7
	Sender server state: O
	Sender server ID: 7
	Sender peer epoch: 0
Jan 09, 2022 2:16:19 PM edu.yu.cs.com3800.UDPMessageSender run
FINE: Message sent:
Message Type: ELECTION
Sender Host: localhost
Sender port: 8093
Receiver Host: localhost
Receiver port: 8053
Request ID: -1
Error Occurred: false
Message Contents: 
	Leader voted for: 7
	Sender server state: O
	Sender server ID: 7
	Sender peer epoch: 0
Jan 09, 2022 2:16:19 PM edu.yu.cs.com3800.UDPMessageSender run
FINE: Message sent:
Message Type: ELECTION
Sender Host: localhost
Sender port: 8093
Receiver Host: localhost
Receiver port: 6002
Request ID: -1
Error Occurred: false
Message Contents: 
	Leader voted for: 7
	Sender server state: O
	Sender server ID: 7
	Sender peer epoch: 0
Jan 09, 2022 2:16:19 PM edu.yu.cs.com3800.UDPMessageSender run
FINE: Message sent:
Message Type: ELECTION
Sender Host: localhost
Sender port: 8093
Receiver Host: localhost
Receiver port: 8063
Request ID: -1
Error Occurred: false
Message Contents: 
	Leader voted for: 7
	Sender server state: O
	Sender server ID: 7
	Sender peer epoch: 0
Jan 09, 2022 2:16:19 PM edu.yu.cs.com3800.UDPMessageSender run
FINE: Message sent:
Message Type: ELECTION
Sender Host: localhost
Sender port: 8093
Receiver Host: localhost
Receiver port: 8073
Request ID: -1
Error Occurred: false
Message Contents: 
	Leader voted for: 7
	Sender server state: O
	Sender server ID: 7
	Sender peer epoch: 0
Jan 09, 2022 2:16:19 PM edu.yu.cs.com3800.UDPMessageSender run
FINE: Message sent:
Message Type: ELECTION
Sender Host: localhost
Sender port: 8093
Receiver Host: localhost
Receiver port: 8083
Request ID: -1
Error Occurred: false
Message Contents: 
	Leader voted for: 7
	Sender server state: O
	Sender server ID: 7
	Sender peer epoch: 0
Jan 09, 2022 2:16:19 PM edu.yu.cs.com3800.UDPMessageSender run
FINE: Message sent:
Message Type: ELECTION
Sender Host: localhost
Sender port: 8093
Receiver Host: localhost
Receiver port: 8023
Request ID: -1
Error Occurred: false
Message Contents: 
	Leader voted for: 7
	Sender server state: O
	Sender server ID: 7
	Sender peer epoch: 0
Jan 09, 2022 2:16:19 PM edu.yu.cs.com3800.UDPMessageSender run
FINE: Message sent:
Message Type: ELECTION
Sender Host: localhost
Sender port: 8093
Receiver Host: localhost
Receiver port: 8033
Request ID: -1
Error Occurred: false
Message Contents: 
	Leader voted for: 7
	Sender server state: O
	Sender server ID: 7
	Sender peer epoch: 0
Jan 09, 2022 2:16:19 PM edu.yu.cs.com3800.UDPMessageSender run
FINE: Message sent:
Message Type: ELECTION
Sender Host: localhost
Sender port: 8093
Receiver Host: localhost
Receiver port: 8043
Request ID: -1
Error Occurred: false
Message Contents: 
	Leader voted for: 7
	Sender server state: O
	Sender server ID: 7
	Sender peer epoch: 0
Jan 09, 2022 2:16:19 PM edu.yu.cs.com3800.UDPMessageSender run
FINE: Message sent:
Message Type: ELECTION
Sender Host: localhost
Sender port: 8093
Receiver Host: localhost
Receiver port: 8053
Request ID: -1
Error Occurred: false
Message Contents: 
	Leader voted for: 7
	Sender server state: O
	Sender server ID: 7
	Sender peer epoch: 0
Jan 09, 2022 2:16:19 PM edu.yu.cs.com3800.UDPMessageSender run
FINE: Message sent:
Message Type: ELECTION
Sender Host: localhost
Sender port: 8093
Receiver Host: localhost
Receiver port: 6002
Request ID: -1
Error Occurred: false
Message Contents: 
	Leader voted for: 7
	Sender server state: O
	Sender server ID: 7
	Sender peer epoch: 0
Jan 09, 2022 2:16:19 PM edu.yu.cs.com3800.UDPMessageSender run
FINE: Message sent:
Message Type: ELECTION
Sender Host: localhost
Sender port: 8093
Receiver Host: localhost
Receiver port: 8063
Request ID: -1
Error Occurred: false
Message Contents: 
	Leader voted for: 7
	Sender server state: O
	Sender server ID: 7
	Sender peer epoch: 0
Jan 09, 2022 2:16:19 PM edu.yu.cs.com3800.UDPMessageSender run
FINE: Message sent:
Message Type: ELECTION
Sender Host: localhost
Sender port: 8093
Receiver Host: localhost
Receiver port: 8073
Request ID: -1
Error Occurred: false
Message Contents: 
	Leader voted for: 7
	Sender server state: O
	Sender server ID: 7
	Sender peer epoch: 0
Jan 09, 2022 2:16:19 PM edu.yu.cs.com3800.UDPMessageSender run
FINE: Message sent:
Message Type: ELECTION
Sender Host: localhost
Sender port: 8093
Receiver Host: localhost
Receiver port: 8083
Request ID: -1
Error Occurred: false
Message Contents: 
	Leader voted for: 7
	Sender server state: O
	Sender server ID: 7
	Sender peer epoch: 0
Jan 09, 2022 2:16:20 PM edu.yu.cs.com3800.UDPMessageSender run
FINE: Message sent:
Message Type: GOSSIP
Sender Host: localhost
Sender port: 8093
Receiver Host: localhost
Receiver port: 8073
Request ID: -1
Error Occurred: false
Message Contents: 
8093-
Jan 09, 2022 2:16:25 PM edu.yu.cs.com3800.UDPMessageSender run
FINE: Message sent:
Message Type: GOSSIP
Sender Host: localhost
Sender port: 8093
Receiver Host: localhost
Receiver port: 6002
Request ID: -1
Error Occurred: false
Message Contents: 
8093-
Jan 09, 2022 2:16:29 PM edu.yu.cs.com3800.UDPMessageSender run
FINE: Message sent:
Message Type: GOSSIP
Sender Host: localhost
Sender port: 8093
Receiver Host: localhost
Receiver port: 8083
Request ID: -1
Error Occurred: false
Message Contents: 
8093-
Jan 09, 2022 2:16:32 PM edu.yu.cs.com3800.UDPMessageSender run
FINE: Message sent:
Message Type: GOSSIP
Sender Host: localhost
Sender port: 8093
Receiver Host: localhost
Receiver port: 6002
Request ID: -1
Error Occurred: false
Message Contents: 
8093-
Jan 09, 2022 2:16:35 PM edu.yu.cs.com3800.UDPMessageSender run
FINE: Message sent:
Message Type: GOSSIP
Sender Host: localhost
Sender port: 8093
Receiver Host: localhost
Receiver port: 8033
Request ID: -1
Error Occurred: false
Message Contents: 
8093-
Jan 09, 2022 2:16:39 PM edu.yu.cs.com3800.UDPMessageSender run
FINE: Message sent:
Message Type: GOSSIP
Sender Host: localhost
Sender port: 8093
Receiver Host: localhost
Receiver port: 8033
Request ID: -1
Error Occurred: false
Message Contents: 
8093-
Jan 09, 2022 2:16:42 PM edu.yu.cs.com3800.UDPMessageSender run
FINE: Message sent:
Message Type: GOSSIP
Sender Host: localhost
Sender port: 8093
Receiver Host: localhost
Receiver port: 8023
Request ID: -1
Error Occurred: false
Message Contents: 
8093-
Jan 09, 2022 2:16:44 PM edu.yu.cs.com3800.UDPMessageSender run
FINE: Message sent:
Message Type: GOSSIP
Sender Host: localhost
Sender port: 8093
Receiver Host: localhost
Receiver port: 8073
Request ID: -1
Error Occurred: false
Message Contents: 
8093-
Jan 09, 2022 2:16:49 PM edu.yu.cs.com3800.UDPMessageSender run
FINE: Message sent:
Message Type: GOSSIP
Sender Host: localhost
Sender port: 8093
Receiver Host: localhost
Receiver port: 6002
Request ID: -1
Error Occurred: false
Message Contents: 
8093-
Jan 09, 2022 2:16:51 PM edu.yu.cs.com3800.UDPMessageSender run
FINE: Message sent:
Message Type: GOSSIP
Sender Host: localhost
Sender port: 8093
Receiver Host: localhost
Receiver port: 8083
Request ID: -1
Error Occurred: false
Message Contents: 
8093-
Jan 09, 2022 3:30:52 PM edu.yu.cs.com3800.UDPMessageSender run
FINE: Message sent:
Message Type: ELECTION
Sender Host: localhost
Sender port: 8093
Receiver Host: localhost
Receiver port: 8023
Request ID: -1
Error Occurred: false
Message Contents: 
	Leader voted for: 7
	Sender server state: O
	Sender server ID: 7
	Sender peer epoch: 0
Jan 09, 2022 3:30:52 PM edu.yu.cs.com3800.UDPMessageSender run
FINE: Message sent:
Message Type: ELECTION
Sender Host: localhost
Sender port: 8093
Receiver Host: localhost
Receiver port: 8033
Request ID: -1
Error Occurred: false
Message Contents: 
	Leader voted for: 7
	Sender server state: O
	Sender server ID: 7
	Sender peer epoch: 0
Jan 09, 2022 3:30:52 PM edu.yu.cs.com3800.UDPMessageSender run
FINE: Message sent:
Message Type: ELECTION
Sender Host: localhost
Sender port: 8093
Receiver Host: localhost
Receiver port: 8043
Request ID: -1
Error Occurred: false
Message Contents: 
	Leader voted for: 7
	Sender server state: O
	Sender server ID: 7
	Sender peer epoch: 0
Jan 09, 2022 3:30:53 PM edu.yu.cs.com3800.UDPMessageSender run
FINE: Message sent:
Message Type: ELECTION
Sender Host: localhost
Sender port: 8093
Receiver Host: localhost
Receiver port: 8053
Request ID: -1
Error Occurred: false
Message Contents: 
	Leader voted for: 7
	Sender server state: O
	Sender server ID: 7
	Sender peer epoch: 0
Jan 09, 2022 3:30:53 PM edu.yu.cs.com3800.UDPMessageSender run
FINE: Message sent:
Message Type: ELECTION
Sender Host: localhost
Sender port: 8093
Receiver Host: localhost
Receiver port: 6002
Request ID: -1
Error Occurred: false
Message Contents: 
	Leader voted for: 7
	Sender server state: O
	Sender server ID: 7
	Sender peer epoch: 0
Jan 09, 2022 3:30:53 PM edu.yu.cs.com3800.UDPMessageSender run
FINE: Message sent:
Message Type: ELECTION
Sender Host: localhost
Sender port: 8093
Receiver Host: localhost
Receiver port: 8063
Request ID: -1
Error Occurred: false
Message Contents: 
	Leader voted for: 7
	Sender server state: O
	Sender server ID: 7
	Sender peer epoch: 0
Jan 09, 2022 3:30:53 PM edu.yu.cs.com3800.UDPMessageSender run
FINE: Message sent:
Message Type: ELECTION
Sender Host: localhost
Sender port: 8093
Receiver Host: localhost
Receiver port: 8073
Request ID: -1
Error Occurred: false
Message Contents: 
	Leader voted for: 7
	Sender server state: O
	Sender server ID: 7
	Sender peer epoch: 0
Jan 09, 2022 3:30:53 PM edu.yu.cs.com3800.UDPMessageSender run
FINE: Message sent:
Message Type: ELECTION
Sender Host: localhost
Sender port: 8093
Receiver Host: localhost
Receiver port: 8083
Request ID: -1
Error Occurred: false
Message Contents: 
	Leader voted for: 7
	Sender server state: O
	Sender server ID: 7
	Sender peer epoch: 0
Jan 09, 2022 3:30:53 PM edu.yu.cs.com3800.UDPMessageSender run
FINE: Message sent:
Message Type: ELECTION
Sender Host: localhost
Sender port: 8093
Receiver Host: localhost
Receiver port: 8023
Request ID: -1
Error Occurred: false
Message Contents: 
	Leader voted for: 7
	Sender server state: O
	Sender server ID: 7
	Sender peer epoch: 0
Jan 09, 2022 3:30:53 PM edu.yu.cs.com3800.UDPMessageSender run
FINE: Message sent:
Message Type: ELECTION
Sender Host: localhost
Sender port: 8093
Receiver Host: localhost
Receiver port: 8033
Request ID: -1
Error Occurred: false
Message Contents: 
	Leader voted for: 7
	Sender server state: O
	Sender server ID: 7
	Sender peer epoch: 0
Jan 09, 2022 3:30:53 PM edu.yu.cs.com3800.UDPMessageSender run
FINE: Message sent:
Message Type: ELECTION
Sender Host: localhost
Sender port: 8093
Receiver Host: localhost
Receiver port: 8043
Request ID: -1
Error Occurred: false
Message Contents: 
	Leader voted for: 7
	Sender server state: O
	Sender server ID: 7
	Sender peer epoch: 0
Jan 09, 2022 3:30:53 PM edu.yu.cs.com3800.UDPMessageSender run
FINE: Message sent:
Message Type: ELECTION
Sender Host: localhost
Sender port: 8093
Receiver Host: localhost
Receiver port: 8053
Request ID: -1
Error Occurred: false
Message Contents: 
	Leader voted for: 7
	Sender server state: O
	Sender server ID: 7
	Sender peer epoch: 0
Jan 09, 2022 3:30:53 PM edu.yu.cs.com3800.UDPMessageSender run
FINE: Message sent:
Message Type: ELECTION
Sender Host: localhost
Sender port: 8093
Receiver Host: localhost
Receiver port: 6002
Request ID: -1
Error Occurred: false
Message Contents: 
	Leader voted for: 7
	Sender server state: O
	Sender server ID: 7
	Sender peer epoch: 0
Jan 09, 2022 3:30:53 PM edu.yu.cs.com3800.UDPMessageSender run
FINE: Message sent:
Message Type: ELECTION
Sender Host: localhost
Sender port: 8093
Receiver Host: localhost
Receiver port: 8063
Request ID: -1
Error Occurred: false
Message Contents: 
	Leader voted for: 7
	Sender server state: O
	Sender server ID: 7
	Sender peer epoch: 0
Jan 09, 2022 3:30:53 PM edu.yu.cs.com3800.UDPMessageSender run
FINE: Message sent:
Message Type: ELECTION
Sender Host: localhost
Sender port: 8093
Receiver Host: localhost
Receiver port: 8073
Request ID: -1
Error Occurred: false
Message Contents: 
	Leader voted for: 7
	Sender server state: O
	Sender server ID: 7
	Sender peer epoch: 0
Jan 09, 2022 3:30:53 PM edu.yu.cs.com3800.UDPMessageSender run
FINE: Message sent:
Message Type: ELECTION
Sender Host: localhost
Sender port: 8093
Receiver Host: localhost
Receiver port: 8083
Request ID: -1
Error Occurred: false
Message Contents: 
	Leader voted for: 7
	Sender server state: O
	Sender server ID: 7
	Sender peer epoch: 0
Jan 09, 2022 3:30:53 PM edu.yu.cs.com3800.UDPMessageSender run
FINE: Message sent:
Message Type: ELECTION
Sender Host: localhost
Sender port: 8093
Receiver Host: localhost
Receiver port: 8023
Request ID: -1
Error Occurred: false
Message Contents: 
	Leader voted for: 7
	Sender server state: O
	Sender server ID: 7
	Sender peer epoch: 0
Jan 09, 2022 3:30:53 PM edu.yu.cs.com3800.UDPMessageSender run
FINE: Message sent:
Message Type: ELECTION
Sender Host: localhost
Sender port: 8093
Receiver Host: localhost
Receiver port: 8033
Request ID: -1
Error Occurred: false
Message Contents: 
	Leader voted for: 7
	Sender server state: O
	Sender server ID: 7
	Sender peer epoch: 0
Jan 09, 2022 3:30:53 PM edu.yu.cs.com3800.UDPMessageSender run
FINE: Message sent:
Message Type: ELECTION
Sender Host: localhost
Sender port: 8093
Receiver Host: localhost
Receiver port: 8043
Request ID: -1
Error Occurred: false
Message Contents: 
	Leader voted for: 7
	Sender server state: O
	Sender server ID: 7
	Sender peer epoch: 0
Jan 09, 2022 3:30:53 PM edu.yu.cs.com3800.UDPMessageSender run
FINE: Message sent:
Message Type: ELECTION
Sender Host: localhost
Sender port: 8093
Receiver Host: localhost
Receiver port: 8053
Request ID: -1
Error Occurred: false
Message Contents: 
	Leader voted for: 7
	Sender server state: O
	Sender server ID: 7
	Sender peer epoch: 0
Jan 09, 2022 3:30:53 PM edu.yu.cs.com3800.UDPMessageSender run
FINE: Message sent:
Message Type: ELECTION
Sender Host: localhost
Sender port: 8093
Receiver Host: localhost
Receiver port: 6002
Request ID: -1
Error Occurred: false
Message Contents: 
	Leader voted for: 7
	Sender server state: O
	Sender server ID: 7
	Sender peer epoch: 0
Jan 09, 2022 3:30:53 PM edu.yu.cs.com3800.UDPMessageSender run
FINE: Message sent:
Message Type: ELECTION
Sender Host: localhost
Sender port: 8093
Receiver Host: localhost
Receiver port: 8063
Request ID: -1
Error Occurred: false
Message Contents: 
	Leader voted for: 7
	Sender server state: O
	Sender server ID: 7
	Sender peer epoch: 0
Jan 09, 2022 3:30:53 PM edu.yu.cs.com3800.UDPMessageSender run
FINE: Message sent:
Message Type: ELECTION
Sender Host: localhost
Sender port: 8093
Receiver Host: localhost
Receiver port: 8073
Request ID: -1
Error Occurred: false
Message Contents: 
	Leader voted for: 7
	Sender server state: O
	Sender server ID: 7
	Sender peer epoch: 0
Jan 09, 2022 3:30:53 PM edu.yu.cs.com3800.UDPMessageSender run
FINE: Message sent:
Message Type: ELECTION
Sender Host: localhost
Sender port: 8093
Receiver Host: localhost
Receiver port: 8083
Request ID: -1
Error Occurred: false
Message Contents: 
	Leader voted for: 7
	Sender server state: O
	Sender server ID: 7
	Sender peer epoch: 0
Jan 09, 2022 3:31:01 PM edu.yu.cs.com3800.UDPMessageSender run
FINE: Message sent:
Message Type: GOSSIP
Sender Host: localhost
Sender port: 8093
Receiver Host: localhost
Receiver port: 8043
Request ID: -1
Error Occurred: false
Message Contents: 
8093-8023:0/8033:0/8043:0/8053:0/6002:0/8063:0/8073:0/8083:0/
Jan 09, 2022 3:31:22 PM edu.yu.cs.com3800.UDPMessageSender run
FINE: Message sent:
Message Type: GOSSIP
Sender Host: localhost
Sender port: 8093
Receiver Host: localhost
Receiver port: 8063
Request ID: -1
Error Occurred: false
Message Contents: 
8093-8023:0/8033:0/8043:0/8053:0/6002:0/8063:0/8073:0/8083:0/
Jan 09, 2022 3:31:27 PM edu.yu.cs.com3800.UDPMessageSender run
FINE: Message sent:
Message Type: GOSSIP
Sender Host: localhost
Sender port: 8093
Receiver Host: localhost
Receiver port: 8023
Request ID: -1
Error Occurred: false
Message Contents: 
8093-8023:0/8033:0/8043:0/8053:0/6002:0/8063:0/8073:0/8083:0/
Jan 09, 2022 3:31:31 PM edu.yu.cs.com3800.UDPMessageSender run
FINE: Message sent:
Message Type: GOSSIP
Sender Host: localhost
Sender port: 8093
Receiver Host: localhost
Receiver port: 8023
Request ID: -1
Error Occurred: false
Message Contents: 
8093-8023:0/8033:0/8043:0/8053:0/6002:0/8063:0/8073:0/8083:0/
Jan 09, 2022 3:31:50 PM edu.yu.cs.com3800.UDPMessageSender run
FINE: Message sent:
Message Type: GOSSIP
Sender Host: localhost
Sender port: 8093
Receiver Host: localhost
Receiver port: 8083
Request ID: -1
Error Occurred: false
Message Contents: 
8093-8023:0/8033:0/8043:0/8053:0/6002:0/8063:0/8073:0/8083:0/
