Jan 09, 2022 8:27:21 PM edu.yu.cs.com3800.UDPMessageSender run
FINE: Message sent:
Message Type: ELECTION
Sender Host: localhost
Sender port: 8081
Receiver Host: localhost
Receiver port: 8011
Request ID: -1
Error Occurred: false
Message Contents: 
	Leader voted for: 7
	Sender server state: O
	Sender server ID: 7
	Sender peer epoch: 0
Jan 09, 2022 8:27:21 PM edu.yu.cs.com3800.UDPMessageSender run
FINE: Message sent:
Message Type: ELECTION
Sender Host: localhost
Sender port: 8081
Receiver Host: localhost
Receiver port: 8021
Request ID: -1
Error Occurred: false
Message Contents: 
	Leader voted for: 7
	Sender server state: O
	Sender server ID: 7
	Sender peer epoch: 0
Jan 09, 2022 8:27:21 PM edu.yu.cs.com3800.UDPMessageSender run
FINE: Message sent:
Message Type: ELECTION
Sender Host: localhost
Sender port: 8081
Receiver Host: localhost
Receiver port: 8031
Request ID: -1
Error Occurred: false
Message Contents: 
	Leader voted for: 7
	Sender server state: O
	Sender server ID: 7
	Sender peer epoch: 0
Jan 09, 2022 8:27:21 PM edu.yu.cs.com3800.UDPMessageSender run
FINE: Message sent:
Message Type: ELECTION
Sender Host: localhost
Sender port: 8081
Receiver Host: localhost
Receiver port: 8041
Request ID: -1
Error Occurred: false
Message Contents: 
	Leader voted for: 7
	Sender server state: O
	Sender server ID: 7
	Sender peer epoch: 0
Jan 09, 2022 8:27:21 PM edu.yu.cs.com3800.UDPMessageSender run
FINE: Message sent:
Message Type: ELECTION
Sender Host: localhost
Sender port: 8081
Receiver Host: localhost
Receiver port: 9002
Request ID: -1
Error Occurred: false
Message Contents: 
	Leader voted for: 7
	Sender server state: O
	Sender server ID: 7
	Sender peer epoch: 0
Jan 09, 2022 8:27:21 PM edu.yu.cs.com3800.UDPMessageSender run
FINE: Message sent:
Message Type: ELECTION
Sender Host: localhost
Sender port: 8081
Receiver Host: localhost
Receiver port: 8051
Request ID: -1
Error Occurred: false
Message Contents: 
	Leader voted for: 7
	Sender server state: O
	Sender server ID: 7
	Sender peer epoch: 0
Jan 09, 2022 8:27:21 PM edu.yu.cs.com3800.UDPMessageSender run
FINE: Message sent:
Message Type: ELECTION
Sender Host: localhost
Sender port: 8081
Receiver Host: localhost
Receiver port: 8061
Request ID: -1
Error Occurred: false
Message Contents: 
	Leader voted for: 7
	Sender server state: O
	Sender server ID: 7
	Sender peer epoch: 0
Jan 09, 2022 8:27:21 PM edu.yu.cs.com3800.UDPMessageSender run
FINE: Message sent:
Message Type: ELECTION
Sender Host: localhost
Sender port: 8081
Receiver Host: localhost
Receiver port: 8071
Request ID: -1
Error Occurred: false
Message Contents: 
	Leader voted for: 7
	Sender server state: O
	Sender server ID: 7
	Sender peer epoch: 0
Jan 09, 2022 8:27:21 PM edu.yu.cs.com3800.UDPMessageSender run
FINE: Message sent:
Message Type: GOSSIP
Sender Host: localhost
Sender port: 8081
Receiver Host: localhost
Receiver port: 8031
Request ID: -1
Error Occurred: false
Message Contents: 
7-0:0/1:0/2:0/3:0/99:0/4:0/5:0/6:0/7:1/
Jan 09, 2022 8:27:24 PM edu.yu.cs.com3800.UDPMessageSender run
FINE: Message sent:
Message Type: GOSSIP
Sender Host: localhost
Sender port: 8081
Receiver Host: localhost
Receiver port: 8071
Request ID: -1
Error Occurred: false
Message Contents: 
7-0:0/1:0/2:0/3:0/99:0/4:0/5:0/6:0/7:2/
Jan 09, 2022 8:27:28 PM edu.yu.cs.com3800.UDPMessageSender run
FINE: Message sent:
Message Type: GOSSIP
Sender Host: localhost
Sender port: 8081
Receiver Host: localhost
Receiver port: 9002
Request ID: -1
Error Occurred: false
Message Contents: 
7-0:0/1:0/2:0/3:0/99:0/4:0/5:0/6:0/7:3/
Jan 09, 2022 8:27:31 PM edu.yu.cs.com3800.UDPMessageSender run
FINE: Message sent:
Message Type: GOSSIP
Sender Host: localhost
Sender port: 8081
Receiver Host: localhost
Receiver port: 8021
Request ID: -1
Error Occurred: false
Message Contents: 
7-0:0/1:0/2:0/3:0/99:0/4:0/5:0/6:0/7:4/
Jan 09, 2022 8:27:34 PM edu.yu.cs.com3800.UDPMessageSender run
FINE: Message sent:
Message Type: GOSSIP
Sender Host: localhost
Sender port: 8081
Receiver Host: localhost
Receiver port: 8041
Request ID: -1
Error Occurred: false
Message Contents: 
7-0:0/1:0/2:0/3:4/99:0/4:0/5:0/6:0/7:5/
Jan 09, 2022 8:27:37 PM edu.yu.cs.com3800.UDPMessageSender run
FINE: Message sent:
Message Type: GOSSIP
Sender Host: localhost
Sender port: 8081
Receiver Host: localhost
Receiver port: 8041
Request ID: -1
Error Occurred: false
Message Contents: 
7-0:3/1:6/2:4/3:4/99:5/4:6/5:1/6:5/7:7/
Jan 09, 2022 8:27:40 PM edu.yu.cs.com3800.UDPMessageSender run
FINE: Message sent:
Message Type: GOSSIP
Sender Host: localhost
Sender port: 8081
Receiver Host: localhost
Receiver port: 8071
Request ID: -1
Error Occurred: false
Message Contents: 
7-0:3/1:7/2:4/3:4/99:5/4:6/5:1/6:5/7:8/
Jan 09, 2022 8:27:43 PM edu.yu.cs.com3800.UDPMessageSender run
FINE: Message sent:
Message Type: GOSSIP
Sender Host: localhost
Sender port: 8081
Receiver Host: localhost
Receiver port: 8021
Request ID: -1
Error Occurred: false
Message Contents: 
7-0:3/1:7/2:4/3:4/99:5/4:6/5:1/6:5/7:9/
Jan 09, 2022 8:27:47 PM edu.yu.cs.com3800.UDPMessageSender run
FINE: Message sent:
Message Type: GOSSIP
Sender Host: localhost
Sender port: 8081
Receiver Host: localhost
Receiver port: 8011
Request ID: -1
Error Occurred: false
Message Contents: 
7-0:3/1:7/2:4/3:4/99:5/4:6/5:1/6:5/7:10/
Jan 09, 2022 8:27:50 PM edu.yu.cs.com3800.UDPMessageSender run
FINE: Message sent:
Message Type: GOSSIP
Sender Host: localhost
Sender port: 8081
Receiver Host: localhost
Receiver port: 8011
Request ID: -1
Error Occurred: false
Message Contents: 
7-0:3/1:7/2:4/3:4/99:5/4:6/5:1/6:5/7:11/
Jan 09, 2022 8:27:53 PM edu.yu.cs.com3800.UDPMessageSender run
FINE: Message sent:
Message Type: GOSSIP
Sender Host: localhost
Sender port: 8081
Receiver Host: localhost
Receiver port: 8011
Request ID: -1
Error Occurred: false
Message Contents: 
7-0:3/1:7/2:4/3:4/99:5/4:6/5:1/6:5/7:12/
Jan 09, 2022 8:27:57 PM edu.yu.cs.com3800.UDPMessageSender run
FINE: Message sent:
Message Type: GOSSIP
Sender Host: localhost
Sender port: 8081
Receiver Host: localhost
Receiver port: 8021
Request ID: -1
Error Occurred: false
Message Contents: 
7-0:3/1:7/2:4/3:4/99:5/4:6/5:1/6:5/7:13/
Jan 09, 2022 8:27:59 PM edu.yu.cs.com3800.UDPMessageSender run
FINE: Message sent:
Message Type: GOSSIP
Sender Host: localhost
Sender port: 8081
Receiver Host: localhost
Receiver port: 8011
Request ID: -1
Error Occurred: false
Message Contents: 
7-0:17/1:13/2:11/3:14/99:16/4:15/5:1/6:13/7:18/
Jan 09, 2022 8:28:03 PM edu.yu.cs.com3800.UDPMessageSender run
FINE: Message sent:
Message Type: GOSSIP
Sender Host: localhost
Sender port: 8081
Receiver Host: localhost
Receiver port: 8021
Request ID: -1
Error Occurred: false
Message Contents: 
7-0:17/1:13/2:11/3:14/99:16/4:15/5:1/6:13/7:19/
Jan 09, 2022 8:28:05 PM edu.yu.cs.com3800.UDPMessageSender run
FINE: Message sent:
Message Type: GOSSIP
Sender Host: localhost
Sender port: 8081
Receiver Host: localhost
Receiver port: 9002
Request ID: -1
Error Occurred: false
Message Contents: 
7-0:17/1:16/2:14/3:16/99:20/4:19/6:15/7:21/
Jan 09, 2022 8:28:08 PM edu.yu.cs.com3800.UDPMessageSender run
FINE: Message sent:
Message Type: GOSSIP
Sender Host: localhost
Sender port: 8081
Receiver Host: localhost
Receiver port: 8041
Request ID: -1
Error Occurred: false
Message Contents: 
7-0:17/1:16/2:19/3:16/99:20/4:20/6:15/7:22/
Jan 09, 2022 8:28:12 PM edu.yu.cs.com3800.UDPMessageSender run
FINE: Message sent:
Message Type: GOSSIP
Sender Host: localhost
Sender port: 8081
Receiver Host: localhost
Receiver port: 8031
Request ID: -1
Error Occurred: false
Message Contents: 
7-0:17/1:16/2:19/3:16/99:20/4:20/6:15/7:23/
Jan 09, 2022 8:28:14 PM edu.yu.cs.com3800.UDPMessageSender run
FINE: Message sent:
Message Type: GOSSIP
Sender Host: localhost
Sender port: 8081
Receiver Host: localhost
Receiver port: 8011
Request ID: -1
Error Occurred: false
Message Contents: 
7-0:25/1:23/2:24/3:22/99:20/4:22/6:21/7:26/
Jan 09, 2022 8:28:17 PM edu.yu.cs.com3800.UDPMessageSender run
FINE: Message sent:
Message Type: GOSSIP
Sender Host: localhost
Sender port: 8081
Receiver Host: localhost
Receiver port: 8031
Request ID: -1
Error Occurred: false
Message Contents: 
7-0:25/1:25/2:24/3:22/99:20/4:22/6:21/7:27/
Jan 09, 2022 8:28:21 PM edu.yu.cs.com3800.UDPMessageSender run
FINE: Message sent:
Message Type: GOSSIP
Sender Host: localhost
Sender port: 8081
Receiver Host: localhost
Receiver port: 8041
Request ID: -1
Error Occurred: false
Message Contents: 
7-0:25/1:26/2:24/3:26/99:25/4:22/6:21/7:28/
Jan 09, 2022 8:28:23 PM edu.yu.cs.com3800.UDPMessageSender run
FINE: Message sent:
Message Type: GOSSIP
Sender Host: localhost
Sender port: 8081
Receiver Host: localhost
Receiver port: 8011
Request ID: -1
Error Occurred: false
Message Contents: 
7-0:25/1:26/2:24/3:26/99:25/4:22/6:21/7:29/
Jan 09, 2022 8:28:26 PM edu.yu.cs.com3800.UDPMessageSender run
FINE: Message sent:
Message Type: GOSSIP
Sender Host: localhost
Sender port: 8081
Receiver Host: localhost
Receiver port: 8071
Request ID: -1
Error Occurred: false
Message Contents: 
7-0:31/1:30/2:27/3:29/99:25/4:22/6:29/7:32/
Jan 09, 2022 8:28:30 PM edu.yu.cs.com3800.UDPMessageSender run
FINE: Message sent:
Message Type: GOSSIP
Sender Host: localhost
Sender port: 8081
Receiver Host: localhost
Receiver port: 8031
Request ID: -1
Error Occurred: false
Message Contents: 
7-0:32/1:31/2:27/3:31/99:25/4:30/6:30/7:33/
Jan 09, 2022 8:28:33 PM edu.yu.cs.com3800.UDPMessageSender run
FINE: Message sent:
Message Type: GOSSIP
Sender Host: localhost
Sender port: 8081
Receiver Host: localhost
Receiver port: 8031
Request ID: -1
Error Occurred: false
Message Contents: 
7-0:32/1:31/2:27/3:31/99:25/4:30/6:30/7:34/
Jan 09, 2022 8:28:36 PM edu.yu.cs.com3800.UDPMessageSender run
FINE: Message sent:
Message Type: GOSSIP
Sender Host: localhost
Sender port: 8081
Receiver Host: localhost
Receiver port: 8061
Request ID: -1
Error Occurred: false
Message Contents: 
7-0:33/1:35/2:36/3:31/99:33/4:34/6:34/7:37/
Jan 09, 2022 8:29:51 PM edu.yu.cs.com3800.UDPMessageSender run
FINE: Message sent:
Message Type: ELECTION
Sender Host: localhost
Sender port: 8081
Receiver Host: localhost
Receiver port: 8011
Request ID: -1
Error Occurred: false
Message Contents: 
	Leader voted for: 7
	Sender server state: O
	Sender server ID: 7
	Sender peer epoch: 0
Jan 09, 2022 8:29:51 PM edu.yu.cs.com3800.UDPMessageSender run
FINE: Message sent:
Message Type: ELECTION
Sender Host: localhost
Sender port: 8081
Receiver Host: localhost
Receiver port: 8021
Request ID: -1
Error Occurred: false
Message Contents: 
	Leader voted for: 7
	Sender server state: O
	Sender server ID: 7
	Sender peer epoch: 0
Jan 09, 2022 8:29:51 PM edu.yu.cs.com3800.UDPMessageSender run
FINE: Message sent:
Message Type: ELECTION
Sender Host: localhost
Sender port: 8081
Receiver Host: localhost
Receiver port: 8031
Request ID: -1
Error Occurred: false
Message Contents: 
	Leader voted for: 7
	Sender server state: O
	Sender server ID: 7
	Sender peer epoch: 0
Jan 09, 2022 8:29:51 PM edu.yu.cs.com3800.UDPMessageSender run
FINE: Message sent:
Message Type: ELECTION
Sender Host: localhost
Sender port: 8081
Receiver Host: localhost
Receiver port: 8041
Request ID: -1
Error Occurred: false
Message Contents: 
	Leader voted for: 7
	Sender server state: O
	Sender server ID: 7
	Sender peer epoch: 0
Jan 09, 2022 8:29:51 PM edu.yu.cs.com3800.UDPMessageSender run
FINE: Message sent:
Message Type: ELECTION
Sender Host: localhost
Sender port: 8081
Receiver Host: localhost
Receiver port: 9002
Request ID: -1
Error Occurred: false
Message Contents: 
	Leader voted for: 7
	Sender server state: O
	Sender server ID: 7
	Sender peer epoch: 0
Jan 09, 2022 8:29:51 PM edu.yu.cs.com3800.UDPMessageSender run
FINE: Message sent:
Message Type: ELECTION
Sender Host: localhost
Sender port: 8081
Receiver Host: localhost
Receiver port: 8051
Request ID: -1
Error Occurred: false
Message Contents: 
	Leader voted for: 7
	Sender server state: O
	Sender server ID: 7
	Sender peer epoch: 0
Jan 09, 2022 8:29:51 PM edu.yu.cs.com3800.UDPMessageSender run
FINE: Message sent:
Message Type: ELECTION
Sender Host: localhost
Sender port: 8081
Receiver Host: localhost
Receiver port: 8061
Request ID: -1
Error Occurred: false
Message Contents: 
	Leader voted for: 7
	Sender server state: O
	Sender server ID: 7
	Sender peer epoch: 0
Jan 09, 2022 8:29:51 PM edu.yu.cs.com3800.UDPMessageSender run
FINE: Message sent:
Message Type: ELECTION
Sender Host: localhost
Sender port: 8081
Receiver Host: localhost
Receiver port: 8071
Request ID: -1
Error Occurred: false
Message Contents: 
	Leader voted for: 7
	Sender server state: O
	Sender server ID: 7
	Sender peer epoch: 0
Jan 09, 2022 8:29:51 PM edu.yu.cs.com3800.UDPMessageSender run
FINE: Message sent:
Message Type: GOSSIP
Sender Host: localhost
Sender port: 8081
Receiver Host: localhost
Receiver port: 8021
Request ID: -1
Error Occurred: false
Message Contents: 
7-0:0/1:0/2:0/3:0/99:0/4:0/5:0/6:1/7:1/
Jan 09, 2022 8:29:54 PM edu.yu.cs.com3800.UDPMessageSender run
FINE: Message sent:
Message Type: GOSSIP
Sender Host: localhost
Sender port: 8081
Receiver Host: localhost
Receiver port: 9002
Request ID: -1
Error Occurred: false
Message Contents: 
7-0:0/1:0/2:0/3:0/99:0/4:0/5:0/6:1/7:2/
Jan 09, 2022 8:29:57 PM edu.yu.cs.com3800.UDPMessageSender run
FINE: Message sent:
Message Type: GOSSIP
Sender Host: localhost
Sender port: 8081
Receiver Host: localhost
Receiver port: 8011
Request ID: -1
Error Occurred: false
Message Contents: 
7-0:5/1:3/2:2/3:3/99:2/4:4/5:1/6:3/7:6/
Jan 09, 2022 8:30:01 PM edu.yu.cs.com3800.UDPMessageSender run
FINE: Message sent:
Message Type: GOSSIP
Sender Host: localhost
Sender port: 8081
Receiver Host: localhost
Receiver port: 8071
Request ID: -1
Error Occurred: false
Message Contents: 
7-0:5/1:3/2:2/3:4/99:3/4:4/5:1/6:3/7:7/
Jan 09, 2022 8:30:04 PM edu.yu.cs.com3800.UDPMessageSender run
FINE: Message sent:
Message Type: GOSSIP
Sender Host: localhost
Sender port: 8081
Receiver Host: localhost
Receiver port: 8051
Request ID: -1
Error Occurred: false
Message Contents: 
7-0:5/1:5/2:3/3:4/99:4/4:4/5:1/6:8/7:9/
Jan 09, 2022 8:30:07 PM edu.yu.cs.com3800.UDPMessageSender run
FINE: Message sent:
Message Type: GOSSIP
Sender Host: localhost
Sender port: 8081
Receiver Host: localhost
Receiver port: 8011
Request ID: -1
Error Occurred: false
Message Contents: 
7-0:5/1:6/2:3/3:4/99:4/4:4/5:1/6:8/7:10/
Jan 09, 2022 8:30:10 PM edu.yu.cs.com3800.UDPMessageSender run
FINE: Message sent:
Message Type: GOSSIP
Sender Host: localhost
Sender port: 8081
Receiver Host: localhost
Receiver port: 8061
Request ID: -1
Error Occurred: false
Message Contents: 
7-0:7/1:6/2:4/3:11/99:4/4:10/5:1/6:8/7:12/
Jan 09, 2022 8:30:14 PM edu.yu.cs.com3800.UDPMessageSender run
FINE: Message sent:
Message Type: GOSSIP
Sender Host: localhost
Sender port: 8081
Receiver Host: localhost
Receiver port: 8021
Request ID: -1
Error Occurred: false
Message Contents: 
7-0:7/1:6/2:4/3:11/99:4/4:10/5:1/6:8/7:13/
Jan 09, 2022 8:30:17 PM edu.yu.cs.com3800.UDPMessageSender run
FINE: Message sent:
Message Type: GOSSIP
Sender Host: localhost
Sender port: 8081
Receiver Host: localhost
Receiver port: 9002
Request ID: -1
Error Occurred: false
Message Contents: 
7-0:7/1:6/2:4/3:11/99:4/4:10/5:1/6:8/7:14/
Jan 09, 2022 8:30:20 PM edu.yu.cs.com3800.UDPMessageSender run
FINE: Message sent:
Message Type: GOSSIP
Sender Host: localhost
Sender port: 8081
Receiver Host: localhost
Receiver port: 8031
Request ID: -1
Error Occurred: false
Message Contents: 
7-0:7/1:6/2:4/3:11/99:4/4:10/5:1/6:8/7:15/
Jan 09, 2022 8:30:23 PM edu.yu.cs.com3800.UDPMessageSender run
FINE: Message sent:
Message Type: GOSSIP
Sender Host: localhost
Sender port: 8081
Receiver Host: localhost
Receiver port: 8021
Request ID: -1
Error Occurred: false
Message Contents: 
7-0:19/1:7/2:14/3:15/99:12/4:13/5:1/6:17/7:20/
Jan 09, 2022 8:30:27 PM edu.yu.cs.com3800.UDPMessageSender run
FINE: Message sent:
Message Type: GOSSIP
Sender Host: localhost
Sender port: 8081
Receiver Host: localhost
Receiver port: 8011
Request ID: -1
Error Occurred: false
Message Contents: 
7-0:19/1:7/2:14/3:15/99:12/4:13/5:1/6:17/7:21/
Jan 09, 2022 8:30:30 PM edu.yu.cs.com3800.UDPMessageSender run
FINE: Message sent:
Message Type: GOSSIP
Sender Host: localhost
Sender port: 8081
Receiver Host: localhost
Receiver port: 8011
Request ID: -1
Error Occurred: false
Message Contents: 
7-0:24/1:22/2:20/3:23/99:21/4:23/6:19/7:25/
Jan 09, 2022 8:30:33 PM edu.yu.cs.com3800.UDPMessageSender run
FINE: Message sent:
Message Type: GOSSIP
Sender Host: localhost
Sender port: 8081
Receiver Host: localhost
Receiver port: 8021
Request ID: -1
Error Occurred: false
Message Contents: 
7-0:24/1:22/2:25/3:24/99:21/4:24/6:19/7:26/
Jan 09, 2022 8:30:36 PM edu.yu.cs.com3800.UDPMessageSender run
FINE: Message sent:
Message Type: GOSSIP
Sender Host: localhost
Sender port: 8081
Receiver Host: localhost
Receiver port: 9002
Request ID: -1
Error Occurred: false
Message Contents: 
7-0:24/1:22/2:25/3:24/99:21/4:24/6:19/7:27/
Jan 09, 2022 8:30:39 PM edu.yu.cs.com3800.UDPMessageSender run
FINE: Message sent:
Message Type: GOSSIP
Sender Host: localhost
Sender port: 8081
Receiver Host: localhost
Receiver port: 9002
Request ID: -1
Error Occurred: false
Message Contents: 
7-0:24/1:22/2:25/3:24/99:21/4:24/6:19/7:28/
Jan 09, 2022 8:30:42 PM edu.yu.cs.com3800.UDPMessageSender run
FINE: Message sent:
Message Type: GOSSIP
Sender Host: localhost
Sender port: 8081
Receiver Host: localhost
Receiver port: 8071
Request ID: -1
Error Occurred: false
Message Contents: 
7-0:24/1:22/2:25/3:24/99:21/4:24/6:19/7:29/
Jan 09, 2022 8:30:45 PM edu.yu.cs.com3800.UDPMessageSender run
FINE: Message sent:
Message Type: GOSSIP
Sender Host: localhost
Sender port: 8081
Receiver Host: localhost
Receiver port: 9002
Request ID: -1
Error Occurred: false
Message Contents: 
7-0:31/1:30/2:27/3:32/99:30/4:29/6:27/7:33/
Jan 09, 2022 8:30:48 PM edu.yu.cs.com3800.UDPMessageSender run
FINE: Message sent:
Message Type: GOSSIP
Sender Host: localhost
Sender port: 8081
Receiver Host: localhost
Receiver port: 9002
Request ID: -1
Error Occurred: false
Message Contents: 
7-0:31/1:30/2:27/3:32/99:30/4:29/6:27/7:34/
Jan 09, 2022 8:30:51 PM edu.yu.cs.com3800.UDPMessageSender run
FINE: Message sent:
Message Type: GOSSIP
Sender Host: localhost
Sender port: 8081
Receiver Host: localhost
Receiver port: 8041
Request ID: -1
Error Occurred: false
Message Contents: 
7-0:31/1:36/2:27/3:32/99:35/4:32/6:30/7:37/
Jan 09, 2022 8:30:54 PM edu.yu.cs.com3800.UDPMessageSender run
FINE: Message sent:
Message Type: GOSSIP
Sender Host: localhost
Sender port: 8081
Receiver Host: localhost
Receiver port: 8041
Request ID: -1
Error Occurred: false
Message Contents: 
7-0:31/1:36/2:27/3:32/99:35/4:32/6:30/7:38/
Jan 09, 2022 8:30:57 PM edu.yu.cs.com3800.UDPMessageSender run
FINE: Message sent:
Message Type: GOSSIP
Sender Host: localhost
Sender port: 8081
Receiver Host: localhost
Receiver port: 8051
Request ID: -1
Error Occurred: false
Message Contents: 
7-0:36/1:38/2:35/3:36/99:37/4:39/6:31/7:40/
Jan 09, 2022 8:31:00 PM edu.yu.cs.com3800.UDPMessageSender run
FINE: Message sent:
Message Type: GOSSIP
Sender Host: localhost
Sender port: 8081
Receiver Host: localhost
Receiver port: 8061
Request ID: -1
Error Occurred: false
Message Contents: 
7-0:37/1:39/2:40/3:41/99:38/4:41/6:36/7:42/
Jan 09, 2022 8:31:03 PM edu.yu.cs.com3800.UDPMessageSender run
FINE: Message sent:
Message Type: GOSSIP
Sender Host: localhost
Sender port: 8081
Receiver Host: localhost
Receiver port: 8041
Request ID: -1
Error Occurred: false
Message Contents: 
7-0:38/1:40/2:41/3:41/99:38/4:41/6:36/7:43/
Jan 09, 2022 9:00:35 PM edu.yu.cs.com3800.UDPMessageSender run
FINE: Message sent:
Message Type: ELECTION
Sender Host: localhost
Sender port: 8081
Receiver Host: localhost
Receiver port: 8011
Request ID: -1
Error Occurred: false
Message Contents: 
	Leader voted for: 7
	Sender server state: O
	Sender server ID: 7
	Sender peer epoch: 0
Jan 09, 2022 9:00:35 PM edu.yu.cs.com3800.UDPMessageSender run
FINE: Message sent:
Message Type: ELECTION
Sender Host: localhost
Sender port: 8081
Receiver Host: localhost
Receiver port: 8021
Request ID: -1
Error Occurred: false
Message Contents: 
	Leader voted for: 7
	Sender server state: O
	Sender server ID: 7
	Sender peer epoch: 0
Jan 09, 2022 9:00:35 PM edu.yu.cs.com3800.UDPMessageSender run
FINE: Message sent:
Message Type: ELECTION
Sender Host: localhost
Sender port: 8081
Receiver Host: localhost
Receiver port: 8031
Request ID: -1
Error Occurred: false
Message Contents: 
	Leader voted for: 7
	Sender server state: O
	Sender server ID: 7
	Sender peer epoch: 0
Jan 09, 2022 9:00:35 PM edu.yu.cs.com3800.UDPMessageSender run
FINE: Message sent:
Message Type: ELECTION
Sender Host: localhost
Sender port: 8081
Receiver Host: localhost
Receiver port: 8041
Request ID: -1
Error Occurred: false
Message Contents: 
	Leader voted for: 7
	Sender server state: O
	Sender server ID: 7
	Sender peer epoch: 0
Jan 09, 2022 9:00:35 PM edu.yu.cs.com3800.UDPMessageSender run
FINE: Message sent:
Message Type: ELECTION
Sender Host: localhost
Sender port: 8081
Receiver Host: localhost
Receiver port: 9002
Request ID: -1
Error Occurred: false
Message Contents: 
	Leader voted for: 7
	Sender server state: O
	Sender server ID: 7
	Sender peer epoch: 0
Jan 09, 2022 9:00:35 PM edu.yu.cs.com3800.UDPMessageSender run
FINE: Message sent:
Message Type: ELECTION
Sender Host: localhost
Sender port: 8081
Receiver Host: localhost
Receiver port: 8051
Request ID: -1
Error Occurred: false
Message Contents: 
	Leader voted for: 7
	Sender server state: O
	Sender server ID: 7
	Sender peer epoch: 0
Jan 09, 2022 9:00:35 PM edu.yu.cs.com3800.UDPMessageSender run
FINE: Message sent:
Message Type: ELECTION
Sender Host: localhost
Sender port: 8081
Receiver Host: localhost
Receiver port: 8061
Request ID: -1
Error Occurred: false
Message Contents: 
	Leader voted for: 7
	Sender server state: O
	Sender server ID: 7
	Sender peer epoch: 0
Jan 09, 2022 9:00:35 PM edu.yu.cs.com3800.UDPMessageSender run
FINE: Message sent:
Message Type: ELECTION
Sender Host: localhost
Sender port: 8081
Receiver Host: localhost
Receiver port: 8071
Request ID: -1
Error Occurred: false
Message Contents: 
	Leader voted for: 7
	Sender server state: O
	Sender server ID: 7
	Sender peer epoch: 0
Jan 09, 2022 9:00:35 PM edu.yu.cs.com3800.UDPMessageSender run
FINE: Message sent:
Message Type: ELECTION
Sender Host: localhost
Sender port: 8081
Receiver Host: localhost
Receiver port: 8011
Request ID: -1
Error Occurred: false
Message Contents: 
	Leader voted for: 7
	Sender server state: O
	Sender server ID: 7
	Sender peer epoch: 0
Jan 09, 2022 9:00:35 PM edu.yu.cs.com3800.UDPMessageSender run
FINE: Message sent:
Message Type: ELECTION
Sender Host: localhost
Sender port: 8081
Receiver Host: localhost
Receiver port: 8021
Request ID: -1
Error Occurred: false
Message Contents: 
	Leader voted for: 7
	Sender server state: O
	Sender server ID: 7
	Sender peer epoch: 0
Jan 09, 2022 9:00:35 PM edu.yu.cs.com3800.UDPMessageSender run
FINE: Message sent:
Message Type: ELECTION
Sender Host: localhost
Sender port: 8081
Receiver Host: localhost
Receiver port: 8031
Request ID: -1
Error Occurred: false
Message Contents: 
	Leader voted for: 7
	Sender server state: O
	Sender server ID: 7
	Sender peer epoch: 0
Jan 09, 2022 9:00:35 PM edu.yu.cs.com3800.UDPMessageSender run
FINE: Message sent:
Message Type: ELECTION
Sender Host: localhost
Sender port: 8081
Receiver Host: localhost
Receiver port: 8041
Request ID: -1
Error Occurred: false
Message Contents: 
	Leader voted for: 7
	Sender server state: O
	Sender server ID: 7
	Sender peer epoch: 0
Jan 09, 2022 9:00:35 PM edu.yu.cs.com3800.UDPMessageSender run
FINE: Message sent:
Message Type: ELECTION
Sender Host: localhost
Sender port: 8081
Receiver Host: localhost
Receiver port: 9002
Request ID: -1
Error Occurred: false
Message Contents: 
	Leader voted for: 7
	Sender server state: O
	Sender server ID: 7
	Sender peer epoch: 0
Jan 09, 2022 9:00:35 PM edu.yu.cs.com3800.UDPMessageSender run
FINE: Message sent:
Message Type: ELECTION
Sender Host: localhost
Sender port: 8081
Receiver Host: localhost
Receiver port: 8051
Request ID: -1
Error Occurred: false
Message Contents: 
	Leader voted for: 7
	Sender server state: O
	Sender server ID: 7
	Sender peer epoch: 0
Jan 09, 2022 9:00:35 PM edu.yu.cs.com3800.UDPMessageSender run
FINE: Message sent:
Message Type: ELECTION
Sender Host: localhost
Sender port: 8081
Receiver Host: localhost
Receiver port: 8061
Request ID: -1
Error Occurred: false
Message Contents: 
	Leader voted for: 7
	Sender server state: O
	Sender server ID: 7
	Sender peer epoch: 0
Jan 09, 2022 9:00:35 PM edu.yu.cs.com3800.UDPMessageSender run
FINE: Message sent:
Message Type: ELECTION
Sender Host: localhost
Sender port: 8081
Receiver Host: localhost
Receiver port: 8071
Request ID: -1
Error Occurred: false
Message Contents: 
	Leader voted for: 7
	Sender server state: O
	Sender server ID: 7
	Sender peer epoch: 0
Jan 09, 2022 9:00:35 PM edu.yu.cs.com3800.UDPMessageSender run
FINE: Message sent:
Message Type: GOSSIP
Sender Host: localhost
Sender port: 8081
Receiver Host: localhost
Receiver port: 8031
Request ID: -1
Error Occurred: false
Message Contents: 
7-0:0/1:0/2:0/3:0/99:0/4:0/5:0/6:0/7:1/
Jan 09, 2022 9:00:39 PM edu.yu.cs.com3800.UDPMessageSender run
FINE: Message sent:
Message Type: GOSSIP
Sender Host: localhost
Sender port: 8081
Receiver Host: localhost
Receiver port: 8071
Request ID: -1
Error Occurred: false
Message Contents: 
7-0:0/1:1/2:0/3:2/99:0/4:0/5:0/6:0/7:3/
Jan 09, 2022 9:00:42 PM edu.yu.cs.com3800.UDPMessageSender run
FINE: Message sent:
Message Type: GOSSIP
Sender Host: localhost
Sender port: 8081
Receiver Host: localhost
Receiver port: 8061
Request ID: -1
Error Occurred: false
Message Contents: 
7-0:3/1:2/2:0/3:2/99:0/4:1/5:0/6:1/7:4/
Jan 09, 2022 9:00:45 PM edu.yu.cs.com3800.UDPMessageSender run
FINE: Message sent:
Message Type: GOSSIP
Sender Host: localhost
Sender port: 8081
Receiver Host: localhost
Receiver port: 8021
Request ID: -1
Error Occurred: false
Message Contents: 
7-0:3/1:2/2:4/3:2/99:0/4:3/5:1/6:1/7:5/
Jan 09, 2022 9:00:48 PM edu.yu.cs.com3800.UDPMessageSender run
FINE: Message sent:
Message Type: GOSSIP
Sender Host: localhost
Sender port: 8081
Receiver Host: localhost
Receiver port: 8011
Request ID: -1
Error Occurred: false
Message Contents: 
7-0:3/1:2/2:4/3:2/99:0/4:3/5:1/6:1/7:6/
Jan 09, 2022 9:00:51 PM edu.yu.cs.com3800.UDPMessageSender run
FINE: Message sent:
Message Type: GOSSIP
Sender Host: localhost
Sender port: 8081
Receiver Host: localhost
Receiver port: 9002
Request ID: -1
Error Occurred: false
Message Contents: 
7-0:4/1:5/2:6/3:2/99:3/4:3/5:1/6:1/7:7/
Jan 09, 2022 9:00:54 PM edu.yu.cs.com3800.UDPMessageSender run
FINE: Message sent:
Message Type: GOSSIP
Sender Host: localhost
Sender port: 8081
Receiver Host: localhost
Receiver port: 8041
Request ID: -1
Error Occurred: false
Message Contents: 
7-0:4/1:5/2:6/3:8/99:5/4:5/5:1/6:6/7:9/
Jan 09, 2022 9:00:57 PM edu.yu.cs.com3800.UDPMessageSender run
FINE: Message sent:
Message Type: GOSSIP
Sender Host: localhost
Sender port: 8081
Receiver Host: localhost
Receiver port: 8041
Request ID: -1
Error Occurred: false
Message Contents: 
7-0:8/1:5/2:9/3:8/99:5/4:5/5:1/6:6/7:10/
Jan 09, 2022 9:01:00 PM edu.yu.cs.com3800.UDPMessageSender run
FINE: Message sent:
Message Type: GOSSIP
Sender Host: localhost
Sender port: 8081
Receiver Host: localhost
Receiver port: 8021
Request ID: -1
Error Occurred: false
Message Contents: 
7-0:8/1:6/2:10/3:8/99:9/4:11/5:1/6:10/7:12/
Jan 09, 2022 9:01:03 PM edu.yu.cs.com3800.UDPMessageSender run
FINE: Message sent:
Message Type: GOSSIP
Sender Host: localhost
Sender port: 8081
Receiver Host: localhost
Receiver port: 8011
Request ID: -1
Error Occurred: false
Message Contents: 
7-0:8/1:6/2:10/3:8/99:9/4:11/5:1/6:10/7:13/
Jan 09, 2022 9:01:06 PM edu.yu.cs.com3800.UDPMessageSender run
FINE: Message sent:
Message Type: GOSSIP
Sender Host: localhost
Sender port: 8081
Receiver Host: localhost
Receiver port: 8061
Request ID: -1
Error Occurred: false
Message Contents: 
7-0:12/1:10/2:13/3:8/99:9/4:14/5:1/6:10/7:15/
Jan 09, 2022 9:01:09 PM edu.yu.cs.com3800.UDPMessageSender run
FINE: Message sent:
Message Type: GOSSIP
Sender Host: localhost
Sender port: 8081
Receiver Host: localhost
Receiver port: 8051
Request ID: -1
Error Occurred: false
Message Contents: 
7-0:12/1:10/2:15/3:11/99:14/4:14/5:1/6:10/7:16/
Jan 09, 2022 9:01:12 PM edu.yu.cs.com3800.UDPMessageSender run
FINE: Message sent:
Message Type: GOSSIP
Sender Host: localhost
Sender port: 8081
Receiver Host: localhost
Receiver port: 8061
Request ID: -1
Error Occurred: false
Message Contents: 
7-0:14/1:18/2:16/3:16/99:17/4:15/5:1/6:17/7:19/
Jan 09, 2022 9:01:15 PM edu.yu.cs.com3800.UDPMessageSender run
FINE: Message sent:
Message Type: GOSSIP
Sender Host: localhost
Sender port: 8081
Receiver Host: localhost
Receiver port: 8061
Request ID: -1
Error Occurred: false
Message Contents: 
7-0:14/1:18/2:16/3:16/99:17/4:15/6:17/7:20/
Jan 09, 2022 9:01:18 PM edu.yu.cs.com3800.UDPMessageSender run
FINE: Message sent:
Message Type: GOSSIP
Sender Host: localhost
Sender port: 8081
Receiver Host: localhost
Receiver port: 8021
Request ID: -1
Error Occurred: false
Message Contents: 
7-0:14/1:18/2:18/3:16/99:19/4:15/6:17/7:21/
Jan 09, 2022 9:01:21 PM edu.yu.cs.com3800.UDPMessageSender run
FINE: Message sent:
Message Type: GOSSIP
Sender Host: localhost
Sender port: 8081
Receiver Host: localhost
Receiver port: 8051
Request ID: -1
Error Occurred: false
Message Contents: 
7-0:14/1:18/2:20/3:16/99:19/4:15/6:19/7:22/
Jan 09, 2022 9:01:24 PM edu.yu.cs.com3800.UDPMessageSender run
FINE: Message sent:
Message Type: GOSSIP
Sender Host: localhost
Sender port: 8081
Receiver Host: localhost
Receiver port: 9002
Request ID: -1
Error Occurred: false
Message Contents: 
7-0:14/1:18/2:20/3:16/99:19/4:15/6:19/7:23/
Jan 09, 2022 9:01:27 PM edu.yu.cs.com3800.UDPMessageSender run
FINE: Message sent:
Message Type: GOSSIP
Sender Host: localhost
Sender port: 8081
Receiver Host: localhost
Receiver port: 9002
Request ID: -1
Error Occurred: false
Message Contents: 
7-0:14/1:18/2:20/3:16/99:19/4:15/6:19/7:24/
Jan 09, 2022 9:01:30 PM edu.yu.cs.com3800.UDPMessageSender run
FINE: Message sent:
Message Type: GOSSIP
Sender Host: localhost
Sender port: 8081
Receiver Host: localhost
Receiver port: 8061
Request ID: -1
Error Occurred: false
Message Contents: 
7-0:27/1:23/2:23/3:23/99:22/4:24/6:26/7:28/
Jan 09, 2022 9:01:33 PM edu.yu.cs.com3800.UDPMessageSender run
FINE: Message sent:
Message Type: GOSSIP
Sender Host: localhost
Sender port: 8081
Receiver Host: localhost
Receiver port: 8021
Request ID: -1
Error Occurred: false
Message Contents: 
7-0:27/1:26/2:23/3:23/99:22/4:24/6:26/7:29/
Jan 09, 2022 9:01:36 PM edu.yu.cs.com3800.UDPMessageSender run
FINE: Message sent:
Message Type: GOSSIP
Sender Host: localhost
Sender port: 8081
Receiver Host: localhost
Receiver port: 8071
Request ID: -1
Error Occurred: false
Message Contents: 
7-0:27/1:26/2:23/3:23/99:22/4:24/6:26/7:30/
Jan 09, 2022 9:01:39 PM edu.yu.cs.com3800.UDPMessageSender run
FINE: Message sent:
Message Type: GOSSIP
Sender Host: localhost
Sender port: 8081
Receiver Host: localhost
Receiver port: 8011
Request ID: -1
Error Occurred: false
Message Contents: 
7-0:27/1:31/2:23/3:23/99:22/4:24/6:26/7:32/
Jan 09, 2022 9:01:42 PM edu.yu.cs.com3800.UDPMessageSender run
FINE: Message sent:
Message Type: GOSSIP
Sender Host: localhost
Sender port: 8081
Receiver Host: localhost
Receiver port: 9002
Request ID: -1
Error Occurred: false
Message Contents: 
7-0:31/1:32/2:31/3:32/99:33/4:30/6:32/7:34/
